[1.486s] DEBUG:colcon:Command line arguments: ['/usr/bin/colcon', 'build']
[1.486s] DEBUG:colcon:Parsed command line arguments: Namespace(allow_overriding=[], ament_cmake_args=None, base_paths=['.'], build_base='build', catkin_cmake_args=None, catkin_skip_building_tests=False, cmake_args=None, cmake_clean_cache=False, cmake_clean_first=False, cmake_force_configure=False, cmake_target=None, cmake_target_skip_unavailable=False, continue_on_error=False, event_handlers=None, executor='parallel', ignore_user_meta=False, install_base='install', log_base=None, log_level=None, main=<bound method BuildVerb.main of <colcon_core.verb.build.BuildVerb object at 0x7fd17a623a30>>, merge_install=False, metas=['./colcon.meta'], packages_above=None, packages_above_and_dependencies=None, packages_above_depth=None, packages_end=None, packages_ignore=None, packages_ignore_regex=None, packages_select=None, packages_select_build_failed=False, packages_select_by_dep=None, packages_select_regex=None, packages_select_test_failures=False, packages_skip=None, packages_skip_build_finished=False, packages_skip_by_dep=None, packages_skip_regex=None, packages_skip_test_passed=False, packages_skip_up_to=None, packages_start=None, packages_up_to=None, packages_up_to_regex=None, parallel_workers=16, paths=None, symlink_install=False, test_result_base=None, verb_extension=<colcon_core.verb.build.BuildVerb object at 0x7fd17a623a30>, verb_name='build', verb_parser=<colcon_defaults.argument_parser.defaults.DefaultArgumentsDecorator object at 0x7fd17a57d3a0>)
[1.549s] Level 1:colcon.colcon_core.package_discovery:discover_packages(colcon_meta) check parameters
[1.549s] Level 1:colcon.colcon_core.package_discovery:discover_packages(recursive) check parameters
[1.549s] Level 1:colcon.colcon_core.package_discovery:discover_packages(ignore) check parameters
[1.549s] Level 1:colcon.colcon_core.package_discovery:discover_packages(path) check parameters
[1.549s] Level 1:colcon.colcon_core.package_discovery:discover_packages(colcon_meta) discover
[1.549s] Level 1:colcon.colcon_core.package_discovery:discover_packages(recursive) discover
[1.549s] INFO:colcon.colcon_core.package_discovery:Crawling recursively for packages in '/home/user/ros2_ws2'
[1.549s] Level 1:colcon.colcon_core.package_identification:_identify(.) by extensions ['ignore', 'ignore_ament_install']
[1.549s] Level 1:colcon.colcon_core.package_identification:_identify(.) by extension 'ignore'
[1.550s] Level 1:colcon.colcon_core.package_identification:_identify(.) by extension 'ignore_ament_install'
[1.550s] Level 1:colcon.colcon_core.package_identification:_identify(.) by extensions ['colcon_pkg']
[1.550s] Level 1:colcon.colcon_core.package_identification:_identify(.) by extension 'colcon_pkg'
[1.550s] Level 1:colcon.colcon_core.package_identification:_identify(.) by extensions ['colcon_meta']
[1.550s] Level 1:colcon.colcon_core.package_identification:_identify(.) by extension 'colcon_meta'
[1.550s] Level 1:colcon.colcon_core.package_identification:_identify(.) by extensions ['ros']
[1.550s] Level 1:colcon.colcon_core.package_identification:_identify(.) by extension 'ros'
[1.558s] Level 1:colcon.colcon_core.package_identification:_identify(.) by extensions ['cmake', 'python']
[1.558s] Level 1:colcon.colcon_core.package_identification:_identify(.) by extension 'cmake'
[1.558s] Level 1:colcon.colcon_core.package_identification:_identify(.) by extension 'python'
[1.558s] Level 1:colcon.colcon_core.package_identification:_identify(.) by extensions ['python_setup_py']
[1.558s] Level 1:colcon.colcon_core.package_identification:_identify(.) by extension 'python_setup_py'
[1.558s] Level 1:colcon.colcon_core.package_identification:_identify(build) by extensions ['ignore', 'ignore_ament_install']
[1.558s] Level 1:colcon.colcon_core.package_identification:_identify(build) by extension 'ignore'
[1.558s] Level 1:colcon.colcon_core.package_identification:_identify(build) ignored
[1.558s] Level 1:colcon.colcon_core.package_identification:_identify(install) by extensions ['ignore', 'ignore_ament_install']
[1.558s] Level 1:colcon.colcon_core.package_identification:_identify(install) by extension 'ignore'
[1.558s] Level 1:colcon.colcon_core.package_identification:_identify(install) ignored
[1.558s] Level 1:colcon.colcon_core.package_identification:_identify(log) by extensions ['ignore', 'ignore_ament_install']
[1.558s] Level 1:colcon.colcon_core.package_identification:_identify(log) by extension 'ignore'
[1.558s] Level 1:colcon.colcon_core.package_identification:_identify(log) ignored
[1.558s] Level 1:colcon.colcon_core.package_identification:_identify(src) by extensions ['ignore', 'ignore_ament_install']
[1.558s] Level 1:colcon.colcon_core.package_identification:_identify(src) by extension 'ignore'
[1.559s] Level 1:colcon.colcon_core.package_identification:_identify(src) by extension 'ignore_ament_install'
[1.559s] Level 1:colcon.colcon_core.package_identification:_identify(src) by extensions ['colcon_pkg']
[1.559s] Level 1:colcon.colcon_core.package_identification:_identify(src) by extension 'colcon_pkg'
[1.559s] Level 1:colcon.colcon_core.package_identification:_identify(src) by extensions ['colcon_meta']
[1.559s] Level 1:colcon.colcon_core.package_identification:_identify(src) by extension 'colcon_meta'
[1.559s] Level 1:colcon.colcon_core.package_identification:_identify(src) by extensions ['ros']
[1.559s] Level 1:colcon.colcon_core.package_identification:_identify(src) by extension 'ros'
[1.559s] Level 1:colcon.colcon_core.package_identification:_identify(src) by extensions ['cmake', 'python']
[1.559s] Level 1:colcon.colcon_core.package_identification:_identify(src) by extension 'cmake'
[1.559s] Level 1:colcon.colcon_core.package_identification:_identify(src) by extension 'python'
[1.559s] Level 1:colcon.colcon_core.package_identification:_identify(src) by extensions ['python_setup_py']
[1.559s] Level 1:colcon.colcon_core.package_identification:_identify(src) by extension 'python_setup_py'
[1.559s] Level 1:colcon.colcon_core.package_identification:_identify(src/aliriza) by extensions ['ignore', 'ignore_ament_install']
[1.559s] Level 1:colcon.colcon_core.package_identification:_identify(src/aliriza) by extension 'ignore'
[1.559s] Level 1:colcon.colcon_core.package_identification:_identify(src/aliriza) by extension 'ignore_ament_install'
[1.559s] Level 1:colcon.colcon_core.package_identification:_identify(src/aliriza) by extensions ['colcon_pkg']
[1.559s] Level 1:colcon.colcon_core.package_identification:_identify(src/aliriza) by extension 'colcon_pkg'
[1.559s] Level 1:colcon.colcon_core.package_identification:_identify(src/aliriza) by extensions ['colcon_meta']
[1.559s] Level 1:colcon.colcon_core.package_identification:_identify(src/aliriza) by extension 'colcon_meta'
[1.559s] Level 1:colcon.colcon_core.package_identification:_identify(src/aliriza) by extensions ['ros']
[1.559s] Level 1:colcon.colcon_core.package_identification:_identify(src/aliriza) by extension 'ros'
[1.561s] DEBUG:colcon.colcon_core.package_identification:Package 'src/aliriza' with type 'ros.ament_python' and name 'aliriza'
[1.561s] Level 1:colcon.colcon_core.package_identification:_identify(src/tut_interface) by extensions ['ignore', 'ignore_ament_install']
[1.561s] Level 1:colcon.colcon_core.package_identification:_identify(src/tut_interface) by extension 'ignore'
[1.561s] Level 1:colcon.colcon_core.package_identification:_identify(src/tut_interface) by extension 'ignore_ament_install'
[1.561s] Level 1:colcon.colcon_core.package_identification:_identify(src/tut_interface) by extensions ['colcon_pkg']
[1.561s] Level 1:colcon.colcon_core.package_identification:_identify(src/tut_interface) by extension 'colcon_pkg'
[1.561s] Level 1:colcon.colcon_core.package_identification:_identify(src/tut_interface) by extensions ['colcon_meta']
[1.561s] Level 1:colcon.colcon_core.package_identification:_identify(src/tut_interface) by extension 'colcon_meta'
[1.561s] Level 1:colcon.colcon_core.package_identification:_identify(src/tut_interface) by extensions ['ros']
[1.561s] Level 1:colcon.colcon_core.package_identification:_identify(src/tut_interface) by extension 'ros'
[1.562s] DEBUG:colcon.colcon_core.package_identification:Package 'src/tut_interface' with type 'ros.ament_cmake' and name 'tut_interface'
[1.562s] Level 1:colcon.colcon_core.package_discovery:discover_packages(recursive) using defaults
[1.562s] Level 1:colcon.colcon_core.package_discovery:discover_packages(ignore) discover
[1.562s] Level 1:colcon.colcon_core.package_discovery:discover_packages(ignore) using defaults
[1.562s] Level 1:colcon.colcon_core.package_discovery:discover_packages(path) discover
[1.562s] Level 1:colcon.colcon_core.package_discovery:discover_packages(path) using defaults
[1.697s] Level 1:colcon.colcon_core.package_discovery:discover_packages(prefix_path) check parameters
[1.697s] Level 1:colcon.colcon_core.package_discovery:discover_packages(prefix_path) discover
[1.747s] DEBUG:colcon.colcon_installed_package_information.package_discovery:Found 2 installed packages in /home/user/ros2_ws2/install
[1.783s] DEBUG:colcon.colcon_installed_package_information.package_discovery:Found 263 installed packages in /opt/ros/foxy
[1.784s] Level 1:colcon.colcon_core.package_discovery:discover_packages(prefix_path) using defaults
[1.884s] Level 5:colcon.colcon_core.verb:set package 'tut_interface' build argument 'cmake_args' from command line to 'None'
[1.884s] Level 5:colcon.colcon_core.verb:set package 'tut_interface' build argument 'cmake_target' from command line to 'None'
[1.884s] Level 5:colcon.colcon_core.verb:set package 'tut_interface' build argument 'cmake_target_skip_unavailable' from command line to 'False'
[1.884s] Level 5:colcon.colcon_core.verb:set package 'tut_interface' build argument 'cmake_clean_cache' from command line to 'False'
[1.884s] Level 5:colcon.colcon_core.verb:set package 'tut_interface' build argument 'cmake_clean_first' from command line to 'False'
[1.884s] Level 5:colcon.colcon_core.verb:set package 'tut_interface' build argument 'cmake_force_configure' from command line to 'False'
[1.884s] Level 5:colcon.colcon_core.verb:set package 'tut_interface' build argument 'ament_cmake_args' from command line to 'None'
[1.884s] Level 5:colcon.colcon_core.verb:set package 'tut_interface' build argument 'catkin_cmake_args' from command line to 'None'
[1.884s] Level 5:colcon.colcon_core.verb:set package 'tut_interface' build argument 'catkin_skip_building_tests' from command line to 'False'
[1.885s] DEBUG:colcon.colcon_core.verb:Building package 'tut_interface' with the following arguments: {'ament_cmake_args': None, 'build_base': '/home/user/ros2_ws2/build/tut_interface', 'catkin_cmake_args': None, 'catkin_skip_building_tests': False, 'cmake_args': None, 'cmake_clean_cache': False, 'cmake_clean_first': False, 'cmake_force_configure': False, 'cmake_target': None, 'cmake_target_skip_unavailable': False, 'install_base': '/home/user/ros2_ws2/install/tut_interface', 'merge_install': False, 'path': '/home/user/ros2_ws2/src/tut_interface', 'symlink_install': False, 'test_result_base': None}
[1.908s] Level 5:colcon.colcon_core.verb:set package 'aliriza' build argument 'cmake_args' from command line to 'None'
[1.908s] Level 5:colcon.colcon_core.verb:set package 'aliriza' build argument 'cmake_target' from command line to 'None'
[1.908s] Level 5:colcon.colcon_core.verb:set package 'aliriza' build argument 'cmake_target_skip_unavailable' from command line to 'False'
[1.908s] Level 5:colcon.colcon_core.verb:set package 'aliriza' build argument 'cmake_clean_cache' from command line to 'False'
[1.908s] Level 5:colcon.colcon_core.verb:set package 'aliriza' build argument 'cmake_clean_first' from command line to 'False'
[1.908s] Level 5:colcon.colcon_core.verb:set package 'aliriza' build argument 'cmake_force_configure' from command line to 'False'
[1.908s] Level 5:colcon.colcon_core.verb:set package 'aliriza' build argument 'ament_cmake_args' from command line to 'None'
[1.908s] Level 5:colcon.colcon_core.verb:set package 'aliriza' build argument 'catkin_cmake_args' from command line to 'None'
[1.908s] Level 5:colcon.colcon_core.verb:set package 'aliriza' build argument 'catkin_skip_building_tests' from command line to 'False'
[1.908s] DEBUG:colcon.colcon_core.verb:Building package 'aliriza' with the following arguments: {'ament_cmake_args': None, 'build_base': '/home/user/ros2_ws2/build/aliriza', 'catkin_cmake_args': None, 'catkin_skip_building_tests': False, 'cmake_args': None, 'cmake_clean_cache': False, 'cmake_clean_first': False, 'cmake_force_configure': False, 'cmake_target': None, 'cmake_target_skip_unavailable': False, 'install_base': '/home/user/ros2_ws2/install/aliriza', 'merge_install': False, 'path': '/home/user/ros2_ws2/src/aliriza', 'symlink_install': False, 'test_result_base': None}
[1.932s] INFO:colcon.colcon_core.executor:Executing jobs using 'parallel' executor
[1.956s] DEBUG:colcon.colcon_parallel_executor.executor.parallel:run_until_complete
[1.956s] INFO:colcon.colcon_ros.task.ament_cmake.build:Building ROS package in '/home/user/ros2_ws2/src/tut_interface' with build type 'ament_cmake'
[1.957s] INFO:colcon.colcon_cmake.task.cmake.build:Building CMake package in '/home/user/ros2_ws2/src/tut_interface'
[1.982s] INFO:colcon.colcon_core.plugin_system:Skipping extension 'colcon_core.shell.bat': Not used on non-Windows systems
[1.983s] INFO:colcon.colcon_core.shell:Skip shell extension 'powershell' for command environment: Not usable outside of PowerShell
[1.983s] DEBUG:colcon.colcon_core.shell:Skip shell extension 'dsv' for command environment
[2.073s] DEBUG:colcon.colcon_core.event_handler.log_command:Invoking command in '/home/user/ros2_ws2/build/tut_interface': CMAKE_PREFIX_PATH=${CMAKE_PREFIX_PATH}:/home/user/ros2_ws2/install/aliriza:/opt/ros/foxy /usr/bin/cmake --build /home/user/ros2_ws2/build/tut_interface -- -j16 -l16
[3.370s] DEBUG:colcon.colcon_core.event_handler.log_command:Invoked command in '/home/user/ros2_ws2/build/tut_interface' returned '0': CMAKE_PREFIX_PATH=${CMAKE_PREFIX_PATH}:/home/user/ros2_ws2/install/aliriza:/opt/ros/foxy /usr/bin/cmake --build /home/user/ros2_ws2/build/tut_interface -- -j16 -l16
[3.452s] DEBUG:colcon.colcon_core.event_handler.log_command:Invoking command in '/home/user/ros2_ws2/build/tut_interface': CMAKE_PREFIX_PATH=${CMAKE_PREFIX_PATH}:/home/user/ros2_ws2/install/aliriza:/opt/ros/foxy /usr/bin/cmake --install /home/user/ros2_ws2/build/tut_interface
[3.518s] Level 1:colcon.colcon_core.environment:create_environment_scripts_only(tut_interface)
[3.519s] DEBUG:colcon.colcon_core.event_handler.log_command:Invoked command in '/home/user/ros2_ws2/build/tut_interface' returned '0': CMAKE_PREFIX_PATH=${CMAKE_PREFIX_PATH}:/home/user/ros2_ws2/install/aliriza:/opt/ros/foxy /usr/bin/cmake --install /home/user/ros2_ws2/build/tut_interface
[3.551s] Level 1:colcon.colcon_core.environment:checking '/home/user/ros2_ws2/install/tut_interface' for CMake module files
[3.551s] Level 1:colcon.colcon_core.environment:checking '/home/user/ros2_ws2/install/tut_interface' for CMake config files
[3.552s] Level 1:colcon.colcon_core.shell:create_environment_hook('tut_interface', 'cmake_prefix_path')
[3.577s] INFO:colcon.colcon_core.shell:Creating environment hook '/home/user/ros2_ws2/install/tut_interface/share/tut_interface/hook/cmake_prefix_path.ps1'
[3.577s] INFO:colcon.colcon_core.shell:Creating environment descriptor '/home/user/ros2_ws2/install/tut_interface/share/tut_interface/hook/cmake_prefix_path.dsv'
[3.577s] INFO:colcon.colcon_core.shell:Creating environment hook '/home/user/ros2_ws2/install/tut_interface/share/tut_interface/hook/cmake_prefix_path.sh'
[3.578s] Level 1:colcon.colcon_core.environment:checking '/home/user/ros2_ws2/install/tut_interface/lib'
[3.578s] Level 1:colcon.colcon_core.shell:create_environment_hook('tut_interface', 'ld_library_path_lib')
[3.615s] INFO:colcon.colcon_core.shell:Creating environment hook '/home/user/ros2_ws2/install/tut_interface/share/tut_interface/hook/ld_library_path_lib.ps1'
[3.616s] INFO:colcon.colcon_core.shell:Creating environment descriptor '/home/user/ros2_ws2/install/tut_interface/share/tut_interface/hook/ld_library_path_lib.dsv'
[3.616s] INFO:colcon.colcon_core.shell:Creating environment hook '/home/user/ros2_ws2/install/tut_interface/share/tut_interface/hook/ld_library_path_lib.sh'
[3.616s] Level 1:colcon.colcon_core.environment:checking '/home/user/ros2_ws2/install/tut_interface/bin'
[3.616s] Level 1:colcon.colcon_core.environment:checking '/home/user/ros2_ws2/install/tut_interface/lib/pkgconfig/tut_interface.pc'
[3.616s] Level 1:colcon.colcon_core.environment:checking '/home/user/ros2_ws2/install/tut_interface/lib/python3.8/site-packages'
[3.616s] Level 1:colcon.colcon_core.shell:create_environment_hook('tut_interface', 'pythonpath')
[3.641s] INFO:colcon.colcon_core.shell:Creating environment hook '/home/user/ros2_ws2/install/tut_interface/share/tut_interface/hook/pythonpath.ps1'
[3.641s] INFO:colcon.colcon_core.shell:Creating environment descriptor '/home/user/ros2_ws2/install/tut_interface/share/tut_interface/hook/pythonpath.dsv'
[3.641s] INFO:colcon.colcon_core.shell:Creating environment hook '/home/user/ros2_ws2/install/tut_interface/share/tut_interface/hook/pythonpath.sh'
[3.642s] Level 1:colcon.colcon_core.environment:checking '/home/user/ros2_ws2/install/tut_interface/bin'
[3.667s] INFO:colcon.colcon_core.shell:Creating package script '/home/user/ros2_ws2/install/tut_interface/share/tut_interface/package.ps1'
[3.668s] INFO:colcon.colcon_core.shell:Creating package descriptor '/home/user/ros2_ws2/install/tut_interface/share/tut_interface/package.dsv'
[3.668s] INFO:colcon.colcon_core.shell:Creating package script '/home/user/ros2_ws2/install/tut_interface/share/tut_interface/package.sh'
[3.668s] INFO:colcon.colcon_core.shell:Creating package script '/home/user/ros2_ws2/install/tut_interface/share/tut_interface/package.bash'
[3.669s] INFO:colcon.colcon_core.shell:Creating package script '/home/user/ros2_ws2/install/tut_interface/share/tut_interface/package.zsh'
[3.669s] Level 1:colcon.colcon_core.environment:create_file_with_runtime_dependencies(/home/user/ros2_ws2/install/tut_interface/share/colcon-core/packages/tut_interface)
[3.764s] Level 1:colcon.colcon_core.environment:create_environment_scripts_only(tut_interface)
[3.788s] Level 1:colcon.colcon_core.environment:checking '/home/user/ros2_ws2/install/tut_interface' for CMake module files
[3.789s] Level 1:colcon.colcon_core.environment:checking '/home/user/ros2_ws2/install/tut_interface' for CMake config files
[3.789s] Level 1:colcon.colcon_core.shell:create_environment_hook('tut_interface', 'cmake_prefix_path')
[3.814s] INFO:colcon.colcon_core.shell:Creating environment hook '/home/user/ros2_ws2/install/tut_interface/share/tut_interface/hook/cmake_prefix_path.ps1'
[3.814s] INFO:colcon.colcon_core.shell:Creating environment descriptor '/home/user/ros2_ws2/install/tut_interface/share/tut_interface/hook/cmake_prefix_path.dsv'
[3.815s] INFO:colcon.colcon_core.shell:Creating environment hook '/home/user/ros2_ws2/install/tut_interface/share/tut_interface/hook/cmake_prefix_path.sh'
[3.815s] Level 1:colcon.colcon_core.environment:checking '/home/user/ros2_ws2/install/tut_interface/lib'
[3.815s] Level 1:colcon.colcon_core.shell:create_environment_hook('tut_interface', 'ld_library_path_lib')
[3.840s] INFO:colcon.colcon_core.shell:Creating environment hook '/home/user/ros2_ws2/install/tut_interface/share/tut_interface/hook/ld_library_path_lib.ps1'
[3.840s] INFO:colcon.colcon_core.shell:Creating environment descriptor '/home/user/ros2_ws2/install/tut_interface/share/tut_interface/hook/ld_library_path_lib.dsv'
[3.840s] INFO:colcon.colcon_core.shell:Creating environment hook '/home/user/ros2_ws2/install/tut_interface/share/tut_interface/hook/ld_library_path_lib.sh'
[3.840s] Level 1:colcon.colcon_core.environment:checking '/home/user/ros2_ws2/install/tut_interface/bin'
[3.841s] Level 1:colcon.colcon_core.environment:checking '/home/user/ros2_ws2/install/tut_interface/lib/pkgconfig/tut_interface.pc'
[3.841s] Level 1:colcon.colcon_core.environment:checking '/home/user/ros2_ws2/install/tut_interface/lib/python3.8/site-packages'
[3.841s] Level 1:colcon.colcon_core.shell:create_environment_hook('tut_interface', 'pythonpath')
[3.866s] INFO:colcon.colcon_core.shell:Creating environment hook '/home/user/ros2_ws2/install/tut_interface/share/tut_interface/hook/pythonpath.ps1'
[3.866s] INFO:colcon.colcon_core.shell:Creating environment descriptor '/home/user/ros2_ws2/install/tut_interface/share/tut_interface/hook/pythonpath.dsv'
[3.866s] INFO:colcon.colcon_core.shell:Creating environment hook '/home/user/ros2_ws2/install/tut_interface/share/tut_interface/hook/pythonpath.sh'
[3.866s] Level 1:colcon.colcon_core.environment:checking '/home/user/ros2_ws2/install/tut_interface/bin'
[3.891s] INFO:colcon.colcon_core.shell:Creating package script '/home/user/ros2_ws2/install/tut_interface/share/tut_interface/package.ps1'
[3.892s] INFO:colcon.colcon_core.shell:Creating package descriptor '/home/user/ros2_ws2/install/tut_interface/share/tut_interface/package.dsv'
[3.892s] INFO:colcon.colcon_core.shell:Creating package script '/home/user/ros2_ws2/install/tut_interface/share/tut_interface/package.sh'
[3.892s] INFO:colcon.colcon_core.shell:Creating package script '/home/user/ros2_ws2/install/tut_interface/share/tut_interface/package.bash'
[3.893s] INFO:colcon.colcon_core.shell:Creating package script '/home/user/ros2_ws2/install/tut_interface/share/tut_interface/package.zsh'
[3.893s] Level 1:colcon.colcon_core.environment:create_file_with_runtime_dependencies(/home/user/ros2_ws2/install/tut_interface/share/colcon-core/packages/tut_interface)
[3.893s] INFO:colcon.colcon_ros.task.ament_python.build:Building ROS package in '/home/user/ros2_ws2/src/aliriza' with build type 'ament_python'
[3.893s] Level 1:colcon.colcon_core.shell:create_environment_hook('aliriza', 'ament_prefix_path')
[3.918s] INFO:colcon.colcon_core.shell:Creating environment hook '/home/user/ros2_ws2/install/aliriza/share/aliriza/hook/ament_prefix_path.ps1'
[3.919s] INFO:colcon.colcon_core.shell:Creating environment descriptor '/home/user/ros2_ws2/install/aliriza/share/aliriza/hook/ament_prefix_path.dsv'
[3.919s] INFO:colcon.colcon_core.shell:Creating environment hook '/home/user/ros2_ws2/install/aliriza/share/aliriza/hook/ament_prefix_path.sh'
[3.948s] INFO:colcon.colcon_core.shell:Skip shell extension 'powershell' for command environment: Not usable outside of PowerShell
[3.948s] DEBUG:colcon.colcon_core.shell:Skip shell extension 'dsv' for command environment
[4.199s] INFO:colcon.colcon_core.task.python.build:Building Python package in '/home/user/ros2_ws2/src/aliriza'
[4.234s] INFO:colcon.colcon_core.shell:Skip shell extension 'powershell' for command environment: Not usable outside of PowerShell
[4.234s] DEBUG:colcon.colcon_core.shell:Skip shell extension 'dsv' for command environment
[4.631s] DEBUG:colcon.colcon_core.event_handler.log_command:Invoking command in '/home/user/ros2_ws2/src/aliriza': PYTHONPATH=/home/user/ros2_ws2/build/aliriza/prefix_override:/home/user/ros2_ws2/install/aliriza/lib/python3.8/site-packages:${PYTHONPATH} /usr/bin/python3 setup.py egg_info --egg-base ../../build/aliriza build --build-base /home/user/ros2_ws2/build/aliriza/build install --record /home/user/ros2_ws2/build/aliriza/install.log --install-scripts $base/lib/aliriza --single-version-externally-managed
[4.850s] DEBUG:colcon.colcon_core.event_handler.log_command:Invoked command in '/home/user/ros2_ws2/src/aliriza' returned '0': PYTHONPATH=/home/user/ros2_ws2/build/aliriza/prefix_override:/home/user/ros2_ws2/install/aliriza/lib/python3.8/site-packages:${PYTHONPATH} /usr/bin/python3 setup.py egg_info --egg-base ../../build/aliriza build --build-base /home/user/ros2_ws2/build/aliriza/build install --record /home/user/ros2_ws2/build/aliriza/install.log --install-scripts $base/lib/aliriza --single-version-externally-managed
[4.875s] Level 1:colcon.colcon_core.environment:checking '/home/user/ros2_ws2/install/aliriza' for CMake module files
[4.875s] Level 1:colcon.colcon_core.environment:checking '/home/user/ros2_ws2/install/aliriza' for CMake config files
[4.875s] Level 1:colcon.colcon_core.environment:checking '/home/user/ros2_ws2/install/aliriza/lib'
[4.875s] Level 1:colcon.colcon_core.environment:checking '/home/user/ros2_ws2/install/aliriza/bin'
[4.876s] Level 1:colcon.colcon_core.environment:checking '/home/user/ros2_ws2/install/aliriza/lib/pkgconfig/aliriza.pc'
[4.876s] Level 1:colcon.colcon_core.environment:checking '/home/user/ros2_ws2/install/aliriza/lib/python3.8/site-packages'
[4.876s] Level 1:colcon.colcon_core.shell:create_environment_hook('aliriza', 'pythonpath')
[4.900s] INFO:colcon.colcon_core.shell:Creating environment hook '/home/user/ros2_ws2/install/aliriza/share/aliriza/hook/pythonpath.ps1'
[4.901s] INFO:colcon.colcon_core.shell:Creating environment descriptor '/home/user/ros2_ws2/install/aliriza/share/aliriza/hook/pythonpath.dsv'
[4.901s] INFO:colcon.colcon_core.shell:Creating environment hook '/home/user/ros2_ws2/install/aliriza/share/aliriza/hook/pythonpath.sh'
[4.901s] Level 1:colcon.colcon_core.environment:checking '/home/user/ros2_ws2/install/aliriza/bin'
[4.901s] Level 1:colcon.colcon_core.environment:create_environment_scripts_only(aliriza)
[4.926s] INFO:colcon.colcon_core.shell:Creating package script '/home/user/ros2_ws2/install/aliriza/share/aliriza/package.ps1'
[4.927s] INFO:colcon.colcon_core.shell:Creating package descriptor '/home/user/ros2_ws2/install/aliriza/share/aliriza/package.dsv'
[4.927s] INFO:colcon.colcon_core.shell:Creating package script '/home/user/ros2_ws2/install/aliriza/share/aliriza/package.sh'
[4.927s] INFO:colcon.colcon_core.shell:Creating package script '/home/user/ros2_ws2/install/aliriza/share/aliriza/package.bash'
[4.927s] INFO:colcon.colcon_core.shell:Creating package script '/home/user/ros2_ws2/install/aliriza/share/aliriza/package.zsh'
[4.927s] Level 1:colcon.colcon_core.environment:create_file_with_runtime_dependencies(/home/user/ros2_ws2/install/aliriza/share/colcon-core/packages/aliriza)
[4.928s] DEBUG:colcon.colcon_parallel_executor.executor.parallel:closing loop
[4.928s] DEBUG:colcon.colcon_parallel_executor.executor.parallel:loop closed
[4.928s] DEBUG:colcon.colcon_parallel_executor.executor.parallel:run_until_complete finished with '0'
[4.928s] DEBUG:colcon.colcon_core.event_reactor:joining thread
[4.965s] INFO:colcon.colcon_core.plugin_system:Skipping extension 'colcon_notification.desktop_notification.terminal_notifier': Not used on non-Darwin systems
[4.965s] INFO:colcon.colcon_core.plugin_system:Skipping extension 'colcon_notification.desktop_notification.win32': Not used on non-Windows systems
[4.965s] INFO:colcon.colcon_notification.desktop_notification:Sending desktop notification using 'notify2'
[4.989s] DEBUG:colcon.colcon_core.event_reactor:joined thread
[5.021s] INFO:colcon.colcon_core.shell:Creating prefix script '/home/user/ros2_ws2/install/local_setup.ps1'
[5.022s] INFO:colcon.colcon_core.shell:Creating prefix util module '/home/user/ros2_ws2/install/_local_setup_util_ps1.py'
[5.022s] INFO:colcon.colcon_core.shell:Creating prefix chain script '/home/user/ros2_ws2/install/setup.ps1'
[5.048s] INFO:colcon.colcon_core.shell:Creating prefix script '/home/user/ros2_ws2/install/local_setup.sh'
[5.048s] INFO:colcon.colcon_core.shell:Creating prefix util module '/home/user/ros2_ws2/install/_local_setup_util_sh.py'
[5.048s] INFO:colcon.colcon_core.shell:Creating prefix chain script '/home/user/ros2_ws2/install/setup.sh'
[5.074s] INFO:colcon.colcon_core.shell:Creating prefix script '/home/user/ros2_ws2/install/local_setup.bash'
[5.074s] INFO:colcon.colcon_core.shell:Creating prefix chain script '/home/user/ros2_ws2/install/setup.bash'
[5.099s] INFO:colcon.colcon_core.shell:Creating prefix script '/home/user/ros2_ws2/install/local_setup.zsh'
[5.100s] INFO:colcon.colcon_core.shell:Creating prefix chain script '/home/user/ros2_ws2/install/setup.zsh'
