[1.569s] DEBUG:colcon:Command line arguments: ['/usr/bin/colcon', 'build', '--packages-select', 'python_parametre']
[1.569s] DEBUG:colcon:Parsed command line arguments: Namespace(allow_overriding=[], ament_cmake_args=None, base_paths=['.'], build_base='build', catkin_cmake_args=None, catkin_skip_building_tests=False, cmake_args=None, cmake_clean_cache=False, cmake_clean_first=False, cmake_force_configure=False, cmake_target=None, cmake_target_skip_unavailable=False, continue_on_error=False, event_handlers=None, executor='parallel', ignore_user_meta=False, install_base='install', log_base=None, log_level=None, main=<bound method BuildVerb.main of <colcon_core.verb.build.BuildVerb object at 0x7fa85841ca30>>, merge_install=False, metas=['./colcon.meta'], packages_above=None, packages_above_and_dependencies=None, packages_above_depth=None, packages_end=None, packages_ignore=None, packages_ignore_regex=None, packages_select=['python_parametre'], packages_select_build_failed=False, packages_select_by_dep=None, packages_select_regex=None, packages_select_test_failures=False, packages_skip=None, packages_skip_build_finished=False, packages_skip_by_dep=None, packages_skip_regex=None, packages_skip_test_passed=False, packages_skip_up_to=None, packages_start=None, packages_up_to=None, packages_up_to_regex=None, parallel_workers=16, paths=None, symlink_install=False, test_result_base=None, verb_extension=<colcon_core.verb.build.BuildVerb object at 0x7fa85841ca30>, verb_name='build', verb_parser=<colcon_defaults.argument_parser.defaults.DefaultArgumentsDecorator object at 0x7fa857fc01c0>)
[1.632s] Level 1:colcon.colcon_core.package_discovery:discover_packages(colcon_meta) check parameters
[1.632s] Level 1:colcon.colcon_core.package_discovery:discover_packages(recursive) check parameters
[1.632s] Level 1:colcon.colcon_core.package_discovery:discover_packages(ignore) check parameters
[1.632s] Level 1:colcon.colcon_core.package_discovery:discover_packages(path) check parameters
[1.632s] Level 1:colcon.colcon_core.package_discovery:discover_packages(colcon_meta) discover
[1.632s] Level 1:colcon.colcon_core.package_discovery:discover_packages(recursive) discover
[1.632s] INFO:colcon.colcon_core.package_discovery:Crawling recursively for packages in '/home/user/ros2_ws2'
[1.632s] Level 1:colcon.colcon_core.package_identification:_identify(.) by extensions ['ignore', 'ignore_ament_install']
[1.632s] Level 1:colcon.colcon_core.package_identification:_identify(.) by extension 'ignore'
[1.632s] Level 1:colcon.colcon_core.package_identification:_identify(.) by extension 'ignore_ament_install'
[1.632s] Level 1:colcon.colcon_core.package_identification:_identify(.) by extensions ['colcon_pkg']
[1.632s] Level 1:colcon.colcon_core.package_identification:_identify(.) by extension 'colcon_pkg'
[1.633s] Level 1:colcon.colcon_core.package_identification:_identify(.) by extensions ['colcon_meta']
[1.633s] Level 1:colcon.colcon_core.package_identification:_identify(.) by extension 'colcon_meta'
[1.633s] Level 1:colcon.colcon_core.package_identification:_identify(.) by extensions ['ros']
[1.633s] Level 1:colcon.colcon_core.package_identification:_identify(.) by extension 'ros'
[1.641s] Level 1:colcon.colcon_core.package_identification:_identify(.) by extensions ['cmake', 'python']
[1.641s] Level 1:colcon.colcon_core.package_identification:_identify(.) by extension 'cmake'
[1.641s] Level 1:colcon.colcon_core.package_identification:_identify(.) by extension 'python'
[1.641s] Level 1:colcon.colcon_core.package_identification:_identify(.) by extensions ['python_setup_py']
[1.641s] Level 1:colcon.colcon_core.package_identification:_identify(.) by extension 'python_setup_py'
[1.641s] Level 1:colcon.colcon_core.package_identification:_identify(build) by extensions ['ignore', 'ignore_ament_install']
[1.641s] Level 1:colcon.colcon_core.package_identification:_identify(build) by extension 'ignore'
[1.641s] Level 1:colcon.colcon_core.package_identification:_identify(build) ignored
[1.641s] Level 1:colcon.colcon_core.package_identification:_identify(install) by extensions ['ignore', 'ignore_ament_install']
[1.641s] Level 1:colcon.colcon_core.package_identification:_identify(install) by extension 'ignore'
[1.641s] Level 1:colcon.colcon_core.package_identification:_identify(install) ignored
[1.641s] Level 1:colcon.colcon_core.package_identification:_identify(log) by extensions ['ignore', 'ignore_ament_install']
[1.641s] Level 1:colcon.colcon_core.package_identification:_identify(log) by extension 'ignore'
[1.641s] Level 1:colcon.colcon_core.package_identification:_identify(log) ignored
[1.641s] Level 1:colcon.colcon_core.package_identification:_identify(src) by extensions ['ignore', 'ignore_ament_install']
[1.641s] Level 1:colcon.colcon_core.package_identification:_identify(src) by extension 'ignore'
[1.641s] Level 1:colcon.colcon_core.package_identification:_identify(src) by extension 'ignore_ament_install'
[1.642s] Level 1:colcon.colcon_core.package_identification:_identify(src) by extensions ['colcon_pkg']
[1.642s] Level 1:colcon.colcon_core.package_identification:_identify(src) by extension 'colcon_pkg'
[1.642s] Level 1:colcon.colcon_core.package_identification:_identify(src) by extensions ['colcon_meta']
[1.642s] Level 1:colcon.colcon_core.package_identification:_identify(src) by extension 'colcon_meta'
[1.642s] Level 1:colcon.colcon_core.package_identification:_identify(src) by extensions ['ros']
[1.642s] Level 1:colcon.colcon_core.package_identification:_identify(src) by extension 'ros'
[1.642s] Level 1:colcon.colcon_core.package_identification:_identify(src) by extensions ['cmake', 'python']
[1.642s] Level 1:colcon.colcon_core.package_identification:_identify(src) by extension 'cmake'
[1.642s] Level 1:colcon.colcon_core.package_identification:_identify(src) by extension 'python'
[1.642s] Level 1:colcon.colcon_core.package_identification:_identify(src) by extensions ['python_setup_py']
[1.642s] Level 1:colcon.colcon_core.package_identification:_identify(src) by extension 'python_setup_py'
[1.642s] Level 1:colcon.colcon_core.package_identification:_identify(src/aliriza) by extensions ['ignore', 'ignore_ament_install']
[1.642s] Level 1:colcon.colcon_core.package_identification:_identify(src/aliriza) by extension 'ignore'
[1.642s] Level 1:colcon.colcon_core.package_identification:_identify(src/aliriza) by extension 'ignore_ament_install'
[1.642s] Level 1:colcon.colcon_core.package_identification:_identify(src/aliriza) by extensions ['colcon_pkg']
[1.642s] Level 1:colcon.colcon_core.package_identification:_identify(src/aliriza) by extension 'colcon_pkg'
[1.642s] Level 1:colcon.colcon_core.package_identification:_identify(src/aliriza) by extensions ['colcon_meta']
[1.642s] Level 1:colcon.colcon_core.package_identification:_identify(src/aliriza) by extension 'colcon_meta'
[1.642s] Level 1:colcon.colcon_core.package_identification:_identify(src/aliriza) by extensions ['ros']
[1.642s] Level 1:colcon.colcon_core.package_identification:_identify(src/aliriza) by extension 'ros'
[1.644s] DEBUG:colcon.colcon_core.package_identification:Package 'src/aliriza' with type 'ros.ament_python' and name 'aliriza'
[1.644s] Level 1:colcon.colcon_core.package_identification:_identify(src/python_parametre) by extensions ['ignore', 'ignore_ament_install']
[1.644s] Level 1:colcon.colcon_core.package_identification:_identify(src/python_parametre) by extension 'ignore'
[1.644s] Level 1:colcon.colcon_core.package_identification:_identify(src/python_parametre) by extension 'ignore_ament_install'
[1.644s] Level 1:colcon.colcon_core.package_identification:_identify(src/python_parametre) by extensions ['colcon_pkg']
[1.644s] Level 1:colcon.colcon_core.package_identification:_identify(src/python_parametre) by extension 'colcon_pkg'
[1.644s] Level 1:colcon.colcon_core.package_identification:_identify(src/python_parametre) by extensions ['colcon_meta']
[1.644s] Level 1:colcon.colcon_core.package_identification:_identify(src/python_parametre) by extension 'colcon_meta'
[1.644s] Level 1:colcon.colcon_core.package_identification:_identify(src/python_parametre) by extensions ['ros']
[1.644s] Level 1:colcon.colcon_core.package_identification:_identify(src/python_parametre) by extension 'ros'
[1.645s] DEBUG:colcon.colcon_core.package_identification:Package 'src/python_parametre' with type 'ros.ament_python' and name 'python_parametre'
[1.645s] Level 1:colcon.colcon_core.package_identification:_identify(src/ser_cli) by extensions ['ignore', 'ignore_ament_install']
[1.645s] Level 1:colcon.colcon_core.package_identification:_identify(src/ser_cli) by extension 'ignore'
[1.645s] Level 1:colcon.colcon_core.package_identification:_identify(src/ser_cli) by extension 'ignore_ament_install'
[1.645s] Level 1:colcon.colcon_core.package_identification:_identify(src/ser_cli) by extensions ['colcon_pkg']
[1.645s] Level 1:colcon.colcon_core.package_identification:_identify(src/ser_cli) by extension 'colcon_pkg'
[1.645s] Level 1:colcon.colcon_core.package_identification:_identify(src/ser_cli) by extensions ['colcon_meta']
[1.645s] Level 1:colcon.colcon_core.package_identification:_identify(src/ser_cli) by extension 'colcon_meta'
[1.645s] Level 1:colcon.colcon_core.package_identification:_identify(src/ser_cli) by extensions ['ros']
[1.645s] Level 1:colcon.colcon_core.package_identification:_identify(src/ser_cli) by extension 'ros'
[1.645s] DEBUG:colcon.colcon_core.package_identification:Package 'src/ser_cli' with type 'ros.ament_python' and name 'ser_cli'
[1.645s] Level 1:colcon.colcon_core.package_identification:_identify(src/tut_interface) by extensions ['ignore', 'ignore_ament_install']
[1.646s] Level 1:colcon.colcon_core.package_identification:_identify(src/tut_interface) by extension 'ignore'
[1.646s] Level 1:colcon.colcon_core.package_identification:_identify(src/tut_interface) by extension 'ignore_ament_install'
[1.646s] Level 1:colcon.colcon_core.package_identification:_identify(src/tut_interface) by extensions ['colcon_pkg']
[1.646s] Level 1:colcon.colcon_core.package_identification:_identify(src/tut_interface) by extension 'colcon_pkg'
[1.646s] Level 1:colcon.colcon_core.package_identification:_identify(src/tut_interface) by extensions ['colcon_meta']
[1.646s] Level 1:colcon.colcon_core.package_identification:_identify(src/tut_interface) by extension 'colcon_meta'
[1.646s] Level 1:colcon.colcon_core.package_identification:_identify(src/tut_interface) by extensions ['ros']
[1.646s] Level 1:colcon.colcon_core.package_identification:_identify(src/tut_interface) by extension 'ros'
[1.646s] DEBUG:colcon.colcon_core.package_identification:Package 'src/tut_interface' with type 'ros.ament_cmake' and name 'tut_interface'
[1.646s] Level 1:colcon.colcon_core.package_discovery:discover_packages(recursive) using defaults
[1.646s] Level 1:colcon.colcon_core.package_discovery:discover_packages(ignore) discover
[1.646s] Level 1:colcon.colcon_core.package_discovery:discover_packages(ignore) using defaults
[1.646s] Level 1:colcon.colcon_core.package_discovery:discover_packages(path) discover
[1.646s] Level 1:colcon.colcon_core.package_discovery:discover_packages(path) using defaults
[1.732s] INFO:colcon.colcon_core.package_selection:Skipping not selected package 'tut_interface' in 'src/tut_interface'
[1.732s] INFO:colcon.colcon_core.package_selection:Skipping not selected package 'aliriza' in 'src/aliriza'
[1.732s] INFO:colcon.colcon_core.package_selection:Skipping not selected package 'ser_cli' in 'src/ser_cli'
[1.780s] Level 1:colcon.colcon_core.package_discovery:discover_packages(prefix_path) check parameters
[1.780s] Level 1:colcon.colcon_core.package_discovery:discover_packages(prefix_path) discover
[1.830s] DEBUG:colcon.colcon_installed_package_information.package_discovery:Found 4 installed packages in /home/user/ros2_ws2/install
[1.855s] DEBUG:colcon.colcon_installed_package_information.package_discovery:Found 263 installed packages in /opt/ros/foxy
[1.856s] Level 1:colcon.colcon_core.package_discovery:discover_packages(prefix_path) using defaults
[1.970s] Level 5:colcon.colcon_core.verb:set package 'python_parametre' build argument 'cmake_args' from command line to 'None'
[1.970s] Level 5:colcon.colcon_core.verb:set package 'python_parametre' build argument 'cmake_target' from command line to 'None'
[1.970s] Level 5:colcon.colcon_core.verb:set package 'python_parametre' build argument 'cmake_target_skip_unavailable' from command line to 'False'
[1.970s] Level 5:colcon.colcon_core.verb:set package 'python_parametre' build argument 'cmake_clean_cache' from command line to 'False'
[1.970s] Level 5:colcon.colcon_core.verb:set package 'python_parametre' build argument 'cmake_clean_first' from command line to 'False'
[1.970s] Level 5:colcon.colcon_core.verb:set package 'python_parametre' build argument 'cmake_force_configure' from command line to 'False'
[1.970s] Level 5:colcon.colcon_core.verb:set package 'python_parametre' build argument 'ament_cmake_args' from command line to 'None'
[1.970s] Level 5:colcon.colcon_core.verb:set package 'python_parametre' build argument 'catkin_cmake_args' from command line to 'None'
[1.970s] Level 5:colcon.colcon_core.verb:set package 'python_parametre' build argument 'catkin_skip_building_tests' from command line to 'False'
[1.970s] DEBUG:colcon.colcon_core.verb:Building package 'python_parametre' with the following arguments: {'ament_cmake_args': None, 'build_base': '/home/user/ros2_ws2/build/python_parametre', 'catkin_cmake_args': None, 'catkin_skip_building_tests': False, 'cmake_args': None, 'cmake_clean_cache': False, 'cmake_clean_first': False, 'cmake_force_configure': False, 'cmake_target': None, 'cmake_target_skip_unavailable': False, 'install_base': '/home/user/ros2_ws2/install/python_parametre', 'merge_install': False, 'path': '/home/user/ros2_ws2/src/python_parametre', 'symlink_install': False, 'test_result_base': None}
[1.995s] INFO:colcon.colcon_core.executor:Executing jobs using 'parallel' executor
[2.019s] DEBUG:colcon.colcon_parallel_executor.executor.parallel:run_until_complete
[2.020s] INFO:colcon.colcon_ros.task.ament_python.build:Building ROS package in '/home/user/ros2_ws2/src/python_parametre' with build type 'ament_python'
[2.020s] Level 1:colcon.colcon_core.shell:create_environment_hook('python_parametre', 'ament_prefix_path')
[2.046s] INFO:colcon.colcon_core.plugin_system:Skipping extension 'colcon_core.shell.bat': Not used on non-Windows systems
[2.046s] INFO:colcon.colcon_core.shell:Creating environment hook '/home/user/ros2_ws2/install/python_parametre/share/python_parametre/hook/ament_prefix_path.ps1'
[2.046s] INFO:colcon.colcon_core.shell:Creating environment descriptor '/home/user/ros2_ws2/install/python_parametre/share/python_parametre/hook/ament_prefix_path.dsv'
[2.047s] INFO:colcon.colcon_core.shell:Creating environment hook '/home/user/ros2_ws2/install/python_parametre/share/python_parametre/hook/ament_prefix_path.sh'
[2.075s] INFO:colcon.colcon_core.shell:Skip shell extension 'powershell' for command environment: Not usable outside of PowerShell
[2.075s] DEBUG:colcon.colcon_core.shell:Skip shell extension 'dsv' for command environment
[2.332s] INFO:colcon.colcon_core.task.python.build:Building Python package in '/home/user/ros2_ws2/src/python_parametre'
[2.364s] INFO:colcon.colcon_core.shell:Skip shell extension 'powershell' for command environment: Not usable outside of PowerShell
[2.364s] DEBUG:colcon.colcon_core.shell:Skip shell extension 'dsv' for command environment
[2.736s] DEBUG:colcon.colcon_core.event_handler.log_command:Invoking command in '/home/user/ros2_ws2/src/python_parametre': PYTHONPATH=/home/user/ros2_ws2/build/python_parametre/prefix_override:/home/user/ros2_ws2/install/python_parametre/lib/python3.8/site-packages:${PYTHONPATH} /usr/bin/python3 setup.py egg_info --egg-base ../../build/python_parametre build --build-base /home/user/ros2_ws2/build/python_parametre/build install --record /home/user/ros2_ws2/build/python_parametre/install.log --install-scripts $base/lib/python_parametre --single-version-externally-managed
[2.959s] DEBUG:colcon.colcon_core.event_handler.log_command:Invoked command in '/home/user/ros2_ws2/src/python_parametre' returned '0': PYTHONPATH=/home/user/ros2_ws2/build/python_parametre/prefix_override:/home/user/ros2_ws2/install/python_parametre/lib/python3.8/site-packages:${PYTHONPATH} /usr/bin/python3 setup.py egg_info --egg-base ../../build/python_parametre build --build-base /home/user/ros2_ws2/build/python_parametre/build install --record /home/user/ros2_ws2/build/python_parametre/install.log --install-scripts $base/lib/python_parametre --single-version-externally-managed
[2.986s] Level 1:colcon.colcon_core.environment:checking '/home/user/ros2_ws2/install/python_parametre' for CMake module files
[2.986s] Level 1:colcon.colcon_core.environment:checking '/home/user/ros2_ws2/install/python_parametre' for CMake config files
[2.986s] Level 1:colcon.colcon_core.environment:checking '/home/user/ros2_ws2/install/python_parametre/lib'
[2.986s] Level 1:colcon.colcon_core.environment:checking '/home/user/ros2_ws2/install/python_parametre/bin'
[2.987s] Level 1:colcon.colcon_core.environment:checking '/home/user/ros2_ws2/install/python_parametre/lib/pkgconfig/python_parametre.pc'
[2.987s] Level 1:colcon.colcon_core.environment:checking '/home/user/ros2_ws2/install/python_parametre/lib/python3.8/site-packages'
[2.987s] Level 1:colcon.colcon_core.shell:create_environment_hook('python_parametre', 'pythonpath')
[3.012s] INFO:colcon.colcon_core.shell:Creating environment hook '/home/user/ros2_ws2/install/python_parametre/share/python_parametre/hook/pythonpath.ps1'
[3.012s] INFO:colcon.colcon_core.shell:Creating environment descriptor '/home/user/ros2_ws2/install/python_parametre/share/python_parametre/hook/pythonpath.dsv'
[3.012s] INFO:colcon.colcon_core.shell:Creating environment hook '/home/user/ros2_ws2/install/python_parametre/share/python_parametre/hook/pythonpath.sh'
[3.013s] Level 1:colcon.colcon_core.environment:checking '/home/user/ros2_ws2/install/python_parametre/bin'
[3.013s] Level 1:colcon.colcon_core.environment:create_environment_scripts_only(python_parametre)
[3.038s] INFO:colcon.colcon_core.shell:Creating package script '/home/user/ros2_ws2/install/python_parametre/share/python_parametre/package.ps1'
[3.039s] INFO:colcon.colcon_core.shell:Creating package descriptor '/home/user/ros2_ws2/install/python_parametre/share/python_parametre/package.dsv'
[3.039s] INFO:colcon.colcon_core.shell:Creating package script '/home/user/ros2_ws2/install/python_parametre/share/python_parametre/package.sh'
[3.040s] INFO:colcon.colcon_core.shell:Creating package script '/home/user/ros2_ws2/install/python_parametre/share/python_parametre/package.bash'
[3.040s] INFO:colcon.colcon_core.shell:Creating package script '/home/user/ros2_ws2/install/python_parametre/share/python_parametre/package.zsh'
[3.041s] Level 1:colcon.colcon_core.environment:create_file_with_runtime_dependencies(/home/user/ros2_ws2/install/python_parametre/share/colcon-core/packages/python_parametre)
[3.041s] DEBUG:colcon.colcon_parallel_executor.executor.parallel:closing loop
[3.041s] DEBUG:colcon.colcon_parallel_executor.executor.parallel:loop closed
[3.041s] DEBUG:colcon.colcon_parallel_executor.executor.parallel:run_until_complete finished with '0'
[3.041s] DEBUG:colcon.colcon_core.event_reactor:joining thread
[3.076s] INFO:colcon.colcon_core.plugin_system:Skipping extension 'colcon_notification.desktop_notification.terminal_notifier': Not used on non-Darwin systems
[3.076s] INFO:colcon.colcon_core.plugin_system:Skipping extension 'colcon_notification.desktop_notification.win32': Not used on non-Windows systems
[3.076s] INFO:colcon.colcon_notification.desktop_notification:Sending desktop notification using 'notify2'
[3.098s] DEBUG:colcon.colcon_core.event_reactor:joined thread
[3.131s] INFO:colcon.colcon_core.shell:Creating prefix script '/home/user/ros2_ws2/install/local_setup.ps1'
[3.131s] INFO:colcon.colcon_core.shell:Creating prefix util module '/home/user/ros2_ws2/install/_local_setup_util_ps1.py'
[3.132s] INFO:colcon.colcon_core.shell:Creating prefix chain script '/home/user/ros2_ws2/install/setup.ps1'
[3.158s] INFO:colcon.colcon_core.shell:Creating prefix script '/home/user/ros2_ws2/install/local_setup.sh'
[3.158s] INFO:colcon.colcon_core.shell:Creating prefix util module '/home/user/ros2_ws2/install/_local_setup_util_sh.py'
[3.158s] INFO:colcon.colcon_core.shell:Creating prefix chain script '/home/user/ros2_ws2/install/setup.sh'
[3.184s] INFO:colcon.colcon_core.shell:Creating prefix script '/home/user/ros2_ws2/install/local_setup.bash'
[3.184s] INFO:colcon.colcon_core.shell:Creating prefix chain script '/home/user/ros2_ws2/install/setup.bash'
[3.209s] INFO:colcon.colcon_core.shell:Creating prefix script '/home/user/ros2_ws2/install/local_setup.zsh'
[3.209s] INFO:colcon.colcon_core.shell:Creating prefix chain script '/home/user/ros2_ws2/install/setup.zsh'
