[0.737s] Invoking command in '/home/user/ros2_ws2/src/aliriza': PYTHONPATH=/home/user/ros2_ws2/build/aliriza/prefix_override:/home/user/ros2_ws2/install/aliriza/lib/python3.8/site-packages:${PYTHONPATH} /usr/bin/python3 setup.py egg_info --egg-base ../../build/aliriza build --build-base /home/user/ros2_ws2/build/aliriza/build install --record /home/user/ros2_ws2/build/aliriza/install.log --install-scripts $base/lib/aliriza --single-version-externally-managed
[0.892s] running egg_info
[0.892s] writing ../../build/aliriza/aliriza.egg-info/PKG-INFO
[0.892s] writing dependency_links to ../../build/aliriza/aliriza.egg-info/dependency_links.txt
[0.892s] writing entry points to ../../build/aliriza/aliriza.egg-info/entry_points.txt
[0.892s] writing requirements to ../../build/aliriza/aliriza.egg-info/requires.txt
[0.892s] writing top-level names to ../../build/aliriza/aliriza.egg-info/top_level.txt
[0.917s] reading manifest file '../../build/aliriza/aliriza.egg-info/SOURCES.txt'
[0.917s] writing manifest file '../../build/aliriza/aliriza.egg-info/SOURCES.txt'
[0.917s] running build
[0.917s] running build_py
[0.918s] copying aliriza/publisher.py -> /home/user/ros2_ws2/build/aliriza/build/lib/aliriza
[0.918s] copying aliriza/subscriber.py -> /home/user/ros2_ws2/build/aliriza/build/lib/aliriza
[0.918s] running install
[0.918s] running install_lib
[0.919s] copying /home/user/ros2_ws2/build/aliriza/build/lib/aliriza/publisher.py -> /home/user/ros2_ws2/install/aliriza/lib/python3.8/site-packages/aliriza
[0.919s] copying /home/user/ros2_ws2/build/aliriza/build/lib/aliriza/subscriber.py -> /home/user/ros2_ws2/install/aliriza/lib/python3.8/site-packages/aliriza
[0.919s] byte-compiling /home/user/ros2_ws2/install/aliriza/lib/python3.8/site-packages/aliriza/publisher.py to publisher.cpython-38.pyc
[0.920s] byte-compiling /home/user/ros2_ws2/install/aliriza/lib/python3.8/site-packages/aliriza/subscriber.py to subscriber.cpython-38.pyc
[0.920s] running install_data
[0.921s] copying package.xml -> /home/user/ros2_ws2/install/aliriza/share/aliriza
[0.921s] running install_egg_info
[0.922s] removing '/home/user/ros2_ws2/install/aliriza/lib/python3.8/site-packages/aliriza-0.0.0-py3.8.egg-info' (and everything under it)
[0.922s] Copying ../../build/aliriza/aliriza.egg-info to /home/user/ros2_ws2/install/aliriza/lib/python3.8/site-packages/aliriza-0.0.0-py3.8.egg-info
[0.923s] running install_scripts
[0.935s] Installing listener script to /home/user/ros2_ws2/install/aliriza/lib/aliriza
[0.935s] Installing talker script to /home/user/ros2_ws2/install/aliriza/lib/aliriza
[0.935s] writing list of installed files to '/home/user/ros2_ws2/build/aliriza/install.log'
[0.956s] Invoked command in '/home/user/ros2_ws2/src/aliriza' returned '0': PYTHONPATH=/home/user/ros2_ws2/build/aliriza/prefix_override:/home/user/ros2_ws2/install/aliriza/lib/python3.8/site-packages:${PYTHONPATH} /usr/bin/python3 setup.py egg_info --egg-base ../../build/aliriza build --build-base /home/user/ros2_ws2/build/aliriza/build install --record /home/user/ros2_ws2/build/aliriza/install.log --install-scripts $base/lib/aliriza --single-version-externally-managed
