[0.787s] Invoking command in '/home/user/ros2_ws2/src/aliriza': AMENT_PREFIX_PATH=/home/user/ros2_ws2/install/tut_interface CMAKE_PREFIX_PATH=/home/user/ros2_ws2/install/tut_interface LD_LIBRARY_PATH=/home/user/ros2_ws2/install/tut_interface/lib PYTHONPATH=/home/user/ros2_ws2/build/aliriza/prefix_override:/home/user/ros2_ws2/install/aliriza/lib/python3.8/site-packages:/home/user/ros2_ws2/install/tut_interface/lib/python3.8/site-packages /usr/bin/python3 setup.py egg_info --egg-base ../../build/aliriza build --build-base /home/user/ros2_ws2/build/aliriza/build install --record /home/user/ros2_ws2/build/aliriza/install.log --install-scripts $base/lib/aliriza --single-version-externally-managed
[0.920s] running egg_info
[0.920s] writing ../../build/aliriza/aliriza.egg-info/PKG-INFO
[0.921s] writing dependency_links to ../../build/aliriza/aliriza.egg-info/dependency_links.txt
[0.921s] writing entry points to ../../build/aliriza/aliriza.egg-info/entry_points.txt
[0.921s] writing requirements to ../../build/aliriza/aliriza.egg-info/requires.txt
[0.921s] writing top-level names to ../../build/aliriza/aliriza.egg-info/top_level.txt
[0.946s] reading manifest file '../../build/aliriza/aliriza.egg-info/SOURCES.txt'
[0.946s] writing manifest file '../../build/aliriza/aliriza.egg-info/SOURCES.txt'
[0.946s] running build
[0.946s] running build_py
[0.947s] running install
[0.947s] running install_lib
[0.948s] running install_data
[0.948s] running install_egg_info
[0.949s] removing '/home/user/ros2_ws2/install/aliriza/lib/python3.8/site-packages/aliriza-0.0.0-py3.8.egg-info' (and everything under it)
[0.949s] Copying ../../build/aliriza/aliriza.egg-info to /home/user/ros2_ws2/install/aliriza/lib/python3.8/site-packages/aliriza-0.0.0-py3.8.egg-info
[0.950s] running install_scripts
[0.962s] Installing listener script to /home/user/ros2_ws2/install/aliriza/lib/aliriza
[0.962s] Installing talker script to /home/user/ros2_ws2/install/aliriza/lib/aliriza
[0.962s] writing list of installed files to '/home/user/ros2_ws2/build/aliriza/install.log'
[0.985s] Invoked command in '/home/user/ros2_ws2/src/aliriza' returned '0': AMENT_PREFIX_PATH=/home/user/ros2_ws2/install/tut_interface CMAKE_PREFIX_PATH=/home/user/ros2_ws2/install/tut_interface LD_LIBRARY_PATH=/home/user/ros2_ws2/install/tut_interface/lib PYTHONPATH=/home/user/ros2_ws2/build/aliriza/prefix_override:/home/user/ros2_ws2/install/aliriza/lib/python3.8/site-packages:/home/user/ros2_ws2/install/tut_interface/lib/python3.8/site-packages /usr/bin/python3 setup.py egg_info --egg-base ../../build/aliriza build --build-base /home/user/ros2_ws2/build/aliriza/build install --record /home/user/ros2_ws2/build/aliriza/install.log --install-scripts $base/lib/aliriza --single-version-externally-managed
