[0.115s] Invoking command in '/home/user/ros2_ws2/build/tut_interface': CMAKE_PREFIX_PATH=${CMAKE_PREFIX_PATH}:/home/user/ros2_ws2/install/aliriza:/opt/ros/foxy /usr/bin/cmake --build /home/user/ros2_ws2/build/tut_interface -- -j16 -l16
[0.150s] -- Found ament_cmake: 0.9.12 (/opt/ros/foxy/share/ament_cmake/cmake)
[0.172s] -- Found PythonInterp: /usr/bin/python3 (found suitable version "3.8.10", minimum required is "3") 
[0.173s] -- Using PYTHON_EXECUTABLE: /usr/bin/python3
[0.313s] -- Found geometry_msgs: 2.0.5 (/opt/ros/foxy/share/geometry_msgs/cmake)
[0.329s] -- Using all available rosidl_typesupport_c: rosidl_typesupport_fastrtps_c;rosidl_typesupport_introspection_c
[0.331s] -- Found rosidl_adapter: 1.3.1 (/opt/ros/foxy/share/rosidl_adapter/cmake)
[0.450s] -- Using all available rosidl_typesupport_cpp: rosidl_typesupport_fastrtps_cpp;rosidl_typesupport_introspection_cpp
[0.517s] -- Found rosidl_default_generators: 1.0.1 (/opt/ros/foxy/share/rosidl_default_generators/cmake)
[0.548s] -- Found PythonInterp: /usr/bin/python3 (found version "3.8.10") 
[0.703s] -- Found ament_cmake_ros: 0.9.2 (/opt/ros/foxy/share/ament_cmake_ros/cmake)
[0.919s] -- Using all available rosidl_typesupport_c: rosidl_typesupport_fastrtps_c;rosidl_typesupport_introspection_c
[1.009s] -- Using all available rosidl_typesupport_cpp: rosidl_typesupport_fastrtps_cpp;rosidl_typesupport_introspection_cpp
[1.034s] -- Found PythonInterp: /usr/bin/python3 (found suitable version "3.8.10", minimum required is "3.5") 
[1.034s] -- Found python_cmake_module: 0.8.1 (/opt/ros/foxy/share/python_cmake_module/cmake)
[1.063s] -- Using PYTHON_EXECUTABLE: /usr/bin/python3
[1.064s] -- Using PYTHON_INCLUDE_DIRS: /usr/include/python3.8
[1.064s] -- Using PYTHON_LIBRARIES: /usr/lib/x86_64-linux-gnu/libpython3.8.so
[1.112s] -- Found ament_lint_auto: 0.9.8 (/opt/ros/foxy/share/ament_lint_auto/cmake)
[1.127s] -- Added test 'copyright' to check source files copyright and LICENSE
[1.129s] -- Added test 'lint_cmake' to check CMake code style
[1.129s] -- Added test 'xmllint' to check XML markup files
[1.132s] -- Configuring done
[1.174s] -- Generating done
[1.176s] -- Build files have been written to: /home/user/ros2_ws2/build/tut_interface
[1.219s] [  2%] Built target tut_interface__cpp
[1.225s] [ 12%] Built target tut_interface__rosidl_generator_c
[1.245s] [ 23%] Built target tut_interface__rosidl_typesupport_introspection_cpp
[1.247s] [ 34%] Built target tut_interface__rosidl_typesupport_fastrtps_cpp
[1.247s] [ 44%] Built target tut_interface__rosidl_typesupport_cpp
[1.249s] [ 55%] Built target tut_interface__rosidl_typesupport_c
[1.255s] [ 65%] Built target tut_interface__rosidl_typesupport_introspection_c
[1.284s] [ 76%] Built target tut_interface__rosidl_typesupport_fastrtps_c
[1.313s] [ 76%] Built target tut_interface
[1.342s] [ 78%] Built target tut_interface__py
[1.363s] [ 87%] Built target tut_interface__python
[1.388s] [ 91%] Built target tut_interface__rosidl_typesupport_c__pyext
[1.392s] [ 95%] Built target tut_interface__rosidl_typesupport_fastrtps_c__pyext
[1.397s] [100%] Built target tut_interface__rosidl_typesupport_introspection_c__pyext
[1.413s] Invoked command in '/home/user/ros2_ws2/build/tut_interface' returned '0': CMAKE_PREFIX_PATH=${CMAKE_PREFIX_PATH}:/home/user/ros2_ws2/install/aliriza:/opt/ros/foxy /usr/bin/cmake --build /home/user/ros2_ws2/build/tut_interface -- -j16 -l16
[1.495s] Invoking command in '/home/user/ros2_ws2/build/tut_interface': CMAKE_PREFIX_PATH=${CMAKE_PREFIX_PATH}:/home/user/ros2_ws2/install/aliriza:/opt/ros/foxy /usr/bin/cmake --install /home/user/ros2_ws2/build/tut_interface
[1.510s] -- Install configuration: ""
[1.510s] -- Up-to-date: /home/user/ros2_ws2/install/tut_interface/share/ament_index/resource_index/rosidl_interfaces/tut_interface
[1.510s] -- Up-to-date: /home/user/ros2_ws2/install/tut_interface/include/tut_interface
[1.510s] -- Up-to-date: /home/user/ros2_ws2/install/tut_interface/include/tut_interface/srv
[1.510s] -- Up-to-date: /home/user/ros2_ws2/install/tut_interface/include/tut_interface/srv/detail
[1.511s] -- Up-to-date: /home/user/ros2_ws2/install/tut_interface/include/tut_interface/srv/detail/add_three_ints__functions.c
[1.511s] -- Up-to-date: /home/user/ros2_ws2/install/tut_interface/include/tut_interface/srv/detail/add_three_ints__struct.h
[1.511s] -- Up-to-date: /home/user/ros2_ws2/install/tut_interface/include/tut_interface/srv/detail/add_three_ints__functions.h
[1.511s] -- Up-to-date: /home/user/ros2_ws2/install/tut_interface/include/tut_interface/srv/detail/add_three_ints__type_support.h
[1.511s] -- Up-to-date: /home/user/ros2_ws2/install/tut_interface/include/tut_interface/srv/add_three_ints.h
[1.511s] -- Up-to-date: /home/user/ros2_ws2/install/tut_interface/include/tut_interface/msg
[1.511s] -- Up-to-date: /home/user/ros2_ws2/install/tut_interface/include/tut_interface/msg/detail
[1.512s] -- Up-to-date: /home/user/ros2_ws2/install/tut_interface/include/tut_interface/msg/detail/sphere__functions.h
[1.512s] -- Up-to-date: /home/user/ros2_ws2/install/tut_interface/include/tut_interface/msg/detail/sphere__struct.h
[1.512s] -- Up-to-date: /home/user/ros2_ws2/install/tut_interface/include/tut_interface/msg/detail/num__functions.c
[1.512s] -- Up-to-date: /home/user/ros2_ws2/install/tut_interface/include/tut_interface/msg/detail/num__struct.h
[1.512s] -- Up-to-date: /home/user/ros2_ws2/install/tut_interface/include/tut_interface/msg/detail/sphere__type_support.h
[1.512s] -- Up-to-date: /home/user/ros2_ws2/install/tut_interface/include/tut_interface/msg/detail/sphere__functions.c
[1.512s] -- Up-to-date: /home/user/ros2_ws2/install/tut_interface/include/tut_interface/msg/detail/num__functions.h
[1.512s] -- Up-to-date: /home/user/ros2_ws2/install/tut_interface/include/tut_interface/msg/detail/num__type_support.h
[1.513s] -- Up-to-date: /home/user/ros2_ws2/install/tut_interface/include/tut_interface/msg/num.h
[1.513s] -- Up-to-date: /home/user/ros2_ws2/install/tut_interface/include/tut_interface/msg/sphere.h
[1.513s] -- Up-to-date: /home/user/ros2_ws2/install/tut_interface/include/tut_interface/msg/rosidl_generator_c__visibility_control.h
[1.513s] -- Up-to-date: /home/user/ros2_ws2/install/tut_interface/share/tut_interface/environment/library_path.sh
[1.513s] -- Installing: /home/user/ros2_ws2/install/tut_interface/share/tut_interface/environment/library_path.dsv
[1.513s] -- Up-to-date: /home/user/ros2_ws2/install/tut_interface/lib/libtut_interface__rosidl_generator_c.so
[1.513s] -- Up-to-date: /home/user/ros2_ws2/install/tut_interface/include/tut_interface
[1.513s] -- Up-to-date: /home/user/ros2_ws2/install/tut_interface/include/tut_interface/srv
[1.514s] -- Up-to-date: /home/user/ros2_ws2/install/tut_interface/include/tut_interface/srv/detail
[1.514s] -- Up-to-date: /home/user/ros2_ws2/install/tut_interface/include/tut_interface/srv/detail/add_three_ints__rosidl_typesupport_fastrtps_c.h
[1.514s] -- Up-to-date: /home/user/ros2_ws2/install/tut_interface/include/tut_interface/msg
[1.514s] -- Up-to-date: /home/user/ros2_ws2/install/tut_interface/include/tut_interface/msg/detail
[1.514s] -- Up-to-date: /home/user/ros2_ws2/install/tut_interface/include/tut_interface/msg/detail/num__rosidl_typesupport_fastrtps_c.h
[1.514s] -- Up-to-date: /home/user/ros2_ws2/install/tut_interface/include/tut_interface/msg/detail/sphere__rosidl_typesupport_fastrtps_c.h
[1.514s] -- Up-to-date: /home/user/ros2_ws2/install/tut_interface/include/tut_interface/msg/rosidl_typesupport_fastrtps_c__visibility_control.h
[1.514s] -- Up-to-date: /home/user/ros2_ws2/install/tut_interface/lib/libtut_interface__rosidl_typesupport_fastrtps_c.so
[1.514s] -- Up-to-date: /home/user/ros2_ws2/install/tut_interface/include/tut_interface
[1.515s] -- Up-to-date: /home/user/ros2_ws2/install/tut_interface/include/tut_interface/srv
[1.515s] -- Up-to-date: /home/user/ros2_ws2/install/tut_interface/include/tut_interface/srv/detail
[1.515s] -- Up-to-date: /home/user/ros2_ws2/install/tut_interface/include/tut_interface/srv/detail/dds_fastrtps
[1.515s] -- Up-to-date: /home/user/ros2_ws2/install/tut_interface/include/tut_interface/srv/detail/add_three_ints__rosidl_typesupport_fastrtps_cpp.hpp
[1.515s] -- Up-to-date: /home/user/ros2_ws2/install/tut_interface/include/tut_interface/msg
[1.516s] -- Up-to-date: /home/user/ros2_ws2/install/tut_interface/include/tut_interface/msg/detail
[1.516s] -- Up-to-date: /home/user/ros2_ws2/install/tut_interface/include/tut_interface/msg/detail/num__rosidl_typesupport_fastrtps_cpp.hpp
[1.516s] -- Up-to-date: /home/user/ros2_ws2/install/tut_interface/include/tut_interface/msg/detail/dds_fastrtps
[1.516s] -- Up-to-date: /home/user/ros2_ws2/install/tut_interface/include/tut_interface/msg/detail/sphere__rosidl_typesupport_fastrtps_cpp.hpp
[1.516s] -- Up-to-date: /home/user/ros2_ws2/install/tut_interface/include/tut_interface/msg/rosidl_typesupport_fastrtps_cpp__visibility_control.h
[1.516s] -- Up-to-date: /home/user/ros2_ws2/install/tut_interface/lib/libtut_interface__rosidl_typesupport_fastrtps_cpp.so
[1.516s] -- Up-to-date: /home/user/ros2_ws2/install/tut_interface/include/tut_interface
[1.516s] -- Up-to-date: /home/user/ros2_ws2/install/tut_interface/include/tut_interface/srv
[1.516s] -- Up-to-date: /home/user/ros2_ws2/install/tut_interface/include/tut_interface/srv/detail
[1.517s] -- Up-to-date: /home/user/ros2_ws2/install/tut_interface/include/tut_interface/srv/detail/add_three_ints__type_support.c
[1.517s] -- Up-to-date: /home/user/ros2_ws2/install/tut_interface/include/tut_interface/srv/detail/add_three_ints__rosidl_typesupport_introspection_c.h
[1.517s] -- Up-to-date: /home/user/ros2_ws2/install/tut_interface/include/tut_interface/msg
[1.517s] -- Up-to-date: /home/user/ros2_ws2/install/tut_interface/include/tut_interface/msg/detail
[1.517s] -- Up-to-date: /home/user/ros2_ws2/install/tut_interface/include/tut_interface/msg/detail/sphere__type_support.c
[1.517s] -- Up-to-date: /home/user/ros2_ws2/install/tut_interface/include/tut_interface/msg/detail/sphere__rosidl_typesupport_introspection_c.h
[1.517s] -- Up-to-date: /home/user/ros2_ws2/install/tut_interface/include/tut_interface/msg/detail/num__type_support.c
[1.517s] -- Up-to-date: /home/user/ros2_ws2/install/tut_interface/include/tut_interface/msg/detail/num__rosidl_typesupport_introspection_c.h
[1.517s] -- Up-to-date: /home/user/ros2_ws2/install/tut_interface/include/tut_interface/msg/rosidl_typesupport_introspection_c__visibility_control.h
[1.518s] -- Up-to-date: /home/user/ros2_ws2/install/tut_interface/lib/libtut_interface__rosidl_typesupport_introspection_c.so
[1.518s] -- Up-to-date: /home/user/ros2_ws2/install/tut_interface/lib/libtut_interface__rosidl_typesupport_c.so
[1.518s] -- Up-to-date: /home/user/ros2_ws2/install/tut_interface/include/tut_interface
[1.518s] -- Up-to-date: /home/user/ros2_ws2/install/tut_interface/include/tut_interface/srv
[1.518s] -- Up-to-date: /home/user/ros2_ws2/install/tut_interface/include/tut_interface/srv/detail
[1.518s] -- Up-to-date: /home/user/ros2_ws2/install/tut_interface/include/tut_interface/srv/detail/add_three_ints__struct.hpp
[1.518s] -- Up-to-date: /home/user/ros2_ws2/install/tut_interface/include/tut_interface/srv/detail/add_three_ints__builder.hpp
[1.518s] -- Up-to-date: /home/user/ros2_ws2/install/tut_interface/include/tut_interface/srv/detail/add_three_ints__type_support.hpp
[1.518s] -- Up-to-date: /home/user/ros2_ws2/install/tut_interface/include/tut_interface/srv/detail/add_three_ints__traits.hpp
[1.519s] -- Up-to-date: /home/user/ros2_ws2/install/tut_interface/include/tut_interface/srv/add_three_ints.hpp
[1.519s] -- Up-to-date: /home/user/ros2_ws2/install/tut_interface/include/tut_interface/msg
[1.519s] -- Up-to-date: /home/user/ros2_ws2/install/tut_interface/include/tut_interface/msg/detail
[1.519s] -- Up-to-date: /home/user/ros2_ws2/install/tut_interface/include/tut_interface/msg/detail/sphere__traits.hpp
[1.519s] -- Up-to-date: /home/user/ros2_ws2/install/tut_interface/include/tut_interface/msg/detail/num__type_support.hpp
[1.519s] -- Up-to-date: /home/user/ros2_ws2/install/tut_interface/include/tut_interface/msg/detail/sphere__builder.hpp
[1.519s] -- Up-to-date: /home/user/ros2_ws2/install/tut_interface/include/tut_interface/msg/detail/sphere__type_support.hpp
[1.519s] -- Up-to-date: /home/user/ros2_ws2/install/tut_interface/include/tut_interface/msg/detail/num__traits.hpp
[1.519s] -- Up-to-date: /home/user/ros2_ws2/install/tut_interface/include/tut_interface/msg/detail/num__struct.hpp
[1.520s] -- Up-to-date: /home/user/ros2_ws2/install/tut_interface/include/tut_interface/msg/detail/sphere__struct.hpp
[1.520s] -- Up-to-date: /home/user/ros2_ws2/install/tut_interface/include/tut_interface/msg/detail/num__builder.hpp
[1.520s] -- Up-to-date: /home/user/ros2_ws2/install/tut_interface/include/tut_interface/msg/rosidl_generator_cpp__visibility_control.hpp
[1.520s] -- Up-to-date: /home/user/ros2_ws2/install/tut_interface/include/tut_interface/msg/num.hpp
[1.520s] -- Up-to-date: /home/user/ros2_ws2/install/tut_interface/include/tut_interface/msg/sphere.hpp
[1.520s] -- Up-to-date: /home/user/ros2_ws2/install/tut_interface/include/tut_interface
[1.520s] -- Up-to-date: /home/user/ros2_ws2/install/tut_interface/include/tut_interface/srv
[1.520s] -- Up-to-date: /home/user/ros2_ws2/install/tut_interface/include/tut_interface/srv/detail
[1.520s] -- Up-to-date: /home/user/ros2_ws2/install/tut_interface/include/tut_interface/srv/detail/add_three_ints__type_support.cpp
[1.520s] -- Up-to-date: /home/user/ros2_ws2/install/tut_interface/include/tut_interface/srv/detail/add_three_ints__rosidl_typesupport_introspection_cpp.hpp
[1.521s] -- Up-to-date: /home/user/ros2_ws2/install/tut_interface/include/tut_interface/msg
[1.521s] -- Up-to-date: /home/user/ros2_ws2/install/tut_interface/include/tut_interface/msg/detail
[1.521s] -- Up-to-date: /home/user/ros2_ws2/install/tut_interface/include/tut_interface/msg/detail/num__rosidl_typesupport_introspection_cpp.hpp
[1.521s] -- Up-to-date: /home/user/ros2_ws2/install/tut_interface/include/tut_interface/msg/detail/num__type_support.cpp
[1.521s] -- Up-to-date: /home/user/ros2_ws2/install/tut_interface/include/tut_interface/msg/detail/sphere__rosidl_typesupport_introspection_cpp.hpp
[1.521s] -- Up-to-date: /home/user/ros2_ws2/install/tut_interface/include/tut_interface/msg/detail/sphere__type_support.cpp
[1.521s] -- Up-to-date: /home/user/ros2_ws2/install/tut_interface/lib/libtut_interface__rosidl_typesupport_introspection_cpp.so
[1.521s] -- Up-to-date: /home/user/ros2_ws2/install/tut_interface/lib/libtut_interface__rosidl_typesupport_cpp.so
[1.521s] -- Up-to-date: /home/user/ros2_ws2/install/tut_interface/share/tut_interface/environment/pythonpath.sh
[1.522s] -- Installing: /home/user/ros2_ws2/install/tut_interface/share/tut_interface/environment/pythonpath.dsv
[1.522s] -- Installing: /home/user/ros2_ws2/install/tut_interface/lib/python3.8/site-packages/tut_interface/__init__.py
[1.545s] Compiling '/home/user/ros2_ws2/install/tut_interface/lib/python3.8/site-packages/tut_interface/__init__.py'...
[1.548s] -- Up-to-date: /home/user/ros2_ws2/install/tut_interface/lib/python3.8/site-packages/tut_interface/msg
[1.548s] -- Up-to-date: /home/user/ros2_ws2/install/tut_interface/lib/python3.8/site-packages/tut_interface/msg/_num_s.c
[1.548s] -- Up-to-date: /home/user/ros2_ws2/install/tut_interface/lib/python3.8/site-packages/tut_interface/msg/__init__.py
[1.549s] -- Up-to-date: /home/user/ros2_ws2/install/tut_interface/lib/python3.8/site-packages/tut_interface/msg/_num.py
[1.549s] -- Up-to-date: /home/user/ros2_ws2/install/tut_interface/lib/python3.8/site-packages/tut_interface/msg/_sphere_s.c
[1.549s] -- Up-to-date: /home/user/ros2_ws2/install/tut_interface/lib/python3.8/site-packages/tut_interface/msg/_sphere.py
[1.549s] -- Up-to-date: /home/user/ros2_ws2/install/tut_interface/lib/python3.8/site-packages/tut_interface/srv
[1.549s] -- Up-to-date: /home/user/ros2_ws2/install/tut_interface/lib/python3.8/site-packages/tut_interface/srv/__init__.py
[1.549s] -- Up-to-date: /home/user/ros2_ws2/install/tut_interface/lib/python3.8/site-packages/tut_interface/srv/_add_three_ints.py
[1.549s] -- Up-to-date: /home/user/ros2_ws2/install/tut_interface/lib/python3.8/site-packages/tut_interface/srv/_add_three_ints_s.c
[1.550s] -- Up-to-date: /home/user/ros2_ws2/install/tut_interface/lib/python3.8/site-packages/tut_interface/tut_interface_s__rosidl_typesupport_fastrtps_c.cpython-38-x86_64-linux-gnu.so
[1.551s] -- Up-to-date: /home/user/ros2_ws2/install/tut_interface/lib/python3.8/site-packages/tut_interface/tut_interface_s__rosidl_typesupport_introspection_c.cpython-38-x86_64-linux-gnu.so
[1.552s] -- Up-to-date: /home/user/ros2_ws2/install/tut_interface/lib/python3.8/site-packages/tut_interface/tut_interface_s__rosidl_typesupport_c.cpython-38-x86_64-linux-gnu.so
[1.553s] -- Up-to-date: /home/user/ros2_ws2/install/tut_interface/lib/libtut_interface__python.so
[1.553s] -- Up-to-date: /home/user/ros2_ws2/install/tut_interface/share/tut_interface/msg/Num.idl
[1.553s] -- Up-to-date: /home/user/ros2_ws2/install/tut_interface/share/tut_interface/msg/Sphere.idl
[1.554s] -- Up-to-date: /home/user/ros2_ws2/install/tut_interface/share/tut_interface/srv/AddThreeInts.idl
[1.554s] -- Up-to-date: /home/user/ros2_ws2/install/tut_interface/share/tut_interface/msg/Num.msg
[1.554s] -- Up-to-date: /home/user/ros2_ws2/install/tut_interface/share/tut_interface/msg/Sphere.msg
[1.554s] -- Up-to-date: /home/user/ros2_ws2/install/tut_interface/share/tut_interface/srv/AddThreeInts.srv
[1.554s] -- Up-to-date: /home/user/ros2_ws2/install/tut_interface/share/tut_interface/srv/AddThreeInts_Request.msg
[1.554s] -- Up-to-date: /home/user/ros2_ws2/install/tut_interface/share/tut_interface/srv/AddThreeInts_Response.msg
[1.555s] -- Up-to-date: /home/user/ros2_ws2/install/tut_interface/share/ament_index/resource_index/package_run_dependencies/tut_interface
[1.555s] -- Installing: /home/user/ros2_ws2/install/tut_interface/share/ament_index/resource_index/parent_prefix_path/tut_interface
[1.555s] -- Up-to-date: /home/user/ros2_ws2/install/tut_interface/share/tut_interface/environment/ament_prefix_path.sh
[1.555s] -- Installing: /home/user/ros2_ws2/install/tut_interface/share/tut_interface/environment/ament_prefix_path.dsv
[1.555s] -- Up-to-date: /home/user/ros2_ws2/install/tut_interface/share/tut_interface/environment/path.sh
[1.555s] -- Installing: /home/user/ros2_ws2/install/tut_interface/share/tut_interface/environment/path.dsv
[1.555s] -- Up-to-date: /home/user/ros2_ws2/install/tut_interface/share/tut_interface/local_setup.bash
[1.556s] -- Up-to-date: /home/user/ros2_ws2/install/tut_interface/share/tut_interface/local_setup.sh
[1.556s] -- Up-to-date: /home/user/ros2_ws2/install/tut_interface/share/tut_interface/local_setup.zsh
[1.556s] -- Installing: /home/user/ros2_ws2/install/tut_interface/share/tut_interface/local_setup.dsv
[1.556s] -- Installing: /home/user/ros2_ws2/install/tut_interface/share/tut_interface/package.dsv
[1.556s] -- Up-to-date: /home/user/ros2_ws2/install/tut_interface/share/ament_index/resource_index/packages/tut_interface
[1.557s] -- Up-to-date: /home/user/ros2_ws2/install/tut_interface/share/tut_interface/cmake/tut_interface__rosidl_generator_cExport.cmake
[1.557s] -- Installing: /home/user/ros2_ws2/install/tut_interface/share/tut_interface/cmake/tut_interface__rosidl_generator_cExport-noconfig.cmake
[1.557s] -- Up-to-date: /home/user/ros2_ws2/install/tut_interface/share/tut_interface/cmake/tut_interface__rosidl_typesupport_introspection_cExport.cmake
[1.557s] -- Installing: /home/user/ros2_ws2/install/tut_interface/share/tut_interface/cmake/tut_interface__rosidl_typesupport_introspection_cExport-noconfig.cmake
[1.558s] -- Up-to-date: /home/user/ros2_ws2/install/tut_interface/share/tut_interface/cmake/tut_interface__rosidl_typesupport_cExport.cmake
[1.558s] -- Installing: /home/user/ros2_ws2/install/tut_interface/share/tut_interface/cmake/tut_interface__rosidl_typesupport_cExport-noconfig.cmake
[1.558s] -- Up-to-date: /home/user/ros2_ws2/install/tut_interface/share/tut_interface/cmake/tut_interface__rosidl_generator_cppExport.cmake
[1.559s] -- Up-to-date: /home/user/ros2_ws2/install/tut_interface/share/tut_interface/cmake/tut_interface__rosidl_typesupport_introspection_cppExport.cmake
[1.559s] -- Installing: /home/user/ros2_ws2/install/tut_interface/share/tut_interface/cmake/tut_interface__rosidl_typesupport_introspection_cppExport-noconfig.cmake
[1.559s] -- Up-to-date: /home/user/ros2_ws2/install/tut_interface/share/tut_interface/cmake/tut_interface__rosidl_typesupport_cppExport.cmake
[1.559s] -- Installing: /home/user/ros2_ws2/install/tut_interface/share/tut_interface/cmake/tut_interface__rosidl_typesupport_cppExport-noconfig.cmake
[1.559s] -- Up-to-date: /home/user/ros2_ws2/install/tut_interface/share/tut_interface/cmake/rosidl_cmake-extras.cmake
[1.559s] -- Up-to-date: /home/user/ros2_ws2/install/tut_interface/share/tut_interface/cmake/ament_cmake_export_dependencies-extras.cmake
[1.559s] -- Up-to-date: /home/user/ros2_ws2/install/tut_interface/share/tut_interface/cmake/ament_cmake_export_libraries-extras.cmake
[1.560s] -- Up-to-date: /home/user/ros2_ws2/install/tut_interface/share/tut_interface/cmake/ament_cmake_export_targets-extras.cmake
[1.560s] -- Up-to-date: /home/user/ros2_ws2/install/tut_interface/share/tut_interface/cmake/ament_cmake_export_include_directories-extras.cmake
[1.560s] -- Up-to-date: /home/user/ros2_ws2/install/tut_interface/share/tut_interface/cmake/rosidl_cmake_export_typesupport_libraries-extras.cmake
[1.560s] -- Up-to-date: /home/user/ros2_ws2/install/tut_interface/share/tut_interface/cmake/rosidl_cmake_export_typesupport_targets-extras.cmake
[1.560s] -- Up-to-date: /home/user/ros2_ws2/install/tut_interface/share/tut_interface/cmake/tut_interfaceConfig.cmake
[1.560s] -- Up-to-date: /home/user/ros2_ws2/install/tut_interface/share/tut_interface/cmake/tut_interfaceConfig-version.cmake
[1.560s] -- Installing: /home/user/ros2_ws2/install/tut_interface/share/tut_interface/package.xml
[1.562s] Invoked command in '/home/user/ros2_ws2/build/tut_interface' returned '0': CMAKE_PREFIX_PATH=${CMAKE_PREFIX_PATH}:/home/user/ros2_ws2/install/aliriza:/opt/ros/foxy /usr/bin/cmake --install /home/user/ros2_ws2/build/tut_interface
