[1.091s] DEBUG:colcon:Command line arguments: ['/usr/bin/colcon', 'build']
[1.092s] DEBUG:colcon:Parsed command line arguments: Namespace(allow_overriding=[], ament_cmake_args=None, base_paths=['.'], build_base='build', catkin_cmake_args=None, catkin_skip_building_tests=False, cmake_args=None, cmake_clean_cache=False, cmake_clean_first=False, cmake_force_configure=False, cmake_target=None, cmake_target_skip_unavailable=False, continue_on_error=False, event_handlers=None, executor='parallel', ignore_user_meta=False, install_base='install', log_base=None, log_level=None, main=<bound method BuildVerb.main of <colcon_core.verb.build.BuildVerb object at 0x7fe4583909a0>>, merge_install=False, metas=['./colcon.meta'], packages_above=None, packages_above_and_dependencies=None, packages_above_depth=None, packages_end=None, packages_ignore=None, packages_ignore_regex=None, packages_select=None, packages_select_build_failed=False, packages_select_by_dep=None, packages_select_regex=None, packages_select_test_failures=False, packages_skip=None, packages_skip_build_finished=False, packages_skip_by_dep=None, packages_skip_regex=None, packages_skip_test_passed=False, packages_skip_up_to=None, packages_start=None, packages_up_to=None, packages_up_to_regex=None, parallel_workers=16, paths=None, symlink_install=False, test_result_base=None, verb_extension=<colcon_core.verb.build.BuildVerb object at 0x7fe4583909a0>, verb_name='build', verb_parser=<colcon_defaults.argument_parser.defaults.DefaultArgumentsDecorator object at 0x7fe458000790>)
[1.140s] Level 1:colcon.colcon_core.package_discovery:discover_packages(colcon_meta) check parameters
[1.140s] Level 1:colcon.colcon_core.package_discovery:discover_packages(recursive) check parameters
[1.140s] Level 1:colcon.colcon_core.package_discovery:discover_packages(ignore) check parameters
[1.140s] Level 1:colcon.colcon_core.package_discovery:discover_packages(path) check parameters
[1.140s] Level 1:colcon.colcon_core.package_discovery:discover_packages(colcon_meta) discover
[1.140s] Level 1:colcon.colcon_core.package_discovery:discover_packages(recursive) discover
[1.140s] INFO:colcon.colcon_core.package_discovery:Crawling recursively for packages in '/home/user/ros2_ws2'
[1.140s] Level 1:colcon.colcon_core.package_identification:_identify(.) by extensions ['ignore', 'ignore_ament_install']
[1.140s] Level 1:colcon.colcon_core.package_identification:_identify(.) by extension 'ignore'
[1.140s] Level 1:colcon.colcon_core.package_identification:_identify(.) by extension 'ignore_ament_install'
[1.140s] Level 1:colcon.colcon_core.package_identification:_identify(.) by extensions ['colcon_pkg']
[1.140s] Level 1:colcon.colcon_core.package_identification:_identify(.) by extension 'colcon_pkg'
[1.140s] Level 1:colcon.colcon_core.package_identification:_identify(.) by extensions ['colcon_meta']
[1.140s] Level 1:colcon.colcon_core.package_identification:_identify(.) by extension 'colcon_meta'
[1.140s] Level 1:colcon.colcon_core.package_identification:_identify(.) by extensions ['ros']
[1.140s] Level 1:colcon.colcon_core.package_identification:_identify(.) by extension 'ros'
[1.148s] Level 1:colcon.colcon_core.package_identification:_identify(.) by extensions ['cmake', 'python']
[1.148s] Level 1:colcon.colcon_core.package_identification:_identify(.) by extension 'cmake'
[1.148s] Level 1:colcon.colcon_core.package_identification:_identify(.) by extension 'python'
[1.148s] Level 1:colcon.colcon_core.package_identification:_identify(.) by extensions ['python_setup_py']
[1.148s] Level 1:colcon.colcon_core.package_identification:_identify(.) by extension 'python_setup_py'
[1.149s] Level 1:colcon.colcon_core.package_identification:_identify(build) by extensions ['ignore', 'ignore_ament_install']
[1.149s] Level 1:colcon.colcon_core.package_identification:_identify(build) by extension 'ignore'
[1.149s] Level 1:colcon.colcon_core.package_identification:_identify(build) ignored
[1.149s] Level 1:colcon.colcon_core.package_identification:_identify(install) by extensions ['ignore', 'ignore_ament_install']
[1.149s] Level 1:colcon.colcon_core.package_identification:_identify(install) by extension 'ignore'
[1.149s] Level 1:colcon.colcon_core.package_identification:_identify(install) ignored
[1.149s] Level 1:colcon.colcon_core.package_identification:_identify(log) by extensions ['ignore', 'ignore_ament_install']
[1.149s] Level 1:colcon.colcon_core.package_identification:_identify(log) by extension 'ignore'
[1.149s] Level 1:colcon.colcon_core.package_identification:_identify(log) ignored
[1.149s] Level 1:colcon.colcon_core.package_identification:_identify(src) by extensions ['ignore', 'ignore_ament_install']
[1.149s] Level 1:colcon.colcon_core.package_identification:_identify(src) by extension 'ignore'
[1.149s] Level 1:colcon.colcon_core.package_identification:_identify(src) by extension 'ignore_ament_install'
[1.149s] Level 1:colcon.colcon_core.package_identification:_identify(src) by extensions ['colcon_pkg']
[1.149s] Level 1:colcon.colcon_core.package_identification:_identify(src) by extension 'colcon_pkg'
[1.149s] Level 1:colcon.colcon_core.package_identification:_identify(src) by extensions ['colcon_meta']
[1.149s] Level 1:colcon.colcon_core.package_identification:_identify(src) by extension 'colcon_meta'
[1.149s] Level 1:colcon.colcon_core.package_identification:_identify(src) by extensions ['ros']
[1.149s] Level 1:colcon.colcon_core.package_identification:_identify(src) by extension 'ros'
[1.149s] Level 1:colcon.colcon_core.package_identification:_identify(src) by extensions ['cmake', 'python']
[1.149s] Level 1:colcon.colcon_core.package_identification:_identify(src) by extension 'cmake'
[1.149s] Level 1:colcon.colcon_core.package_identification:_identify(src) by extension 'python'
[1.149s] Level 1:colcon.colcon_core.package_identification:_identify(src) by extensions ['python_setup_py']
[1.149s] Level 1:colcon.colcon_core.package_identification:_identify(src) by extension 'python_setup_py'
[1.150s] Level 1:colcon.colcon_core.package_identification:_identify(src/aliriza) by extensions ['ignore', 'ignore_ament_install']
[1.150s] Level 1:colcon.colcon_core.package_identification:_identify(src/aliriza) by extension 'ignore'
[1.150s] Level 1:colcon.colcon_core.package_identification:_identify(src/aliriza) by extension 'ignore_ament_install'
[1.150s] Level 1:colcon.colcon_core.package_identification:_identify(src/aliriza) by extensions ['colcon_pkg']
[1.150s] Level 1:colcon.colcon_core.package_identification:_identify(src/aliriza) by extension 'colcon_pkg'
[1.150s] Level 1:colcon.colcon_core.package_identification:_identify(src/aliriza) by extensions ['colcon_meta']
[1.150s] Level 1:colcon.colcon_core.package_identification:_identify(src/aliriza) by extension 'colcon_meta'
[1.150s] Level 1:colcon.colcon_core.package_identification:_identify(src/aliriza) by extensions ['ros']
[1.150s] Level 1:colcon.colcon_core.package_identification:_identify(src/aliriza) by extension 'ros'
[1.152s] DEBUG:colcon.colcon_core.package_identification:Package 'src/aliriza' with type 'ros.ament_python' and name 'aliriza'
[1.152s] Level 1:colcon.colcon_core.package_identification:_identify(src/ser_cli) by extensions ['ignore', 'ignore_ament_install']
[1.152s] Level 1:colcon.colcon_core.package_identification:_identify(src/ser_cli) by extension 'ignore'
[1.152s] Level 1:colcon.colcon_core.package_identification:_identify(src/ser_cli) by extension 'ignore_ament_install'
[1.152s] Level 1:colcon.colcon_core.package_identification:_identify(src/ser_cli) by extensions ['colcon_pkg']
[1.152s] Level 1:colcon.colcon_core.package_identification:_identify(src/ser_cli) by extension 'colcon_pkg'
[1.152s] Level 1:colcon.colcon_core.package_identification:_identify(src/ser_cli) by extensions ['colcon_meta']
[1.152s] Level 1:colcon.colcon_core.package_identification:_identify(src/ser_cli) by extension 'colcon_meta'
[1.152s] Level 1:colcon.colcon_core.package_identification:_identify(src/ser_cli) by extensions ['ros']
[1.153s] Level 1:colcon.colcon_core.package_identification:_identify(src/ser_cli) by extension 'ros'
[1.153s] DEBUG:colcon.colcon_core.package_identification:Package 'src/ser_cli' with type 'ros.ament_python' and name 'ser_cli'
[1.153s] Level 1:colcon.colcon_core.package_identification:_identify(src/tut_interface) by extensions ['ignore', 'ignore_ament_install']
[1.153s] Level 1:colcon.colcon_core.package_identification:_identify(src/tut_interface) by extension 'ignore'
[1.153s] Level 1:colcon.colcon_core.package_identification:_identify(src/tut_interface) by extension 'ignore_ament_install'
[1.153s] Level 1:colcon.colcon_core.package_identification:_identify(src/tut_interface) by extensions ['colcon_pkg']
[1.153s] Level 1:colcon.colcon_core.package_identification:_identify(src/tut_interface) by extension 'colcon_pkg'
[1.153s] Level 1:colcon.colcon_core.package_identification:_identify(src/tut_interface) by extensions ['colcon_meta']
[1.153s] Level 1:colcon.colcon_core.package_identification:_identify(src/tut_interface) by extension 'colcon_meta'
[1.153s] Level 1:colcon.colcon_core.package_identification:_identify(src/tut_interface) by extensions ['ros']
[1.153s] Level 1:colcon.colcon_core.package_identification:_identify(src/tut_interface) by extension 'ros'
[1.154s] DEBUG:colcon.colcon_core.package_identification:Package 'src/tut_interface' with type 'ros.ament_cmake' and name 'tut_interface'
[1.154s] Level 1:colcon.colcon_core.package_discovery:discover_packages(recursive) using defaults
[1.154s] Level 1:colcon.colcon_core.package_discovery:discover_packages(ignore) discover
[1.154s] Level 1:colcon.colcon_core.package_discovery:discover_packages(ignore) using defaults
[1.154s] Level 1:colcon.colcon_core.package_discovery:discover_packages(path) discover
[1.154s] Level 1:colcon.colcon_core.package_discovery:discover_packages(path) using defaults
[1.251s] Level 1:colcon.colcon_core.package_discovery:discover_packages(prefix_path) check parameters
[1.251s] Level 1:colcon.colcon_core.package_discovery:discover_packages(prefix_path) discover
[1.268s] Level 1:colcon.colcon_core.package_discovery:discover_packages(prefix_path) using defaults
[1.303s] Level 5:colcon.colcon_core.verb:set package 'tut_interface' build argument 'cmake_args' from command line to 'None'
[1.303s] Level 5:colcon.colcon_core.verb:set package 'tut_interface' build argument 'cmake_target' from command line to 'None'
[1.303s] Level 5:colcon.colcon_core.verb:set package 'tut_interface' build argument 'cmake_target_skip_unavailable' from command line to 'False'
[1.303s] Level 5:colcon.colcon_core.verb:set package 'tut_interface' build argument 'cmake_clean_cache' from command line to 'False'
[1.303s] Level 5:colcon.colcon_core.verb:set package 'tut_interface' build argument 'cmake_clean_first' from command line to 'False'
[1.303s] Level 5:colcon.colcon_core.verb:set package 'tut_interface' build argument 'cmake_force_configure' from command line to 'False'
[1.303s] Level 5:colcon.colcon_core.verb:set package 'tut_interface' build argument 'ament_cmake_args' from command line to 'None'
[1.303s] Level 5:colcon.colcon_core.verb:set package 'tut_interface' build argument 'catkin_cmake_args' from command line to 'None'
[1.303s] Level 5:colcon.colcon_core.verb:set package 'tut_interface' build argument 'catkin_skip_building_tests' from command line to 'False'
[1.303s] DEBUG:colcon.colcon_core.verb:Building package 'tut_interface' with the following arguments: {'ament_cmake_args': None, 'build_base': '/home/user/ros2_ws2/build/tut_interface', 'catkin_cmake_args': None, 'catkin_skip_building_tests': False, 'cmake_args': None, 'cmake_clean_cache': False, 'cmake_clean_first': False, 'cmake_force_configure': False, 'cmake_target': None, 'cmake_target_skip_unavailable': False, 'install_base': '/home/user/ros2_ws2/install/tut_interface', 'merge_install': False, 'path': '/home/user/ros2_ws2/src/tut_interface', 'symlink_install': False, 'test_result_base': None}
[1.321s] Level 5:colcon.colcon_core.verb:set package 'aliriza' build argument 'cmake_args' from command line to 'None'
[1.321s] Level 5:colcon.colcon_core.verb:set package 'aliriza' build argument 'cmake_target' from command line to 'None'
[1.321s] Level 5:colcon.colcon_core.verb:set package 'aliriza' build argument 'cmake_target_skip_unavailable' from command line to 'False'
[1.321s] Level 5:colcon.colcon_core.verb:set package 'aliriza' build argument 'cmake_clean_cache' from command line to 'False'
[1.321s] Level 5:colcon.colcon_core.verb:set package 'aliriza' build argument 'cmake_clean_first' from command line to 'False'
[1.321s] Level 5:colcon.colcon_core.verb:set package 'aliriza' build argument 'cmake_force_configure' from command line to 'False'
[1.321s] Level 5:colcon.colcon_core.verb:set package 'aliriza' build argument 'ament_cmake_args' from command line to 'None'
[1.321s] Level 5:colcon.colcon_core.verb:set package 'aliriza' build argument 'catkin_cmake_args' from command line to 'None'
[1.321s] Level 5:colcon.colcon_core.verb:set package 'aliriza' build argument 'catkin_skip_building_tests' from command line to 'False'
[1.321s] DEBUG:colcon.colcon_core.verb:Building package 'aliriza' with the following arguments: {'ament_cmake_args': None, 'build_base': '/home/user/ros2_ws2/build/aliriza', 'catkin_cmake_args': None, 'catkin_skip_building_tests': False, 'cmake_args': None, 'cmake_clean_cache': False, 'cmake_clean_first': False, 'cmake_force_configure': False, 'cmake_target': None, 'cmake_target_skip_unavailable': False, 'install_base': '/home/user/ros2_ws2/install/aliriza', 'merge_install': False, 'path': '/home/user/ros2_ws2/src/aliriza', 'symlink_install': False, 'test_result_base': None}
[1.348s] Level 5:colcon.colcon_core.verb:set package 'ser_cli' build argument 'cmake_args' from command line to 'None'
[1.348s] Level 5:colcon.colcon_core.verb:set package 'ser_cli' build argument 'cmake_target' from command line to 'None'
[1.348s] Level 5:colcon.colcon_core.verb:set package 'ser_cli' build argument 'cmake_target_skip_unavailable' from command line to 'False'
[1.348s] Level 5:colcon.colcon_core.verb:set package 'ser_cli' build argument 'cmake_clean_cache' from command line to 'False'
[1.348s] Level 5:colcon.colcon_core.verb:set package 'ser_cli' build argument 'cmake_clean_first' from command line to 'False'
[1.348s] Level 5:colcon.colcon_core.verb:set package 'ser_cli' build argument 'cmake_force_configure' from command line to 'False'
[1.348s] Level 5:colcon.colcon_core.verb:set package 'ser_cli' build argument 'ament_cmake_args' from command line to 'None'
[1.348s] Level 5:colcon.colcon_core.verb:set package 'ser_cli' build argument 'catkin_cmake_args' from command line to 'None'
[1.348s] Level 5:colcon.colcon_core.verb:set package 'ser_cli' build argument 'catkin_skip_building_tests' from command line to 'False'
[1.348s] DEBUG:colcon.colcon_core.verb:Building package 'ser_cli' with the following arguments: {'ament_cmake_args': None, 'build_base': '/home/user/ros2_ws2/build/ser_cli', 'catkin_cmake_args': None, 'catkin_skip_building_tests': False, 'cmake_args': None, 'cmake_clean_cache': False, 'cmake_clean_first': False, 'cmake_force_configure': False, 'cmake_target': None, 'cmake_target_skip_unavailable': False, 'install_base': '/home/user/ros2_ws2/install/ser_cli', 'merge_install': False, 'path': '/home/user/ros2_ws2/src/ser_cli', 'symlink_install': False, 'test_result_base': None}
[1.365s] INFO:colcon.colcon_core.executor:Executing jobs using 'parallel' executor
[1.383s] DEBUG:colcon.colcon_parallel_executor.executor.parallel:run_until_complete
[1.383s] INFO:colcon.colcon_ros.task.ament_cmake.build:Building ROS package in '/home/user/ros2_ws2/src/tut_interface' with build type 'ament_cmake'
[1.383s] INFO:colcon.colcon_cmake.task.cmake.build:Building CMake package in '/home/user/ros2_ws2/src/tut_interface'
[1.402s] INFO:colcon.colcon_core.plugin_system:Skipping extension 'colcon_core.shell.bat': Not used on non-Windows systems
[1.402s] INFO:colcon.colcon_core.shell:Skip shell extension 'powershell' for command environment: Not usable outside of PowerShell
[1.402s] DEBUG:colcon.colcon_core.shell:Skip shell extension 'dsv' for command environment
[1.432s] DEBUG:colcon.colcon_core.event_handler.log_command:Invoking command in '/home/user/ros2_ws2/build/tut_interface': /usr/bin/cmake --build /home/user/ros2_ws2/build/tut_interface -- -j16 -l16
[1.704s] DEBUG:colcon.colcon_core.event_handler.log_command:Invoked command in '/home/user/ros2_ws2/build/tut_interface' returned '0': /usr/bin/cmake --build /home/user/ros2_ws2/build/tut_interface -- -j16 -l16
[1.767s] DEBUG:colcon.colcon_core.event_handler.log_command:Invoking command in '/home/user/ros2_ws2/build/tut_interface': /usr/bin/cmake --install /home/user/ros2_ws2/build/tut_interface
[1.826s] Level 1:colcon.colcon_core.environment:create_environment_scripts_only(tut_interface)
[1.826s] DEBUG:colcon.colcon_core.event_handler.log_command:Invoked command in '/home/user/ros2_ws2/build/tut_interface' returned '0': /usr/bin/cmake --install /home/user/ros2_ws2/build/tut_interface
[1.849s] Level 1:colcon.colcon_core.environment:checking '/home/user/ros2_ws2/install/tut_interface' for CMake module files
[1.850s] Level 1:colcon.colcon_core.environment:checking '/home/user/ros2_ws2/install/tut_interface' for CMake config files
[1.850s] Level 1:colcon.colcon_core.shell:create_environment_hook('tut_interface', 'cmake_prefix_path')
[1.867s] INFO:colcon.colcon_core.shell:Creating environment hook '/home/user/ros2_ws2/install/tut_interface/share/tut_interface/hook/cmake_prefix_path.ps1'
[1.868s] INFO:colcon.colcon_core.shell:Creating environment descriptor '/home/user/ros2_ws2/install/tut_interface/share/tut_interface/hook/cmake_prefix_path.dsv'
[1.868s] INFO:colcon.colcon_core.shell:Creating environment hook '/home/user/ros2_ws2/install/tut_interface/share/tut_interface/hook/cmake_prefix_path.sh'
[1.869s] Level 1:colcon.colcon_core.environment:checking '/home/user/ros2_ws2/install/tut_interface/lib'
[1.869s] Level 1:colcon.colcon_core.shell:create_environment_hook('tut_interface', 'ld_library_path_lib')
[1.892s] INFO:colcon.colcon_core.shell:Creating environment hook '/home/user/ros2_ws2/install/tut_interface/share/tut_interface/hook/ld_library_path_lib.ps1'
[1.892s] INFO:colcon.colcon_core.shell:Creating environment descriptor '/home/user/ros2_ws2/install/tut_interface/share/tut_interface/hook/ld_library_path_lib.dsv'
[1.892s] INFO:colcon.colcon_core.shell:Creating environment hook '/home/user/ros2_ws2/install/tut_interface/share/tut_interface/hook/ld_library_path_lib.sh'
[1.893s] Level 1:colcon.colcon_core.environment:checking '/home/user/ros2_ws2/install/tut_interface/bin'
[1.893s] Level 1:colcon.colcon_core.environment:checking '/home/user/ros2_ws2/install/tut_interface/lib/pkgconfig/tut_interface.pc'
[1.893s] Level 1:colcon.colcon_core.environment:checking '/home/user/ros2_ws2/install/tut_interface/lib/python3.8/site-packages'
[1.893s] Level 1:colcon.colcon_core.shell:create_environment_hook('tut_interface', 'pythonpath')
[1.911s] INFO:colcon.colcon_core.shell:Creating environment hook '/home/user/ros2_ws2/install/tut_interface/share/tut_interface/hook/pythonpath.ps1'
[1.912s] INFO:colcon.colcon_core.shell:Creating environment descriptor '/home/user/ros2_ws2/install/tut_interface/share/tut_interface/hook/pythonpath.dsv'
[1.912s] INFO:colcon.colcon_core.shell:Creating environment hook '/home/user/ros2_ws2/install/tut_interface/share/tut_interface/hook/pythonpath.sh'
[1.912s] Level 1:colcon.colcon_core.environment:checking '/home/user/ros2_ws2/install/tut_interface/bin'
[1.930s] INFO:colcon.colcon_core.shell:Creating package script '/home/user/ros2_ws2/install/tut_interface/share/tut_interface/package.ps1'
[1.930s] INFO:colcon.colcon_core.shell:Creating package descriptor '/home/user/ros2_ws2/install/tut_interface/share/tut_interface/package.dsv'
[1.931s] INFO:colcon.colcon_core.shell:Creating package script '/home/user/ros2_ws2/install/tut_interface/share/tut_interface/package.sh'
[1.931s] INFO:colcon.colcon_core.shell:Creating package script '/home/user/ros2_ws2/install/tut_interface/share/tut_interface/package.bash'
[1.931s] INFO:colcon.colcon_core.shell:Creating package script '/home/user/ros2_ws2/install/tut_interface/share/tut_interface/package.zsh'
[1.932s] Level 1:colcon.colcon_core.environment:create_file_with_runtime_dependencies(/home/user/ros2_ws2/install/tut_interface/share/colcon-core/packages/tut_interface)
[2.010s] Level 1:colcon.colcon_core.environment:create_environment_scripts_only(tut_interface)
[2.028s] Level 1:colcon.colcon_core.environment:checking '/home/user/ros2_ws2/install/tut_interface' for CMake module files
[2.028s] Level 1:colcon.colcon_core.environment:checking '/home/user/ros2_ws2/install/tut_interface' for CMake config files
[2.029s] Level 1:colcon.colcon_core.shell:create_environment_hook('tut_interface', 'cmake_prefix_path')
[2.046s] INFO:colcon.colcon_core.shell:Creating environment hook '/home/user/ros2_ws2/install/tut_interface/share/tut_interface/hook/cmake_prefix_path.ps1'
[2.046s] INFO:colcon.colcon_core.shell:Creating environment descriptor '/home/user/ros2_ws2/install/tut_interface/share/tut_interface/hook/cmake_prefix_path.dsv'
[2.046s] INFO:colcon.colcon_core.shell:Creating environment hook '/home/user/ros2_ws2/install/tut_interface/share/tut_interface/hook/cmake_prefix_path.sh'
[2.047s] Level 1:colcon.colcon_core.environment:checking '/home/user/ros2_ws2/install/tut_interface/lib'
[2.047s] Level 1:colcon.colcon_core.shell:create_environment_hook('tut_interface', 'ld_library_path_lib')
[2.067s] INFO:colcon.colcon_core.shell:Creating environment hook '/home/user/ros2_ws2/install/tut_interface/share/tut_interface/hook/ld_library_path_lib.ps1'
[2.068s] INFO:colcon.colcon_core.shell:Creating environment descriptor '/home/user/ros2_ws2/install/tut_interface/share/tut_interface/hook/ld_library_path_lib.dsv'
[2.068s] INFO:colcon.colcon_core.shell:Creating environment hook '/home/user/ros2_ws2/install/tut_interface/share/tut_interface/hook/ld_library_path_lib.sh'
[2.068s] Level 1:colcon.colcon_core.environment:checking '/home/user/ros2_ws2/install/tut_interface/bin'
[2.068s] Level 1:colcon.colcon_core.environment:checking '/home/user/ros2_ws2/install/tut_interface/lib/pkgconfig/tut_interface.pc'
[2.068s] Level 1:colcon.colcon_core.environment:checking '/home/user/ros2_ws2/install/tut_interface/lib/python3.8/site-packages'
[2.068s] Level 1:colcon.colcon_core.shell:create_environment_hook('tut_interface', 'pythonpath')
[2.086s] INFO:colcon.colcon_core.shell:Creating environment hook '/home/user/ros2_ws2/install/tut_interface/share/tut_interface/hook/pythonpath.ps1'
[2.086s] INFO:colcon.colcon_core.shell:Creating environment descriptor '/home/user/ros2_ws2/install/tut_interface/share/tut_interface/hook/pythonpath.dsv'
[2.087s] INFO:colcon.colcon_core.shell:Creating environment hook '/home/user/ros2_ws2/install/tut_interface/share/tut_interface/hook/pythonpath.sh'
[2.087s] Level 1:colcon.colcon_core.environment:checking '/home/user/ros2_ws2/install/tut_interface/bin'
[2.104s] INFO:colcon.colcon_core.shell:Creating package script '/home/user/ros2_ws2/install/tut_interface/share/tut_interface/package.ps1'
[2.105s] INFO:colcon.colcon_core.shell:Creating package descriptor '/home/user/ros2_ws2/install/tut_interface/share/tut_interface/package.dsv'
[2.105s] INFO:colcon.colcon_core.shell:Creating package script '/home/user/ros2_ws2/install/tut_interface/share/tut_interface/package.sh'
[2.105s] INFO:colcon.colcon_core.shell:Creating package script '/home/user/ros2_ws2/install/tut_interface/share/tut_interface/package.bash'
[2.106s] INFO:colcon.colcon_core.shell:Creating package script '/home/user/ros2_ws2/install/tut_interface/share/tut_interface/package.zsh'
[2.106s] Level 1:colcon.colcon_core.environment:create_file_with_runtime_dependencies(/home/user/ros2_ws2/install/tut_interface/share/colcon-core/packages/tut_interface)
[2.106s] INFO:colcon.colcon_ros.task.ament_python.build:Building ROS package in '/home/user/ros2_ws2/src/aliriza' with build type 'ament_python'
[2.106s] Level 1:colcon.colcon_core.shell:create_environment_hook('aliriza', 'ament_prefix_path')
[2.124s] INFO:colcon.colcon_core.shell:Creating environment hook '/home/user/ros2_ws2/install/aliriza/share/aliriza/hook/ament_prefix_path.ps1'
[2.125s] INFO:colcon.colcon_core.shell:Creating environment descriptor '/home/user/ros2_ws2/install/aliriza/share/aliriza/hook/ament_prefix_path.dsv'
[2.125s] INFO:colcon.colcon_core.shell:Creating environment hook '/home/user/ros2_ws2/install/aliriza/share/aliriza/hook/ament_prefix_path.sh'
[2.143s] INFO:colcon.colcon_core.shell:Skip shell extension 'powershell' for command environment: Not usable outside of PowerShell
[2.143s] DEBUG:colcon.colcon_core.shell:Skip shell extension 'dsv' for command environment
[2.163s] INFO:colcon.colcon_ros.task.ament_python.build:Building ROS package in '/home/user/ros2_ws2/src/ser_cli' with build type 'ament_python'
[2.163s] Level 1:colcon.colcon_core.shell:create_environment_hook('ser_cli', 'ament_prefix_path')
[2.182s] INFO:colcon.colcon_core.shell:Creating environment hook '/home/user/ros2_ws2/install/ser_cli/share/ser_cli/hook/ament_prefix_path.ps1'
[2.182s] INFO:colcon.colcon_core.shell:Creating environment descriptor '/home/user/ros2_ws2/install/ser_cli/share/ser_cli/hook/ament_prefix_path.dsv'
[2.182s] INFO:colcon.colcon_core.shell:Creating environment hook '/home/user/ros2_ws2/install/ser_cli/share/ser_cli/hook/ament_prefix_path.sh'
[2.200s] INFO:colcon.colcon_core.shell:Skip shell extension 'powershell' for command environment: Not usable outside of PowerShell
[2.201s] DEBUG:colcon.colcon_core.shell:Skip shell extension 'dsv' for command environment
[2.378s] INFO:colcon.colcon_core.task.python.build:Building Python package in '/home/user/ros2_ws2/src/aliriza'
[2.403s] INFO:colcon.colcon_core.shell:Skip shell extension 'powershell' for command environment: Not usable outside of PowerShell
[2.403s] DEBUG:colcon.colcon_core.shell:Skip shell extension 'dsv' for command environment
[2.572s] INFO:colcon.colcon_core.task.python.build:Building Python package in '/home/user/ros2_ws2/src/ser_cli'
[2.603s] INFO:colcon.colcon_core.shell:Skip shell extension 'powershell' for command environment: Not usable outside of PowerShell
[2.603s] DEBUG:colcon.colcon_core.shell:Skip shell extension 'dsv' for command environment
[2.894s] DEBUG:colcon.colcon_core.event_handler.log_command:Invoking command in '/home/user/ros2_ws2/src/aliriza': AMENT_PREFIX_PATH=/home/user/ros2_ws2/install/tut_interface CMAKE_PREFIX_PATH=/home/user/ros2_ws2/install/tut_interface LD_LIBRARY_PATH=/home/user/ros2_ws2/install/tut_interface/lib PYTHONPATH=/home/user/ros2_ws2/build/aliriza/prefix_override:/home/user/ros2_ws2/install/aliriza/lib/python3.8/site-packages:/home/user/ros2_ws2/install/tut_interface/lib/python3.8/site-packages /usr/bin/python3 setup.py egg_info --egg-base ../../build/aliriza build --build-base /home/user/ros2_ws2/build/aliriza/build install --record /home/user/ros2_ws2/build/aliriza/install.log --install-scripts $base/lib/aliriza --single-version-externally-managed
[2.900s] DEBUG:colcon.colcon_core.event_handler.log_command:Invoking command in '/home/user/ros2_ws2/src/ser_cli': AMENT_PREFIX_PATH=/home/user/ros2_ws2/install/tut_interface CMAKE_PREFIX_PATH=/home/user/ros2_ws2/install/tut_interface LD_LIBRARY_PATH=/home/user/ros2_ws2/install/tut_interface/lib PYTHONPATH=/home/user/ros2_ws2/build/ser_cli/prefix_override:/home/user/ros2_ws2/install/ser_cli/lib/python3.8/site-packages:/home/user/ros2_ws2/install/tut_interface/lib/python3.8/site-packages /usr/bin/python3 setup.py egg_info --egg-base ../../build/ser_cli build --build-base /home/user/ros2_ws2/build/ser_cli/build install --record /home/user/ros2_ws2/build/ser_cli/install.log --install-scripts $base/lib/ser_cli --single-version-externally-managed
[3.092s] DEBUG:colcon.colcon_core.event_handler.log_command:Invoked command in '/home/user/ros2_ws2/src/aliriza' returned '0': AMENT_PREFIX_PATH=/home/user/ros2_ws2/install/tut_interface CMAKE_PREFIX_PATH=/home/user/ros2_ws2/install/tut_interface LD_LIBRARY_PATH=/home/user/ros2_ws2/install/tut_interface/lib PYTHONPATH=/home/user/ros2_ws2/build/aliriza/prefix_override:/home/user/ros2_ws2/install/aliriza/lib/python3.8/site-packages:/home/user/ros2_ws2/install/tut_interface/lib/python3.8/site-packages /usr/bin/python3 setup.py egg_info --egg-base ../../build/aliriza build --build-base /home/user/ros2_ws2/build/aliriza/build install --record /home/user/ros2_ws2/build/aliriza/install.log --install-scripts $base/lib/aliriza --single-version-externally-managed
[3.115s] Level 1:colcon.colcon_core.environment:checking '/home/user/ros2_ws2/install/aliriza' for CMake module files
[3.116s] Level 1:colcon.colcon_core.environment:checking '/home/user/ros2_ws2/install/aliriza' for CMake config files
[3.116s] Level 1:colcon.colcon_core.environment:checking '/home/user/ros2_ws2/install/aliriza/lib'
[3.116s] Level 1:colcon.colcon_core.environment:checking '/home/user/ros2_ws2/install/aliriza/bin'
[3.116s] Level 1:colcon.colcon_core.environment:checking '/home/user/ros2_ws2/install/aliriza/lib/pkgconfig/aliriza.pc'
[3.116s] Level 1:colcon.colcon_core.environment:checking '/home/user/ros2_ws2/install/aliriza/lib/python3.8/site-packages'
[3.116s] Level 1:colcon.colcon_core.shell:create_environment_hook('aliriza', 'pythonpath')
[3.134s] INFO:colcon.colcon_core.shell:Creating environment hook '/home/user/ros2_ws2/install/aliriza/share/aliriza/hook/pythonpath.ps1'
[3.134s] INFO:colcon.colcon_core.shell:Creating environment descriptor '/home/user/ros2_ws2/install/aliriza/share/aliriza/hook/pythonpath.dsv'
[3.134s] INFO:colcon.colcon_core.shell:Creating environment hook '/home/user/ros2_ws2/install/aliriza/share/aliriza/hook/pythonpath.sh'
[3.135s] Level 1:colcon.colcon_core.environment:checking '/home/user/ros2_ws2/install/aliriza/bin'
[3.135s] Level 1:colcon.colcon_core.environment:create_environment_scripts_only(aliriza)
[3.152s] INFO:colcon.colcon_core.shell:Creating package script '/home/user/ros2_ws2/install/aliriza/share/aliriza/package.ps1'
[3.152s] INFO:colcon.colcon_core.shell:Creating package descriptor '/home/user/ros2_ws2/install/aliriza/share/aliriza/package.dsv'
[3.153s] INFO:colcon.colcon_core.shell:Creating package script '/home/user/ros2_ws2/install/aliriza/share/aliriza/package.sh'
[3.153s] INFO:colcon.colcon_core.shell:Creating package script '/home/user/ros2_ws2/install/aliriza/share/aliriza/package.bash'
[3.153s] INFO:colcon.colcon_core.shell:Creating package script '/home/user/ros2_ws2/install/aliriza/share/aliriza/package.zsh'
[3.153s] Level 1:colcon.colcon_core.environment:create_file_with_runtime_dependencies(/home/user/ros2_ws2/install/aliriza/share/colcon-core/packages/aliriza)
[3.155s] DEBUG:colcon.colcon_core.event_handler.log_command:Invoked command in '/home/user/ros2_ws2/src/ser_cli' returned '0': AMENT_PREFIX_PATH=/home/user/ros2_ws2/install/tut_interface CMAKE_PREFIX_PATH=/home/user/ros2_ws2/install/tut_interface LD_LIBRARY_PATH=/home/user/ros2_ws2/install/tut_interface/lib PYTHONPATH=/home/user/ros2_ws2/build/ser_cli/prefix_override:/home/user/ros2_ws2/install/ser_cli/lib/python3.8/site-packages:/home/user/ros2_ws2/install/tut_interface/lib/python3.8/site-packages /usr/bin/python3 setup.py egg_info --egg-base ../../build/ser_cli build --build-base /home/user/ros2_ws2/build/ser_cli/build install --record /home/user/ros2_ws2/build/ser_cli/install.log --install-scripts $base/lib/ser_cli --single-version-externally-managed
[3.172s] Level 1:colcon.colcon_core.environment:checking '/home/user/ros2_ws2/install/ser_cli' for CMake module files
[3.172s] Level 1:colcon.colcon_core.environment:checking '/home/user/ros2_ws2/install/ser_cli' for CMake config files
[3.173s] Level 1:colcon.colcon_core.environment:checking '/home/user/ros2_ws2/install/ser_cli/lib'
[3.173s] Level 1:colcon.colcon_core.environment:checking '/home/user/ros2_ws2/install/ser_cli/bin'
[3.173s] Level 1:colcon.colcon_core.environment:checking '/home/user/ros2_ws2/install/ser_cli/lib/pkgconfig/ser_cli.pc'
[3.173s] Level 1:colcon.colcon_core.environment:checking '/home/user/ros2_ws2/install/ser_cli/lib/python3.8/site-packages'
[3.173s] Level 1:colcon.colcon_core.shell:create_environment_hook('ser_cli', 'pythonpath')
[3.190s] INFO:colcon.colcon_core.shell:Creating environment hook '/home/user/ros2_ws2/install/ser_cli/share/ser_cli/hook/pythonpath.ps1'
[3.191s] INFO:colcon.colcon_core.shell:Creating environment descriptor '/home/user/ros2_ws2/install/ser_cli/share/ser_cli/hook/pythonpath.dsv'
[3.191s] INFO:colcon.colcon_core.shell:Creating environment hook '/home/user/ros2_ws2/install/ser_cli/share/ser_cli/hook/pythonpath.sh'
[3.191s] Level 1:colcon.colcon_core.environment:checking '/home/user/ros2_ws2/install/ser_cli/bin'
[3.191s] Level 1:colcon.colcon_core.environment:create_environment_scripts_only(ser_cli)
[3.211s] INFO:colcon.colcon_core.shell:Creating package script '/home/user/ros2_ws2/install/ser_cli/share/ser_cli/package.ps1'
[3.212s] INFO:colcon.colcon_core.shell:Creating package descriptor '/home/user/ros2_ws2/install/ser_cli/share/ser_cli/package.dsv'
[3.212s] INFO:colcon.colcon_core.shell:Creating package script '/home/user/ros2_ws2/install/ser_cli/share/ser_cli/package.sh'
[3.212s] INFO:colcon.colcon_core.shell:Creating package script '/home/user/ros2_ws2/install/ser_cli/share/ser_cli/package.bash'
[3.212s] INFO:colcon.colcon_core.shell:Creating package script '/home/user/ros2_ws2/install/ser_cli/share/ser_cli/package.zsh'
[3.212s] Level 1:colcon.colcon_core.environment:create_file_with_runtime_dependencies(/home/user/ros2_ws2/install/ser_cli/share/colcon-core/packages/ser_cli)
[3.213s] DEBUG:colcon.colcon_parallel_executor.executor.parallel:closing loop
[3.213s] DEBUG:colcon.colcon_parallel_executor.executor.parallel:loop closed
[3.213s] DEBUG:colcon.colcon_parallel_executor.executor.parallel:run_until_complete finished with '0'
[3.213s] DEBUG:colcon.colcon_core.event_reactor:joining thread
[3.238s] INFO:colcon.colcon_core.plugin_system:Skipping extension 'colcon_notification.desktop_notification.terminal_notifier': Not used on non-Darwin systems
[3.238s] INFO:colcon.colcon_core.plugin_system:Skipping extension 'colcon_notification.desktop_notification.win32': Not used on non-Windows systems
[3.238s] INFO:colcon.colcon_notification.desktop_notification:Sending desktop notification using 'notify2'
[3.258s] DEBUG:colcon.colcon_core.event_reactor:joined thread
[3.278s] INFO:colcon.colcon_core.shell:Creating prefix script '/home/user/ros2_ws2/install/local_setup.ps1'
[3.279s] INFO:colcon.colcon_core.shell:Creating prefix util module '/home/user/ros2_ws2/install/_local_setup_util_ps1.py'
[3.280s] INFO:colcon.colcon_core.shell:Creating prefix chain script '/home/user/ros2_ws2/install/setup.ps1'
[3.298s] INFO:colcon.colcon_core.shell:Creating prefix script '/home/user/ros2_ws2/install/local_setup.sh'
[3.298s] INFO:colcon.colcon_core.shell:Creating prefix util module '/home/user/ros2_ws2/install/_local_setup_util_sh.py'
[3.298s] INFO:colcon.colcon_core.shell:Creating prefix chain script '/home/user/ros2_ws2/install/setup.sh'
[3.316s] INFO:colcon.colcon_core.shell:Creating prefix script '/home/user/ros2_ws2/install/local_setup.bash'
[3.316s] INFO:colcon.colcon_core.shell:Creating prefix chain script '/home/user/ros2_ws2/install/setup.bash'
[3.334s] INFO:colcon.colcon_core.shell:Creating prefix script '/home/user/ros2_ws2/install/local_setup.zsh'
[3.334s] INFO:colcon.colcon_core.shell:Creating prefix chain script '/home/user/ros2_ws2/install/setup.zsh'
