[  2%] Built target tut_interface__cpp
[ 12%] Built target tut_interface__rosidl_generator_c
[ 23%] Built target tut_interface__rosidl_typesupport_cpp
[ 34%] Built target tut_interface__rosidl_typesupport_fastrtps_cpp
[ 44%] Built target tut_interface__rosidl_typesupport_introspection_cpp
[ 55%] Built target tut_interface__rosidl_typesupport_introspection_c
[ 65%] Built target tut_interface__rosidl_typesupport_c
[ 76%] Built target tut_interface__rosidl_typesupport_fastrtps_c
[ 76%] Built target tut_interface
[ 78%] Built target tut_interface__py
[ 87%] Built target tut_interface__python
[ 91%] Built target tut_interface__rosidl_typesupport_c__pyext
[ 95%] Built target tut_interface__rosidl_typesupport_fastrtps_c__pyext
[100%] Built target tut_interface__rosidl_typesupport_introspection_c__pyext
-- Install configuration: ""
-- Up-to-date: /home/user/ros2_ws2/install/tut_interface/share/ament_index/resource_index/rosidl_interfaces/tut_interface
-- Up-to-date: /home/user/ros2_ws2/install/tut_interface/include/tut_interface
-- Up-to-date: /home/user/ros2_ws2/install/tut_interface/include/tut_interface/srv
-- Up-to-date: /home/user/ros2_ws2/install/tut_interface/include/tut_interface/srv/detail
-- Up-to-date: /home/user/ros2_ws2/install/tut_interface/include/tut_interface/srv/detail/add_three_ints__functions.c
-- Up-to-date: /home/user/ros2_ws2/install/tut_interface/include/tut_interface/srv/detail/add_three_ints__struct.h
-- Up-to-date: /home/user/ros2_ws2/install/tut_interface/include/tut_interface/srv/detail/add_three_ints__functions.h
-- Up-to-date: /home/user/ros2_ws2/install/tut_interface/include/tut_interface/srv/detail/add_three_ints__type_support.h
-- Up-to-date: /home/user/ros2_ws2/install/tut_interface/include/tut_interface/srv/add_three_ints.h
-- Up-to-date: /home/user/ros2_ws2/install/tut_interface/include/tut_interface/msg
-- Up-to-date: /home/user/ros2_ws2/install/tut_interface/include/tut_interface/msg/detail
-- Up-to-date: /home/user/ros2_ws2/install/tut_interface/include/tut_interface/msg/detail/sphere__functions.h
-- Up-to-date: /home/user/ros2_ws2/install/tut_interface/include/tut_interface/msg/detail/sphere__struct.h
-- Up-to-date: /home/user/ros2_ws2/install/tut_interface/include/tut_interface/msg/detail/num__functions.c
-- Up-to-date: /home/user/ros2_ws2/install/tut_interface/include/tut_interface/msg/detail/num__struct.h
-- Up-to-date: /home/user/ros2_ws2/install/tut_interface/include/tut_interface/msg/detail/sphere__type_support.h
-- Up-to-date: /home/user/ros2_ws2/install/tut_interface/include/tut_interface/msg/detail/sphere__functions.c
-- Up-to-date: /home/user/ros2_ws2/install/tut_interface/include/tut_interface/msg/detail/num__functions.h
-- Up-to-date: /home/user/ros2_ws2/install/tut_interface/include/tut_interface/msg/detail/num__type_support.h
-- Up-to-date: /home/user/ros2_ws2/install/tut_interface/include/tut_interface/msg/num.h
-- Up-to-date: /home/user/ros2_ws2/install/tut_interface/include/tut_interface/msg/sphere.h
-- Up-to-date: /home/user/ros2_ws2/install/tut_interface/include/tut_interface/msg/rosidl_generator_c__visibility_control.h
-- Up-to-date: /home/user/ros2_ws2/install/tut_interface/share/tut_interface/environment/library_path.sh
-- Up-to-date: /home/user/ros2_ws2/install/tut_interface/share/tut_interface/environment/library_path.dsv
-- Up-to-date: /home/user/ros2_ws2/install/tut_interface/lib/libtut_interface__rosidl_generator_c.so
-- Up-to-date: /home/user/ros2_ws2/install/tut_interface/include/tut_interface
-- Up-to-date: /home/user/ros2_ws2/install/tut_interface/include/tut_interface/srv
-- Up-to-date: /home/user/ros2_ws2/install/tut_interface/include/tut_interface/srv/detail
-- Up-to-date: /home/user/ros2_ws2/install/tut_interface/include/tut_interface/srv/detail/add_three_ints__rosidl_typesupport_fastrtps_c.h
-- Up-to-date: /home/user/ros2_ws2/install/tut_interface/include/tut_interface/msg
-- Up-to-date: /home/user/ros2_ws2/install/tut_interface/include/tut_interface/msg/detail
-- Up-to-date: /home/user/ros2_ws2/install/tut_interface/include/tut_interface/msg/detail/num__rosidl_typesupport_fastrtps_c.h
-- Up-to-date: /home/user/ros2_ws2/install/tut_interface/include/tut_interface/msg/detail/sphere__rosidl_typesupport_fastrtps_c.h
-- Up-to-date: /home/user/ros2_ws2/install/tut_interface/include/tut_interface/msg/rosidl_typesupport_fastrtps_c__visibility_control.h
-- Up-to-date: /home/user/ros2_ws2/install/tut_interface/lib/libtut_interface__rosidl_typesupport_fastrtps_c.so
-- Up-to-date: /home/user/ros2_ws2/install/tut_interface/include/tut_interface
-- Up-to-date: /home/user/ros2_ws2/install/tut_interface/include/tut_interface/srv
-- Up-to-date: /home/user/ros2_ws2/install/tut_interface/include/tut_interface/srv/detail
-- Up-to-date: /home/user/ros2_ws2/install/tut_interface/include/tut_interface/srv/detail/dds_fastrtps
-- Up-to-date: /home/user/ros2_ws2/install/tut_interface/include/tut_interface/srv/detail/add_three_ints__rosidl_typesupport_fastrtps_cpp.hpp
-- Up-to-date: /home/user/ros2_ws2/install/tut_interface/include/tut_interface/msg
-- Up-to-date: /home/user/ros2_ws2/install/tut_interface/include/tut_interface/msg/detail
-- Up-to-date: /home/user/ros2_ws2/install/tut_interface/include/tut_interface/msg/detail/num__rosidl_typesupport_fastrtps_cpp.hpp
-- Up-to-date: /home/user/ros2_ws2/install/tut_interface/include/tut_interface/msg/detail/dds_fastrtps
-- Up-to-date: /home/user/ros2_ws2/install/tut_interface/include/tut_interface/msg/detail/sphere__rosidl_typesupport_fastrtps_cpp.hpp
-- Up-to-date: /home/user/ros2_ws2/install/tut_interface/include/tut_interface/msg/rosidl_typesupport_fastrtps_cpp__visibility_control.h
-- Up-to-date: /home/user/ros2_ws2/install/tut_interface/lib/libtut_interface__rosidl_typesupport_fastrtps_cpp.so
-- Up-to-date: /home/user/ros2_ws2/install/tut_interface/include/tut_interface
-- Up-to-date: /home/user/ros2_ws2/install/tut_interface/include/tut_interface/srv
-- Up-to-date: /home/user/ros2_ws2/install/tut_interface/include/tut_interface/srv/detail
-- Up-to-date: /home/user/ros2_ws2/install/tut_interface/include/tut_interface/srv/detail/add_three_ints__type_support.c
-- Up-to-date: /home/user/ros2_ws2/install/tut_interface/include/tut_interface/srv/detail/add_three_ints__rosidl_typesupport_introspection_c.h
-- Up-to-date: /home/user/ros2_ws2/install/tut_interface/include/tut_interface/msg
-- Up-to-date: /home/user/ros2_ws2/install/tut_interface/include/tut_interface/msg/detail
-- Up-to-date: /home/user/ros2_ws2/install/tut_interface/include/tut_interface/msg/detail/sphere__type_support.c
-- Up-to-date: /home/user/ros2_ws2/install/tut_interface/include/tut_interface/msg/detail/sphere__rosidl_typesupport_introspection_c.h
-- Up-to-date: /home/user/ros2_ws2/install/tut_interface/include/tut_interface/msg/detail/num__type_support.c
-- Up-to-date: /home/user/ros2_ws2/install/tut_interface/include/tut_interface/msg/detail/num__rosidl_typesupport_introspection_c.h
-- Up-to-date: /home/user/ros2_ws2/install/tut_interface/include/tut_interface/msg/rosidl_typesupport_introspection_c__visibility_control.h
-- Up-to-date: /home/user/ros2_ws2/install/tut_interface/lib/libtut_interface__rosidl_typesupport_introspection_c.so
-- Up-to-date: /home/user/ros2_ws2/install/tut_interface/lib/libtut_interface__rosidl_typesupport_c.so
-- Up-to-date: /home/user/ros2_ws2/install/tut_interface/include/tut_interface
-- Up-to-date: /home/user/ros2_ws2/install/tut_interface/include/tut_interface/srv
-- Up-to-date: /home/user/ros2_ws2/install/tut_interface/include/tut_interface/srv/detail
-- Up-to-date: /home/user/ros2_ws2/install/tut_interface/include/tut_interface/srv/detail/add_three_ints__struct.hpp
-- Up-to-date: /home/user/ros2_ws2/install/tut_interface/include/tut_interface/srv/detail/add_three_ints__builder.hpp
-- Up-to-date: /home/user/ros2_ws2/install/tut_interface/include/tut_interface/srv/detail/add_three_ints__type_support.hpp
-- Up-to-date: /home/user/ros2_ws2/install/tut_interface/include/tut_interface/srv/detail/add_three_ints__traits.hpp
-- Up-to-date: /home/user/ros2_ws2/install/tut_interface/include/tut_interface/srv/add_three_ints.hpp
-- Up-to-date: /home/user/ros2_ws2/install/tut_interface/include/tut_interface/msg
-- Up-to-date: /home/user/ros2_ws2/install/tut_interface/include/tut_interface/msg/detail
-- Up-to-date: /home/user/ros2_ws2/install/tut_interface/include/tut_interface/msg/detail/sphere__traits.hpp
-- Up-to-date: /home/user/ros2_ws2/install/tut_interface/include/tut_interface/msg/detail/num__type_support.hpp
-- Up-to-date: /home/user/ros2_ws2/install/tut_interface/include/tut_interface/msg/detail/sphere__builder.hpp
-- Up-to-date: /home/user/ros2_ws2/install/tut_interface/include/tut_interface/msg/detail/sphere__type_support.hpp
-- Up-to-date: /home/user/ros2_ws2/install/tut_interface/include/tut_interface/msg/detail/num__traits.hpp
-- Up-to-date: /home/user/ros2_ws2/install/tut_interface/include/tut_interface/msg/detail/num__struct.hpp
-- Up-to-date: /home/user/ros2_ws2/install/tut_interface/include/tut_interface/msg/detail/sphere__struct.hpp
-- Up-to-date: /home/user/ros2_ws2/install/tut_interface/include/tut_interface/msg/detail/num__builder.hpp
-- Up-to-date: /home/user/ros2_ws2/install/tut_interface/include/tut_interface/msg/rosidl_generator_cpp__visibility_control.hpp
-- Up-to-date: /home/user/ros2_ws2/install/tut_interface/include/tut_interface/msg/num.hpp
-- Up-to-date: /home/user/ros2_ws2/install/tut_interface/include/tut_interface/msg/sphere.hpp
-- Up-to-date: /home/user/ros2_ws2/install/tut_interface/include/tut_interface
-- Up-to-date: /home/user/ros2_ws2/install/tut_interface/include/tut_interface/srv
-- Up-to-date: /home/user/ros2_ws2/install/tut_interface/include/tut_interface/srv/detail
-- Up-to-date: /home/user/ros2_ws2/install/tut_interface/include/tut_interface/srv/detail/add_three_ints__type_support.cpp
-- Up-to-date: /home/user/ros2_ws2/install/tut_interface/include/tut_interface/srv/detail/add_three_ints__rosidl_typesupport_introspection_cpp.hpp
-- Up-to-date: /home/user/ros2_ws2/install/tut_interface/include/tut_interface/msg
-- Up-to-date: /home/user/ros2_ws2/install/tut_interface/include/tut_interface/msg/detail
-- Up-to-date: /home/user/ros2_ws2/install/tut_interface/include/tut_interface/msg/detail/num__rosidl_typesupport_introspection_cpp.hpp
-- Up-to-date: /home/user/ros2_ws2/install/tut_interface/include/tut_interface/msg/detail/num__type_support.cpp
-- Up-to-date: /home/user/ros2_ws2/install/tut_interface/include/tut_interface/msg/detail/sphere__rosidl_typesupport_introspection_cpp.hpp
-- Up-to-date: /home/user/ros2_ws2/install/tut_interface/include/tut_interface/msg/detail/sphere__type_support.cpp
-- Up-to-date: /home/user/ros2_ws2/install/tut_interface/lib/libtut_interface__rosidl_typesupport_introspection_cpp.so
-- Up-to-date: /home/user/ros2_ws2/install/tut_interface/lib/libtut_interface__rosidl_typesupport_cpp.so
-- Up-to-date: /home/user/ros2_ws2/install/tut_interface/share/tut_interface/environment/pythonpath.sh
-- Up-to-date: /home/user/ros2_ws2/install/tut_interface/share/tut_interface/environment/pythonpath.dsv
-- Up-to-date: /home/user/ros2_ws2/install/tut_interface/lib/python3.8/site-packages/tut_interface/__init__.py
-- Up-to-date: /home/user/ros2_ws2/install/tut_interface/lib/python3.8/site-packages/tut_interface/msg
-- Up-to-date: /home/user/ros2_ws2/install/tut_interface/lib/python3.8/site-packages/tut_interface/msg/_num_s.c
-- Up-to-date: /home/user/ros2_ws2/install/tut_interface/lib/python3.8/site-packages/tut_interface/msg/__init__.py
-- Up-to-date: /home/user/ros2_ws2/install/tut_interface/lib/python3.8/site-packages/tut_interface/msg/_num.py
-- Up-to-date: /home/user/ros2_ws2/install/tut_interface/lib/python3.8/site-packages/tut_interface/msg/_sphere_s.c
-- Up-to-date: /home/user/ros2_ws2/install/tut_interface/lib/python3.8/site-packages/tut_interface/msg/_sphere.py
-- Up-to-date: /home/user/ros2_ws2/install/tut_interface/lib/python3.8/site-packages/tut_interface/srv
-- Up-to-date: /home/user/ros2_ws2/install/tut_interface/lib/python3.8/site-packages/tut_interface/srv/__init__.py
-- Up-to-date: /home/user/ros2_ws2/install/tut_interface/lib/python3.8/site-packages/tut_interface/srv/_add_three_ints.py
-- Up-to-date: /home/user/ros2_ws2/install/tut_interface/lib/python3.8/site-packages/tut_interface/srv/_add_three_ints_s.c
-- Up-to-date: /home/user/ros2_ws2/install/tut_interface/lib/python3.8/site-packages/tut_interface/tut_interface_s__rosidl_typesupport_fastrtps_c.cpython-38-x86_64-linux-gnu.so
-- Up-to-date: /home/user/ros2_ws2/install/tut_interface/lib/python3.8/site-packages/tut_interface/tut_interface_s__rosidl_typesupport_introspection_c.cpython-38-x86_64-linux-gnu.so
-- Up-to-date: /home/user/ros2_ws2/install/tut_interface/lib/python3.8/site-packages/tut_interface/tut_interface_s__rosidl_typesupport_c.cpython-38-x86_64-linux-gnu.so
-- Up-to-date: /home/user/ros2_ws2/install/tut_interface/lib/libtut_interface__python.so
-- Up-to-date: /home/user/ros2_ws2/install/tut_interface/share/tut_interface/msg/Num.idl
-- Up-to-date: /home/user/ros2_ws2/install/tut_interface/share/tut_interface/msg/Sphere.idl
-- Up-to-date: /home/user/ros2_ws2/install/tut_interface/share/tut_interface/srv/AddThreeInts.idl
-- Up-to-date: /home/user/ros2_ws2/install/tut_interface/share/tut_interface/msg/Num.msg
-- Up-to-date: /home/user/ros2_ws2/install/tut_interface/share/tut_interface/msg/Sphere.msg
-- Up-to-date: /home/user/ros2_ws2/install/tut_interface/share/tut_interface/srv/AddThreeInts.srv
-- Up-to-date: /home/user/ros2_ws2/install/tut_interface/share/tut_interface/srv/AddThreeInts_Request.msg
-- Up-to-date: /home/user/ros2_ws2/install/tut_interface/share/tut_interface/srv/AddThreeInts_Response.msg
-- Up-to-date: /home/user/ros2_ws2/install/tut_interface/share/ament_index/resource_index/package_run_dependencies/tut_interface
-- Up-to-date: /home/user/ros2_ws2/install/tut_interface/share/ament_index/resource_index/parent_prefix_path/tut_interface
-- Up-to-date: /home/user/ros2_ws2/install/tut_interface/share/tut_interface/environment/ament_prefix_path.sh
-- Up-to-date: /home/user/ros2_ws2/install/tut_interface/share/tut_interface/environment/ament_prefix_path.dsv
-- Up-to-date: /home/user/ros2_ws2/install/tut_interface/share/tut_interface/environment/path.sh
-- Up-to-date: /home/user/ros2_ws2/install/tut_interface/share/tut_interface/environment/path.dsv
-- Up-to-date: /home/user/ros2_ws2/install/tut_interface/share/tut_interface/local_setup.bash
-- Up-to-date: /home/user/ros2_ws2/install/tut_interface/share/tut_interface/local_setup.sh
-- Up-to-date: /home/user/ros2_ws2/install/tut_interface/share/tut_interface/local_setup.zsh
-- Up-to-date: /home/user/ros2_ws2/install/tut_interface/share/tut_interface/local_setup.dsv
-- Up-to-date: /home/user/ros2_ws2/install/tut_interface/share/tut_interface/package.dsv
-- Up-to-date: /home/user/ros2_ws2/install/tut_interface/share/ament_index/resource_index/packages/tut_interface
-- Up-to-date: /home/user/ros2_ws2/install/tut_interface/share/tut_interface/cmake/tut_interface__rosidl_generator_cExport.cmake
-- Up-to-date: /home/user/ros2_ws2/install/tut_interface/share/tut_interface/cmake/tut_interface__rosidl_generator_cExport-noconfig.cmake
-- Up-to-date: /home/user/ros2_ws2/install/tut_interface/share/tut_interface/cmake/tut_interface__rosidl_typesupport_introspection_cExport.cmake
-- Up-to-date: /home/user/ros2_ws2/install/tut_interface/share/tut_interface/cmake/tut_interface__rosidl_typesupport_introspection_cExport-noconfig.cmake
-- Up-to-date: /home/user/ros2_ws2/install/tut_interface/share/tut_interface/cmake/tut_interface__rosidl_typesupport_cExport.cmake
-- Up-to-date: /home/user/ros2_ws2/install/tut_interface/share/tut_interface/cmake/tut_interface__rosidl_typesupport_cExport-noconfig.cmake
-- Up-to-date: /home/user/ros2_ws2/install/tut_interface/share/tut_interface/cmake/tut_interface__rosidl_generator_cppExport.cmake
-- Up-to-date: /home/user/ros2_ws2/install/tut_interface/share/tut_interface/cmake/tut_interface__rosidl_typesupport_introspection_cppExport.cmake
-- Up-to-date: /home/user/ros2_ws2/install/tut_interface/share/tut_interface/cmake/tut_interface__rosidl_typesupport_introspection_cppExport-noconfig.cmake
-- Up-to-date: /home/user/ros2_ws2/install/tut_interface/share/tut_interface/cmake/tut_interface__rosidl_typesupport_cppExport.cmake
-- Up-to-date: /home/user/ros2_ws2/install/tut_interface/share/tut_interface/cmake/tut_interface__rosidl_typesupport_cppExport-noconfig.cmake
-- Up-to-date: /home/user/ros2_ws2/install/tut_interface/share/tut_interface/cmake/rosidl_cmake-extras.cmake
-- Up-to-date: /home/user/ros2_ws2/install/tut_interface/share/tut_interface/cmake/ament_cmake_export_dependencies-extras.cmake
-- Up-to-date: /home/user/ros2_ws2/install/tut_interface/share/tut_interface/cmake/ament_cmake_export_libraries-extras.cmake
-- Up-to-date: /home/user/ros2_ws2/install/tut_interface/share/tut_interface/cmake/ament_cmake_export_targets-extras.cmake
-- Up-to-date: /home/user/ros2_ws2/install/tut_interface/share/tut_interface/cmake/ament_cmake_export_include_directories-extras.cmake
-- Up-to-date: /home/user/ros2_ws2/install/tut_interface/share/tut_interface/cmake/rosidl_cmake_export_typesupport_libraries-extras.cmake
-- Up-to-date: /home/user/ros2_ws2/install/tut_interface/share/tut_interface/cmake/rosidl_cmake_export_typesupport_targets-extras.cmake
-- Up-to-date: /home/user/ros2_ws2/install/tut_interface/share/tut_interface/cmake/tut_interfaceConfig.cmake
-- Up-to-date: /home/user/ros2_ws2/install/tut_interface/share/tut_interface/cmake/tut_interfaceConfig-version.cmake
-- Up-to-date: /home/user/ros2_ws2/install/tut_interface/share/tut_interface/package.xml
