[0.047s] Invoking command in '/home/user/ros2_ws2/build/tut_interface': /usr/bin/cmake --build /home/user/ros2_ws2/build/tut_interface -- -j16 -l16
[0.113s] [  2%] Built target tut_interface__cpp
[0.117s] [ 12%] Built target tut_interface__rosidl_generator_c
[0.134s] [ 23%] Built target tut_interface__rosidl_typesupport_cpp
[0.137s] [ 34%] Built target tut_interface__rosidl_typesupport_fastrtps_cpp
[0.140s] [ 44%] Built target tut_interface__rosidl_typesupport_introspection_cpp
[0.141s] [ 55%] Built target tut_interface__rosidl_typesupport_introspection_c
[0.143s] [ 65%] Built target tut_interface__rosidl_typesupport_c
[0.174s] [ 76%] Built target tut_interface__rosidl_typesupport_fastrtps_c
[0.199s] [ 76%] Built target tut_interface
[0.227s] [ 78%] Built target tut_interface__py
[0.267s] [ 87%] Built target tut_interface__python
[0.294s] [ 91%] Built target tut_interface__rosidl_typesupport_c__pyext
[0.295s] [ 95%] Built target tut_interface__rosidl_typesupport_fastrtps_c__pyext
[0.304s] [100%] Built target tut_interface__rosidl_typesupport_introspection_c__pyext
[0.319s] Invoked command in '/home/user/ros2_ws2/build/tut_interface' returned '0': /usr/bin/cmake --build /home/user/ros2_ws2/build/tut_interface -- -j16 -l16
[0.383s] Invoking command in '/home/user/ros2_ws2/build/tut_interface': /usr/bin/cmake --install /home/user/ros2_ws2/build/tut_interface
[0.395s] -- Install configuration: ""
[0.396s] -- Up-to-date: /home/user/ros2_ws2/install/tut_interface/share/ament_index/resource_index/rosidl_interfaces/tut_interface
[0.396s] -- Up-to-date: /home/user/ros2_ws2/install/tut_interface/include/tut_interface
[0.396s] -- Up-to-date: /home/user/ros2_ws2/install/tut_interface/include/tut_interface/srv
[0.396s] -- Up-to-date: /home/user/ros2_ws2/install/tut_interface/include/tut_interface/srv/detail
[0.396s] -- Up-to-date: /home/user/ros2_ws2/install/tut_interface/include/tut_interface/srv/detail/add_three_ints__functions.c
[0.397s] -- Up-to-date: /home/user/ros2_ws2/install/tut_interface/include/tut_interface/srv/detail/add_three_ints__struct.h
[0.397s] -- Up-to-date: /home/user/ros2_ws2/install/tut_interface/include/tut_interface/srv/detail/add_three_ints__functions.h
[0.397s] -- Up-to-date: /home/user/ros2_ws2/install/tut_interface/include/tut_interface/srv/detail/add_three_ints__type_support.h
[0.397s] -- Up-to-date: /home/user/ros2_ws2/install/tut_interface/include/tut_interface/srv/add_three_ints.h
[0.397s] -- Up-to-date: /home/user/ros2_ws2/install/tut_interface/include/tut_interface/msg
[0.397s] -- Up-to-date: /home/user/ros2_ws2/install/tut_interface/include/tut_interface/msg/detail
[0.397s] -- Up-to-date: /home/user/ros2_ws2/install/tut_interface/include/tut_interface/msg/detail/sphere__functions.h
[0.397s] -- Up-to-date: /home/user/ros2_ws2/install/tut_interface/include/tut_interface/msg/detail/sphere__struct.h
[0.397s] -- Up-to-date: /home/user/ros2_ws2/install/tut_interface/include/tut_interface/msg/detail/num__functions.c
[0.397s] -- Up-to-date: /home/user/ros2_ws2/install/tut_interface/include/tut_interface/msg/detail/num__struct.h
[0.397s] -- Up-to-date: /home/user/ros2_ws2/install/tut_interface/include/tut_interface/msg/detail/sphere__type_support.h
[0.398s] -- Up-to-date: /home/user/ros2_ws2/install/tut_interface/include/tut_interface/msg/detail/sphere__functions.c
[0.398s] -- Up-to-date: /home/user/ros2_ws2/install/tut_interface/include/tut_interface/msg/detail/num__functions.h
[0.398s] -- Up-to-date: /home/user/ros2_ws2/install/tut_interface/include/tut_interface/msg/detail/num__type_support.h
[0.398s] -- Up-to-date: /home/user/ros2_ws2/install/tut_interface/include/tut_interface/msg/num.h
[0.398s] -- Up-to-date: /home/user/ros2_ws2/install/tut_interface/include/tut_interface/msg/sphere.h
[0.399s] -- Up-to-date: /home/user/ros2_ws2/install/tut_interface/include/tut_interface/msg/rosidl_generator_c__visibility_control.h
[0.399s] -- Up-to-date: /home/user/ros2_ws2/install/tut_interface/share/tut_interface/environment/library_path.sh
[0.399s] -- Up-to-date: /home/user/ros2_ws2/install/tut_interface/share/tut_interface/environment/library_path.dsv
[0.399s] -- Up-to-date: /home/user/ros2_ws2/install/tut_interface/lib/libtut_interface__rosidl_generator_c.so
[0.399s] -- Up-to-date: /home/user/ros2_ws2/install/tut_interface/include/tut_interface
[0.399s] -- Up-to-date: /home/user/ros2_ws2/install/tut_interface/include/tut_interface/srv
[0.400s] -- Up-to-date: /home/user/ros2_ws2/install/tut_interface/include/tut_interface/srv/detail
[0.400s] -- Up-to-date: /home/user/ros2_ws2/install/tut_interface/include/tut_interface/srv/detail/add_three_ints__rosidl_typesupport_fastrtps_c.h
[0.400s] -- Up-to-date: /home/user/ros2_ws2/install/tut_interface/include/tut_interface/msg
[0.400s] -- Up-to-date: /home/user/ros2_ws2/install/tut_interface/include/tut_interface/msg/detail
[0.400s] -- Up-to-date: /home/user/ros2_ws2/install/tut_interface/include/tut_interface/msg/detail/num__rosidl_typesupport_fastrtps_c.h
[0.400s] -- Up-to-date: /home/user/ros2_ws2/install/tut_interface/include/tut_interface/msg/detail/sphere__rosidl_typesupport_fastrtps_c.h
[0.400s] -- Up-to-date: /home/user/ros2_ws2/install/tut_interface/include/tut_interface/msg/rosidl_typesupport_fastrtps_c__visibility_control.h
[0.401s] -- Up-to-date: /home/user/ros2_ws2/install/tut_interface/lib/libtut_interface__rosidl_typesupport_fastrtps_c.so
[0.401s] -- Up-to-date: /home/user/ros2_ws2/install/tut_interface/include/tut_interface
[0.401s] -- Up-to-date: /home/user/ros2_ws2/install/tut_interface/include/tut_interface/srv
[0.401s] -- Up-to-date: /home/user/ros2_ws2/install/tut_interface/include/tut_interface/srv/detail
[0.401s] -- Up-to-date: /home/user/ros2_ws2/install/tut_interface/include/tut_interface/srv/detail/dds_fastrtps
[0.401s] -- Up-to-date: /home/user/ros2_ws2/install/tut_interface/include/tut_interface/srv/detail/add_three_ints__rosidl_typesupport_fastrtps_cpp.hpp
[0.401s] -- Up-to-date: /home/user/ros2_ws2/install/tut_interface/include/tut_interface/msg
[0.401s] -- Up-to-date: /home/user/ros2_ws2/install/tut_interface/include/tut_interface/msg/detail
[0.402s] -- Up-to-date: /home/user/ros2_ws2/install/tut_interface/include/tut_interface/msg/detail/num__rosidl_typesupport_fastrtps_cpp.hpp
[0.402s] -- Up-to-date: /home/user/ros2_ws2/install/tut_interface/include/tut_interface/msg/detail/dds_fastrtps
[0.402s] -- Up-to-date: /home/user/ros2_ws2/install/tut_interface/include/tut_interface/msg/detail/sphere__rosidl_typesupport_fastrtps_cpp.hpp
[0.402s] -- Up-to-date: /home/user/ros2_ws2/install/tut_interface/include/tut_interface/msg/rosidl_typesupport_fastrtps_cpp__visibility_control.h
[0.402s] -- Up-to-date: /home/user/ros2_ws2/install/tut_interface/lib/libtut_interface__rosidl_typesupport_fastrtps_cpp.so
[0.402s] -- Up-to-date: /home/user/ros2_ws2/install/tut_interface/include/tut_interface
[0.402s] -- Up-to-date: /home/user/ros2_ws2/install/tut_interface/include/tut_interface/srv
[0.402s] -- Up-to-date: /home/user/ros2_ws2/install/tut_interface/include/tut_interface/srv/detail
[0.402s] -- Up-to-date: /home/user/ros2_ws2/install/tut_interface/include/tut_interface/srv/detail/add_three_ints__type_support.c
[0.403s] -- Up-to-date: /home/user/ros2_ws2/install/tut_interface/include/tut_interface/srv/detail/add_three_ints__rosidl_typesupport_introspection_c.h
[0.403s] -- Up-to-date: /home/user/ros2_ws2/install/tut_interface/include/tut_interface/msg
[0.403s] -- Up-to-date: /home/user/ros2_ws2/install/tut_interface/include/tut_interface/msg/detail
[0.403s] -- Up-to-date: /home/user/ros2_ws2/install/tut_interface/include/tut_interface/msg/detail/sphere__type_support.c
[0.403s] -- Up-to-date: /home/user/ros2_ws2/install/tut_interface/include/tut_interface/msg/detail/sphere__rosidl_typesupport_introspection_c.h
[0.403s] -- Up-to-date: /home/user/ros2_ws2/install/tut_interface/include/tut_interface/msg/detail/num__type_support.c
[0.403s] -- Up-to-date: /home/user/ros2_ws2/install/tut_interface/include/tut_interface/msg/detail/num__rosidl_typesupport_introspection_c.h
[0.403s] -- Up-to-date: /home/user/ros2_ws2/install/tut_interface/include/tut_interface/msg/rosidl_typesupport_introspection_c__visibility_control.h
[0.403s] -- Up-to-date: /home/user/ros2_ws2/install/tut_interface/lib/libtut_interface__rosidl_typesupport_introspection_c.so
[0.404s] -- Up-to-date: /home/user/ros2_ws2/install/tut_interface/lib/libtut_interface__rosidl_typesupport_c.so
[0.404s] -- Up-to-date: /home/user/ros2_ws2/install/tut_interface/include/tut_interface
[0.404s] -- Up-to-date: /home/user/ros2_ws2/install/tut_interface/include/tut_interface/srv
[0.404s] -- Up-to-date: /home/user/ros2_ws2/install/tut_interface/include/tut_interface/srv/detail
[0.404s] -- Up-to-date: /home/user/ros2_ws2/install/tut_interface/include/tut_interface/srv/detail/add_three_ints__struct.hpp
[0.404s] -- Up-to-date: /home/user/ros2_ws2/install/tut_interface/include/tut_interface/srv/detail/add_three_ints__builder.hpp
[0.404s] -- Up-to-date: /home/user/ros2_ws2/install/tut_interface/include/tut_interface/srv/detail/add_three_ints__type_support.hpp
[0.404s] -- Up-to-date: /home/user/ros2_ws2/install/tut_interface/include/tut_interface/srv/detail/add_three_ints__traits.hpp
[0.404s] -- Up-to-date: /home/user/ros2_ws2/install/tut_interface/include/tut_interface/srv/add_three_ints.hpp
[0.405s] -- Up-to-date: /home/user/ros2_ws2/install/tut_interface/include/tut_interface/msg
[0.405s] -- Up-to-date: /home/user/ros2_ws2/install/tut_interface/include/tut_interface/msg/detail
[0.405s] -- Up-to-date: /home/user/ros2_ws2/install/tut_interface/include/tut_interface/msg/detail/sphere__traits.hpp
[0.405s] -- Up-to-date: /home/user/ros2_ws2/install/tut_interface/include/tut_interface/msg/detail/num__type_support.hpp
[0.405s] -- Up-to-date: /home/user/ros2_ws2/install/tut_interface/include/tut_interface/msg/detail/sphere__builder.hpp
[0.405s] -- Up-to-date: /home/user/ros2_ws2/install/tut_interface/include/tut_interface/msg/detail/sphere__type_support.hpp
[0.405s] -- Up-to-date: /home/user/ros2_ws2/install/tut_interface/include/tut_interface/msg/detail/num__traits.hpp
[0.405s] -- Up-to-date: /home/user/ros2_ws2/install/tut_interface/include/tut_interface/msg/detail/num__struct.hpp
[0.405s] -- Up-to-date: /home/user/ros2_ws2/install/tut_interface/include/tut_interface/msg/detail/sphere__struct.hpp
[0.406s] -- Up-to-date: /home/user/ros2_ws2/install/tut_interface/include/tut_interface/msg/detail/num__builder.hpp
[0.406s] -- Up-to-date: /home/user/ros2_ws2/install/tut_interface/include/tut_interface/msg/rosidl_generator_cpp__visibility_control.hpp
[0.406s] -- Up-to-date: /home/user/ros2_ws2/install/tut_interface/include/tut_interface/msg/num.hpp
[0.406s] -- Up-to-date: /home/user/ros2_ws2/install/tut_interface/include/tut_interface/msg/sphere.hpp
[0.406s] -- Up-to-date: /home/user/ros2_ws2/install/tut_interface/include/tut_interface
[0.406s] -- Up-to-date: /home/user/ros2_ws2/install/tut_interface/include/tut_interface/srv
[0.406s] -- Up-to-date: /home/user/ros2_ws2/install/tut_interface/include/tut_interface/srv/detail
[0.406s] -- Up-to-date: /home/user/ros2_ws2/install/tut_interface/include/tut_interface/srv/detail/add_three_ints__type_support.cpp
[0.406s] -- Up-to-date: /home/user/ros2_ws2/install/tut_interface/include/tut_interface/srv/detail/add_three_ints__rosidl_typesupport_introspection_cpp.hpp
[0.407s] -- Up-to-date: /home/user/ros2_ws2/install/tut_interface/include/tut_interface/msg
[0.407s] -- Up-to-date: /home/user/ros2_ws2/install/tut_interface/include/tut_interface/msg/detail
[0.407s] -- Up-to-date: /home/user/ros2_ws2/install/tut_interface/include/tut_interface/msg/detail/num__rosidl_typesupport_introspection_cpp.hpp
[0.407s] -- Up-to-date: /home/user/ros2_ws2/install/tut_interface/include/tut_interface/msg/detail/num__type_support.cpp
[0.407s] -- Up-to-date: /home/user/ros2_ws2/install/tut_interface/include/tut_interface/msg/detail/sphere__rosidl_typesupport_introspection_cpp.hpp
[0.407s] -- Up-to-date: /home/user/ros2_ws2/install/tut_interface/include/tut_interface/msg/detail/sphere__type_support.cpp
[0.407s] -- Up-to-date: /home/user/ros2_ws2/install/tut_interface/lib/libtut_interface__rosidl_typesupport_introspection_cpp.so
[0.407s] -- Up-to-date: /home/user/ros2_ws2/install/tut_interface/lib/libtut_interface__rosidl_typesupport_cpp.so
[0.407s] -- Up-to-date: /home/user/ros2_ws2/install/tut_interface/share/tut_interface/environment/pythonpath.sh
[0.408s] -- Up-to-date: /home/user/ros2_ws2/install/tut_interface/share/tut_interface/environment/pythonpath.dsv
[0.408s] -- Up-to-date: /home/user/ros2_ws2/install/tut_interface/lib/python3.8/site-packages/tut_interface/__init__.py
[0.429s] -- Up-to-date: /home/user/ros2_ws2/install/tut_interface/lib/python3.8/site-packages/tut_interface/msg
[0.429s] -- Up-to-date: /home/user/ros2_ws2/install/tut_interface/lib/python3.8/site-packages/tut_interface/msg/_num_s.c
[0.430s] -- Up-to-date: /home/user/ros2_ws2/install/tut_interface/lib/python3.8/site-packages/tut_interface/msg/__init__.py
[0.430s] -- Up-to-date: /home/user/ros2_ws2/install/tut_interface/lib/python3.8/site-packages/tut_interface/msg/_num.py
[0.430s] -- Up-to-date: /home/user/ros2_ws2/install/tut_interface/lib/python3.8/site-packages/tut_interface/msg/_sphere_s.c
[0.430s] -- Up-to-date: /home/user/ros2_ws2/install/tut_interface/lib/python3.8/site-packages/tut_interface/msg/_sphere.py
[0.430s] -- Up-to-date: /home/user/ros2_ws2/install/tut_interface/lib/python3.8/site-packages/tut_interface/srv
[0.430s] -- Up-to-date: /home/user/ros2_ws2/install/tut_interface/lib/python3.8/site-packages/tut_interface/srv/__init__.py
[0.431s] -- Up-to-date: /home/user/ros2_ws2/install/tut_interface/lib/python3.8/site-packages/tut_interface/srv/_add_three_ints.py
[0.431s] -- Up-to-date: /home/user/ros2_ws2/install/tut_interface/lib/python3.8/site-packages/tut_interface/srv/_add_three_ints_s.c
[0.431s] -- Up-to-date: /home/user/ros2_ws2/install/tut_interface/lib/python3.8/site-packages/tut_interface/tut_interface_s__rosidl_typesupport_fastrtps_c.cpython-38-x86_64-linux-gnu.so
[0.432s] -- Up-to-date: /home/user/ros2_ws2/install/tut_interface/lib/python3.8/site-packages/tut_interface/tut_interface_s__rosidl_typesupport_introspection_c.cpython-38-x86_64-linux-gnu.so
[0.433s] -- Up-to-date: /home/user/ros2_ws2/install/tut_interface/lib/python3.8/site-packages/tut_interface/tut_interface_s__rosidl_typesupport_c.cpython-38-x86_64-linux-gnu.so
[0.434s] -- Up-to-date: /home/user/ros2_ws2/install/tut_interface/lib/libtut_interface__python.so
[0.434s] -- Up-to-date: /home/user/ros2_ws2/install/tut_interface/share/tut_interface/msg/Num.idl
[0.435s] -- Up-to-date: /home/user/ros2_ws2/install/tut_interface/share/tut_interface/msg/Sphere.idl
[0.435s] -- Up-to-date: /home/user/ros2_ws2/install/tut_interface/share/tut_interface/srv/AddThreeInts.idl
[0.435s] -- Up-to-date: /home/user/ros2_ws2/install/tut_interface/share/tut_interface/msg/Num.msg
[0.435s] -- Up-to-date: /home/user/ros2_ws2/install/tut_interface/share/tut_interface/msg/Sphere.msg
[0.435s] -- Up-to-date: /home/user/ros2_ws2/install/tut_interface/share/tut_interface/srv/AddThreeInts.srv
[0.435s] -- Up-to-date: /home/user/ros2_ws2/install/tut_interface/share/tut_interface/srv/AddThreeInts_Request.msg
[0.436s] -- Up-to-date: /home/user/ros2_ws2/install/tut_interface/share/tut_interface/srv/AddThreeInts_Response.msg
[0.436s] -- Up-to-date: /home/user/ros2_ws2/install/tut_interface/share/ament_index/resource_index/package_run_dependencies/tut_interface
[0.436s] -- Up-to-date: /home/user/ros2_ws2/install/tut_interface/share/ament_index/resource_index/parent_prefix_path/tut_interface
[0.436s] -- Up-to-date: /home/user/ros2_ws2/install/tut_interface/share/tut_interface/environment/ament_prefix_path.sh
[0.436s] -- Up-to-date: /home/user/ros2_ws2/install/tut_interface/share/tut_interface/environment/ament_prefix_path.dsv
[0.436s] -- Up-to-date: /home/user/ros2_ws2/install/tut_interface/share/tut_interface/environment/path.sh
[0.436s] -- Up-to-date: /home/user/ros2_ws2/install/tut_interface/share/tut_interface/environment/path.dsv
[0.437s] -- Up-to-date: /home/user/ros2_ws2/install/tut_interface/share/tut_interface/local_setup.bash
[0.437s] -- Up-to-date: /home/user/ros2_ws2/install/tut_interface/share/tut_interface/local_setup.sh
[0.437s] -- Up-to-date: /home/user/ros2_ws2/install/tut_interface/share/tut_interface/local_setup.zsh
[0.437s] -- Up-to-date: /home/user/ros2_ws2/install/tut_interface/share/tut_interface/local_setup.dsv
[0.437s] -- Up-to-date: /home/user/ros2_ws2/install/tut_interface/share/tut_interface/package.dsv
[0.437s] -- Up-to-date: /home/user/ros2_ws2/install/tut_interface/share/ament_index/resource_index/packages/tut_interface
[0.437s] -- Up-to-date: /home/user/ros2_ws2/install/tut_interface/share/tut_interface/cmake/tut_interface__rosidl_generator_cExport.cmake
[0.438s] -- Up-to-date: /home/user/ros2_ws2/install/tut_interface/share/tut_interface/cmake/tut_interface__rosidl_generator_cExport-noconfig.cmake
[0.438s] -- Up-to-date: /home/user/ros2_ws2/install/tut_interface/share/tut_interface/cmake/tut_interface__rosidl_typesupport_introspection_cExport.cmake
[0.438s] -- Up-to-date: /home/user/ros2_ws2/install/tut_interface/share/tut_interface/cmake/tut_interface__rosidl_typesupport_introspection_cExport-noconfig.cmake
[0.438s] -- Up-to-date: /home/user/ros2_ws2/install/tut_interface/share/tut_interface/cmake/tut_interface__rosidl_typesupport_cExport.cmake
[0.438s] -- Up-to-date: /home/user/ros2_ws2/install/tut_interface/share/tut_interface/cmake/tut_interface__rosidl_typesupport_cExport-noconfig.cmake
[0.438s] -- Up-to-date: /home/user/ros2_ws2/install/tut_interface/share/tut_interface/cmake/tut_interface__rosidl_generator_cppExport.cmake
[0.438s] -- Up-to-date: /home/user/ros2_ws2/install/tut_interface/share/tut_interface/cmake/tut_interface__rosidl_typesupport_introspection_cppExport.cmake
[0.439s] -- Up-to-date: /home/user/ros2_ws2/install/tut_interface/share/tut_interface/cmake/tut_interface__rosidl_typesupport_introspection_cppExport-noconfig.cmake
[0.439s] -- Up-to-date: /home/user/ros2_ws2/install/tut_interface/share/tut_interface/cmake/tut_interface__rosidl_typesupport_cppExport.cmake
[0.439s] -- Up-to-date: /home/user/ros2_ws2/install/tut_interface/share/tut_interface/cmake/tut_interface__rosidl_typesupport_cppExport-noconfig.cmake
[0.439s] -- Up-to-date: /home/user/ros2_ws2/install/tut_interface/share/tut_interface/cmake/rosidl_cmake-extras.cmake
[0.439s] -- Up-to-date: /home/user/ros2_ws2/install/tut_interface/share/tut_interface/cmake/ament_cmake_export_dependencies-extras.cmake
[0.439s] -- Up-to-date: /home/user/ros2_ws2/install/tut_interface/share/tut_interface/cmake/ament_cmake_export_libraries-extras.cmake
[0.439s] -- Up-to-date: /home/user/ros2_ws2/install/tut_interface/share/tut_interface/cmake/ament_cmake_export_targets-extras.cmake
[0.439s] -- Up-to-date: /home/user/ros2_ws2/install/tut_interface/share/tut_interface/cmake/ament_cmake_export_include_directories-extras.cmake
[0.440s] -- Up-to-date: /home/user/ros2_ws2/install/tut_interface/share/tut_interface/cmake/rosidl_cmake_export_typesupport_libraries-extras.cmake
[0.440s] -- Up-to-date: /home/user/ros2_ws2/install/tut_interface/share/tut_interface/cmake/rosidl_cmake_export_typesupport_targets-extras.cmake
[0.440s] -- Up-to-date: /home/user/ros2_ws2/install/tut_interface/share/tut_interface/cmake/tut_interfaceConfig.cmake
[0.440s] -- Up-to-date: /home/user/ros2_ws2/install/tut_interface/share/tut_interface/cmake/tut_interfaceConfig-version.cmake
[0.440s] -- Up-to-date: /home/user/ros2_ws2/install/tut_interface/share/tut_interface/package.xml
[0.442s] Invoked command in '/home/user/ros2_ws2/build/tut_interface' returned '0': /usr/bin/cmake --install /home/user/ros2_ws2/build/tut_interface
