[1.463s] DEBUG:colcon:Command line arguments: ['/usr/bin/colcon', 'build']
[1.463s] DEBUG:colcon:Parsed command line arguments: Namespace(allow_overriding=[], ament_cmake_args=None, base_paths=['.'], build_base='build', catkin_cmake_args=None, catkin_skip_building_tests=False, cmake_args=None, cmake_clean_cache=False, cmake_clean_first=False, cmake_force_configure=False, cmake_target=None, cmake_target_skip_unavailable=False, continue_on_error=False, event_handlers=None, executor='parallel', ignore_user_meta=False, install_base='install', log_base=None, log_level=None, main=<bound method BuildVerb.main of <colcon_core.verb.build.BuildVerb object at 0x7fafee5d6ac0>>, merge_install=False, metas=['./colcon.meta'], packages_above=None, packages_above_and_dependencies=None, packages_above_depth=None, packages_end=None, packages_ignore=None, packages_ignore_regex=None, packages_select=None, packages_select_build_failed=False, packages_select_by_dep=None, packages_select_regex=None, packages_select_test_failures=False, packages_skip=None, packages_skip_build_finished=False, packages_skip_by_dep=None, packages_skip_regex=None, packages_skip_test_passed=False, packages_skip_up_to=None, packages_start=None, packages_up_to=None, packages_up_to_regex=None, parallel_workers=16, paths=None, symlink_install=False, test_result_base=None, verb_extension=<colcon_core.verb.build.BuildVerb object at 0x7fafee5d6ac0>, verb_name='build', verb_parser=<colcon_defaults.argument_parser.defaults.DefaultArgumentsDecorator object at 0x7fafee214ee0>)
[1.526s] Level 1:colcon.colcon_core.package_discovery:discover_packages(colcon_meta) check parameters
[1.526s] Level 1:colcon.colcon_core.package_discovery:discover_packages(recursive) check parameters
[1.526s] Level 1:colcon.colcon_core.package_discovery:discover_packages(ignore) check parameters
[1.526s] Level 1:colcon.colcon_core.package_discovery:discover_packages(path) check parameters
[1.526s] Level 1:colcon.colcon_core.package_discovery:discover_packages(colcon_meta) discover
[1.526s] Level 1:colcon.colcon_core.package_discovery:discover_packages(recursive) discover
[1.526s] INFO:colcon.colcon_core.package_discovery:Crawling recursively for packages in '/home/user/ros2_ws2'
[1.526s] Level 1:colcon.colcon_core.package_identification:_identify(.) by extensions ['ignore', 'ignore_ament_install']
[1.526s] Level 1:colcon.colcon_core.package_identification:_identify(.) by extension 'ignore'
[1.526s] Level 1:colcon.colcon_core.package_identification:_identify(.) by extension 'ignore_ament_install'
[1.526s] Level 1:colcon.colcon_core.package_identification:_identify(.) by extensions ['colcon_pkg']
[1.526s] Level 1:colcon.colcon_core.package_identification:_identify(.) by extension 'colcon_pkg'
[1.526s] Level 1:colcon.colcon_core.package_identification:_identify(.) by extensions ['colcon_meta']
[1.526s] Level 1:colcon.colcon_core.package_identification:_identify(.) by extension 'colcon_meta'
[1.526s] Level 1:colcon.colcon_core.package_identification:_identify(.) by extensions ['ros']
[1.526s] Level 1:colcon.colcon_core.package_identification:_identify(.) by extension 'ros'
[1.534s] Level 1:colcon.colcon_core.package_identification:_identify(.) by extensions ['cmake', 'python']
[1.534s] Level 1:colcon.colcon_core.package_identification:_identify(.) by extension 'cmake'
[1.534s] Level 1:colcon.colcon_core.package_identification:_identify(.) by extension 'python'
[1.534s] Level 1:colcon.colcon_core.package_identification:_identify(.) by extensions ['python_setup_py']
[1.534s] Level 1:colcon.colcon_core.package_identification:_identify(.) by extension 'python_setup_py'
[1.534s] Level 1:colcon.colcon_core.package_identification:_identify(build) by extensions ['ignore', 'ignore_ament_install']
[1.534s] Level 1:colcon.colcon_core.package_identification:_identify(build) by extension 'ignore'
[1.534s] Level 1:colcon.colcon_core.package_identification:_identify(build) ignored
[1.535s] Level 1:colcon.colcon_core.package_identification:_identify(install) by extensions ['ignore', 'ignore_ament_install']
[1.535s] Level 1:colcon.colcon_core.package_identification:_identify(install) by extension 'ignore'
[1.535s] Level 1:colcon.colcon_core.package_identification:_identify(install) ignored
[1.535s] Level 1:colcon.colcon_core.package_identification:_identify(log) by extensions ['ignore', 'ignore_ament_install']
[1.535s] Level 1:colcon.colcon_core.package_identification:_identify(log) by extension 'ignore'
[1.535s] Level 1:colcon.colcon_core.package_identification:_identify(log) ignored
[1.535s] Level 1:colcon.colcon_core.package_identification:_identify(src) by extensions ['ignore', 'ignore_ament_install']
[1.535s] Level 1:colcon.colcon_core.package_identification:_identify(src) by extension 'ignore'
[1.535s] Level 1:colcon.colcon_core.package_identification:_identify(src) by extension 'ignore_ament_install'
[1.535s] Level 1:colcon.colcon_core.package_identification:_identify(src) by extensions ['colcon_pkg']
[1.535s] Level 1:colcon.colcon_core.package_identification:_identify(src) by extension 'colcon_pkg'
[1.535s] Level 1:colcon.colcon_core.package_identification:_identify(src) by extensions ['colcon_meta']
[1.535s] Level 1:colcon.colcon_core.package_identification:_identify(src) by extension 'colcon_meta'
[1.535s] Level 1:colcon.colcon_core.package_identification:_identify(src) by extensions ['ros']
[1.535s] Level 1:colcon.colcon_core.package_identification:_identify(src) by extension 'ros'
[1.535s] Level 1:colcon.colcon_core.package_identification:_identify(src) by extensions ['cmake', 'python']
[1.535s] Level 1:colcon.colcon_core.package_identification:_identify(src) by extension 'cmake'
[1.535s] Level 1:colcon.colcon_core.package_identification:_identify(src) by extension 'python'
[1.535s] Level 1:colcon.colcon_core.package_identification:_identify(src) by extensions ['python_setup_py']
[1.535s] Level 1:colcon.colcon_core.package_identification:_identify(src) by extension 'python_setup_py'
[1.535s] Level 1:colcon.colcon_core.package_identification:_identify(src/aliriza) by extensions ['ignore', 'ignore_ament_install']
[1.535s] Level 1:colcon.colcon_core.package_identification:_identify(src/aliriza) by extension 'ignore'
[1.535s] Level 1:colcon.colcon_core.package_identification:_identify(src/aliriza) by extension 'ignore_ament_install'
[1.535s] Level 1:colcon.colcon_core.package_identification:_identify(src/aliriza) by extensions ['colcon_pkg']
[1.536s] Level 1:colcon.colcon_core.package_identification:_identify(src/aliriza) by extension 'colcon_pkg'
[1.536s] Level 1:colcon.colcon_core.package_identification:_identify(src/aliriza) by extensions ['colcon_meta']
[1.536s] Level 1:colcon.colcon_core.package_identification:_identify(src/aliriza) by extension 'colcon_meta'
[1.536s] Level 1:colcon.colcon_core.package_identification:_identify(src/aliriza) by extensions ['ros']
[1.536s] Level 1:colcon.colcon_core.package_identification:_identify(src/aliriza) by extension 'ros'
[1.537s] DEBUG:colcon.colcon_core.package_identification:Package 'src/aliriza' with type 'ros.ament_python' and name 'aliriza'
[1.537s] Level 1:colcon.colcon_core.package_identification:_identify(src/tut_interface) by extensions ['ignore', 'ignore_ament_install']
[1.537s] Level 1:colcon.colcon_core.package_identification:_identify(src/tut_interface) by extension 'ignore'
[1.537s] Level 1:colcon.colcon_core.package_identification:_identify(src/tut_interface) by extension 'ignore_ament_install'
[1.538s] Level 1:colcon.colcon_core.package_identification:_identify(src/tut_interface) by extensions ['colcon_pkg']
[1.538s] Level 1:colcon.colcon_core.package_identification:_identify(src/tut_interface) by extension 'colcon_pkg'
[1.538s] Level 1:colcon.colcon_core.package_identification:_identify(src/tut_interface) by extensions ['colcon_meta']
[1.538s] Level 1:colcon.colcon_core.package_identification:_identify(src/tut_interface) by extension 'colcon_meta'
[1.538s] Level 1:colcon.colcon_core.package_identification:_identify(src/tut_interface) by extensions ['ros']
[1.538s] Level 1:colcon.colcon_core.package_identification:_identify(src/tut_interface) by extension 'ros'
[1.538s] DEBUG:colcon.colcon_core.package_identification:Package 'src/tut_interface' with type 'ros.ament_cmake' and name 'tut_interface'
[1.538s] Level 1:colcon.colcon_core.package_discovery:discover_packages(recursive) using defaults
[1.538s] Level 1:colcon.colcon_core.package_discovery:discover_packages(ignore) discover
[1.538s] Level 1:colcon.colcon_core.package_discovery:discover_packages(ignore) using defaults
[1.538s] Level 1:colcon.colcon_core.package_discovery:discover_packages(path) discover
[1.538s] Level 1:colcon.colcon_core.package_discovery:discover_packages(path) using defaults
[1.670s] Level 1:colcon.colcon_core.package_discovery:discover_packages(prefix_path) check parameters
[1.670s] Level 1:colcon.colcon_core.package_discovery:discover_packages(prefix_path) discover
[1.720s] DEBUG:colcon.colcon_installed_package_information.package_discovery:Found 263 installed packages in /opt/ros/foxy
[1.721s] Level 1:colcon.colcon_core.package_discovery:discover_packages(prefix_path) using defaults
[1.829s] Level 5:colcon.colcon_core.verb:set package 'aliriza' build argument 'cmake_args' from command line to 'None'
[1.829s] Level 5:colcon.colcon_core.verb:set package 'aliriza' build argument 'cmake_target' from command line to 'None'
[1.829s] Level 5:colcon.colcon_core.verb:set package 'aliriza' build argument 'cmake_target_skip_unavailable' from command line to 'False'
[1.829s] Level 5:colcon.colcon_core.verb:set package 'aliriza' build argument 'cmake_clean_cache' from command line to 'False'
[1.829s] Level 5:colcon.colcon_core.verb:set package 'aliriza' build argument 'cmake_clean_first' from command line to 'False'
[1.829s] Level 5:colcon.colcon_core.verb:set package 'aliriza' build argument 'cmake_force_configure' from command line to 'False'
[1.829s] Level 5:colcon.colcon_core.verb:set package 'aliriza' build argument 'ament_cmake_args' from command line to 'None'
[1.830s] Level 5:colcon.colcon_core.verb:set package 'aliriza' build argument 'catkin_cmake_args' from command line to 'None'
[1.830s] Level 5:colcon.colcon_core.verb:set package 'aliriza' build argument 'catkin_skip_building_tests' from command line to 'False'
[1.830s] DEBUG:colcon.colcon_core.verb:Building package 'aliriza' with the following arguments: {'ament_cmake_args': None, 'build_base': '/home/user/ros2_ws2/build/aliriza', 'catkin_cmake_args': None, 'catkin_skip_building_tests': False, 'cmake_args': None, 'cmake_clean_cache': False, 'cmake_clean_first': False, 'cmake_force_configure': False, 'cmake_target': None, 'cmake_target_skip_unavailable': False, 'install_base': '/home/user/ros2_ws2/install/aliriza', 'merge_install': False, 'path': '/home/user/ros2_ws2/src/aliriza', 'symlink_install': False, 'test_result_base': None}
[1.853s] Level 5:colcon.colcon_core.verb:set package 'tut_interface' build argument 'cmake_args' from command line to 'None'
[1.853s] Level 5:colcon.colcon_core.verb:set package 'tut_interface' build argument 'cmake_target' from command line to 'None'
[1.853s] Level 5:colcon.colcon_core.verb:set package 'tut_interface' build argument 'cmake_target_skip_unavailable' from command line to 'False'
[1.853s] Level 5:colcon.colcon_core.verb:set package 'tut_interface' build argument 'cmake_clean_cache' from command line to 'False'
[1.853s] Level 5:colcon.colcon_core.verb:set package 'tut_interface' build argument 'cmake_clean_first' from command line to 'False'
[1.853s] Level 5:colcon.colcon_core.verb:set package 'tut_interface' build argument 'cmake_force_configure' from command line to 'False'
[1.853s] Level 5:colcon.colcon_core.verb:set package 'tut_interface' build argument 'ament_cmake_args' from command line to 'None'
[1.853s] Level 5:colcon.colcon_core.verb:set package 'tut_interface' build argument 'catkin_cmake_args' from command line to 'None'
[1.853s] Level 5:colcon.colcon_core.verb:set package 'tut_interface' build argument 'catkin_skip_building_tests' from command line to 'False'
[1.853s] DEBUG:colcon.colcon_core.verb:Building package 'tut_interface' with the following arguments: {'ament_cmake_args': None, 'build_base': '/home/user/ros2_ws2/build/tut_interface', 'catkin_cmake_args': None, 'catkin_skip_building_tests': False, 'cmake_args': None, 'cmake_clean_cache': False, 'cmake_clean_first': False, 'cmake_force_configure': False, 'cmake_target': None, 'cmake_target_skip_unavailable': False, 'install_base': '/home/user/ros2_ws2/install/tut_interface', 'merge_install': False, 'path': '/home/user/ros2_ws2/src/tut_interface', 'symlink_install': False, 'test_result_base': None}
[1.877s] INFO:colcon.colcon_core.executor:Executing jobs using 'parallel' executor
[1.901s] DEBUG:colcon.colcon_parallel_executor.executor.parallel:run_until_complete
[1.902s] INFO:colcon.colcon_ros.task.ament_python.build:Building ROS package in '/home/user/ros2_ws2/src/aliriza' with build type 'ament_python'
[1.902s] Level 1:colcon.colcon_core.shell:create_environment_hook('aliriza', 'ament_prefix_path')
[1.928s] INFO:colcon.colcon_core.plugin_system:Skipping extension 'colcon_core.shell.bat': Not used on non-Windows systems
[1.928s] INFO:colcon.colcon_core.shell:Creating environment hook '/home/user/ros2_ws2/install/aliriza/share/aliriza/hook/ament_prefix_path.ps1'
[1.929s] INFO:colcon.colcon_core.shell:Creating environment descriptor '/home/user/ros2_ws2/install/aliriza/share/aliriza/hook/ament_prefix_path.dsv'
[1.929s] INFO:colcon.colcon_core.shell:Creating environment hook '/home/user/ros2_ws2/install/aliriza/share/aliriza/hook/ament_prefix_path.sh'
[1.954s] INFO:colcon.colcon_core.shell:Skip shell extension 'powershell' for command environment: Not usable outside of PowerShell
[1.954s] DEBUG:colcon.colcon_core.shell:Skip shell extension 'dsv' for command environment
[2.007s] INFO:colcon.colcon_ros.task.ament_cmake.build:Building ROS package in '/home/user/ros2_ws2/src/tut_interface' with build type 'ament_cmake'
[2.007s] INFO:colcon.colcon_cmake.task.cmake.build:Building CMake package in '/home/user/ros2_ws2/src/tut_interface'
[2.033s] INFO:colcon.colcon_core.shell:Skip shell extension 'powershell' for command environment: Not usable outside of PowerShell
[2.033s] DEBUG:colcon.colcon_core.shell:Skip shell extension 'dsv' for command environment
[2.264s] INFO:colcon.colcon_core.task.python.build:Building Python package in '/home/user/ros2_ws2/src/aliriza'
[2.294s] INFO:colcon.colcon_core.shell:Skip shell extension 'powershell' for command environment: Not usable outside of PowerShell
[2.294s] DEBUG:colcon.colcon_core.shell:Skip shell extension 'dsv' for command environment
[2.352s] DEBUG:colcon.colcon_core.event_handler.log_command:Invoking command in '/home/user/ros2_ws2/build/tut_interface': CMAKE_PREFIX_PATH=/opt/ros/foxy /usr/bin/cmake /home/user/ros2_ws2/src/tut_interface -DCMAKE_INSTALL_PREFIX=/home/user/ros2_ws2/install/tut_interface
[2.689s] DEBUG:colcon.colcon_core.event_handler.log_command:Invoking command in '/home/user/ros2_ws2/src/aliriza': PYTHONPATH=/home/user/ros2_ws2/build/aliriza/prefix_override:/home/user/ros2_ws2/install/aliriza/lib/python3.8/site-packages:${PYTHONPATH} /usr/bin/python3 setup.py egg_info --egg-base ../../build/aliriza build --build-base /home/user/ros2_ws2/build/aliriza/build install --record /home/user/ros2_ws2/build/aliriza/install.log --install-scripts $base/lib/aliriza --single-version-externally-managed
[2.907s] DEBUG:colcon.colcon_core.event_handler.log_command:Invoked command in '/home/user/ros2_ws2/src/aliriza' returned '0': PYTHONPATH=/home/user/ros2_ws2/build/aliriza/prefix_override:/home/user/ros2_ws2/install/aliriza/lib/python3.8/site-packages:${PYTHONPATH} /usr/bin/python3 setup.py egg_info --egg-base ../../build/aliriza build --build-base /home/user/ros2_ws2/build/aliriza/build install --record /home/user/ros2_ws2/build/aliriza/install.log --install-scripts $base/lib/aliriza --single-version-externally-managed
[2.941s] Level 1:colcon.colcon_core.environment:checking '/home/user/ros2_ws2/install/aliriza' for CMake module files
[2.942s] Level 1:colcon.colcon_core.environment:checking '/home/user/ros2_ws2/install/aliriza' for CMake config files
[2.942s] Level 1:colcon.colcon_core.environment:checking '/home/user/ros2_ws2/install/aliriza/lib'
[2.942s] Level 1:colcon.colcon_core.environment:checking '/home/user/ros2_ws2/install/aliriza/bin'
[2.942s] Level 1:colcon.colcon_core.environment:checking '/home/user/ros2_ws2/install/aliriza/lib/pkgconfig/aliriza.pc'
[2.942s] Level 1:colcon.colcon_core.environment:checking '/home/user/ros2_ws2/install/aliriza/lib/python3.8/site-packages'
[2.942s] Level 1:colcon.colcon_core.shell:create_environment_hook('aliriza', 'pythonpath')
[2.968s] INFO:colcon.colcon_core.shell:Creating environment hook '/home/user/ros2_ws2/install/aliriza/share/aliriza/hook/pythonpath.ps1'
[2.969s] INFO:colcon.colcon_core.shell:Creating environment descriptor '/home/user/ros2_ws2/install/aliriza/share/aliriza/hook/pythonpath.dsv'
[2.969s] INFO:colcon.colcon_core.shell:Creating environment hook '/home/user/ros2_ws2/install/aliriza/share/aliriza/hook/pythonpath.sh'
[2.970s] Level 1:colcon.colcon_core.environment:checking '/home/user/ros2_ws2/install/aliriza/bin'
[2.970s] Level 1:colcon.colcon_core.environment:create_environment_scripts_only(aliriza)
[3.010s] INFO:colcon.colcon_core.shell:Creating package script '/home/user/ros2_ws2/install/aliriza/share/aliriza/package.ps1'
[3.011s] INFO:colcon.colcon_core.shell:Creating package descriptor '/home/user/ros2_ws2/install/aliriza/share/aliriza/package.dsv'
[3.011s] INFO:colcon.colcon_core.shell:Creating package script '/home/user/ros2_ws2/install/aliriza/share/aliriza/package.sh'
[3.012s] INFO:colcon.colcon_core.shell:Creating package script '/home/user/ros2_ws2/install/aliriza/share/aliriza/package.bash'
[3.012s] INFO:colcon.colcon_core.shell:Creating package script '/home/user/ros2_ws2/install/aliriza/share/aliriza/package.zsh'
[3.012s] Level 1:colcon.colcon_core.environment:create_file_with_runtime_dependencies(/home/user/ros2_ws2/install/aliriza/share/colcon-core/packages/aliriza)
[4.141s] DEBUG:colcon.colcon_core.event_handler.log_command:Invoked command in '/home/user/ros2_ws2/build/tut_interface' returned '0': CMAKE_PREFIX_PATH=/opt/ros/foxy /usr/bin/cmake /home/user/ros2_ws2/src/tut_interface -DCMAKE_INSTALL_PREFIX=/home/user/ros2_ws2/install/tut_interface
[4.143s] DEBUG:colcon.colcon_core.event_handler.log_command:Invoking command in '/home/user/ros2_ws2/build/tut_interface': CMAKE_PREFIX_PATH=/opt/ros/foxy /usr/bin/cmake --build /home/user/ros2_ws2/build/tut_interface -- -j16 -l16
[6.821s] DEBUG:colcon.colcon_core.event_handler.log_command:Invoked command in '/home/user/ros2_ws2/build/tut_interface' returned '0': CMAKE_PREFIX_PATH=/opt/ros/foxy /usr/bin/cmake --build /home/user/ros2_ws2/build/tut_interface -- -j16 -l16
[6.891s] DEBUG:colcon.colcon_core.event_handler.log_command:Invoking command in '/home/user/ros2_ws2/build/tut_interface': CMAKE_PREFIX_PATH=/opt/ros/foxy /usr/bin/cmake --install /home/user/ros2_ws2/build/tut_interface
[6.952s] Level 1:colcon.colcon_core.environment:create_environment_scripts_only(tut_interface)
[6.952s] DEBUG:colcon.colcon_core.event_handler.log_command:Invoked command in '/home/user/ros2_ws2/build/tut_interface' returned '0': CMAKE_PREFIX_PATH=/opt/ros/foxy /usr/bin/cmake --install /home/user/ros2_ws2/build/tut_interface
[6.982s] Level 1:colcon.colcon_core.environment:checking '/home/user/ros2_ws2/install/tut_interface' for CMake module files
[6.983s] Level 1:colcon.colcon_core.environment:checking '/home/user/ros2_ws2/install/tut_interface' for CMake config files
[6.983s] Level 1:colcon.colcon_core.shell:create_environment_hook('tut_interface', 'cmake_prefix_path')
[7.008s] INFO:colcon.colcon_core.shell:Creating environment hook '/home/user/ros2_ws2/install/tut_interface/share/tut_interface/hook/cmake_prefix_path.ps1'
[7.008s] INFO:colcon.colcon_core.shell:Creating environment descriptor '/home/user/ros2_ws2/install/tut_interface/share/tut_interface/hook/cmake_prefix_path.dsv'
[7.008s] INFO:colcon.colcon_core.shell:Creating environment hook '/home/user/ros2_ws2/install/tut_interface/share/tut_interface/hook/cmake_prefix_path.sh'
[7.008s] Level 1:colcon.colcon_core.environment:checking '/home/user/ros2_ws2/install/tut_interface/lib'
[7.009s] Level 1:colcon.colcon_core.shell:create_environment_hook('tut_interface', 'ld_library_path_lib')
[7.034s] INFO:colcon.colcon_core.shell:Creating environment hook '/home/user/ros2_ws2/install/tut_interface/share/tut_interface/hook/ld_library_path_lib.ps1'
[7.034s] INFO:colcon.colcon_core.shell:Creating environment descriptor '/home/user/ros2_ws2/install/tut_interface/share/tut_interface/hook/ld_library_path_lib.dsv'
[7.034s] INFO:colcon.colcon_core.shell:Creating environment hook '/home/user/ros2_ws2/install/tut_interface/share/tut_interface/hook/ld_library_path_lib.sh'
[7.035s] Level 1:colcon.colcon_core.environment:checking '/home/user/ros2_ws2/install/tut_interface/bin'
[7.035s] Level 1:colcon.colcon_core.environment:checking '/home/user/ros2_ws2/install/tut_interface/lib/pkgconfig/tut_interface.pc'
[7.035s] Level 1:colcon.colcon_core.environment:checking '/home/user/ros2_ws2/install/tut_interface/lib/python3.8/site-packages'
[7.035s] Level 1:colcon.colcon_core.shell:create_environment_hook('tut_interface', 'pythonpath')
[7.060s] INFO:colcon.colcon_core.shell:Creating environment hook '/home/user/ros2_ws2/install/tut_interface/share/tut_interface/hook/pythonpath.ps1'
[7.060s] INFO:colcon.colcon_core.shell:Creating environment descriptor '/home/user/ros2_ws2/install/tut_interface/share/tut_interface/hook/pythonpath.dsv'
[7.061s] INFO:colcon.colcon_core.shell:Creating environment hook '/home/user/ros2_ws2/install/tut_interface/share/tut_interface/hook/pythonpath.sh'
[7.061s] Level 1:colcon.colcon_core.environment:checking '/home/user/ros2_ws2/install/tut_interface/bin'
[7.086s] INFO:colcon.colcon_core.shell:Creating package script '/home/user/ros2_ws2/install/tut_interface/share/tut_interface/package.ps1'
[7.087s] INFO:colcon.colcon_core.shell:Creating package descriptor '/home/user/ros2_ws2/install/tut_interface/share/tut_interface/package.dsv'
[7.087s] INFO:colcon.colcon_core.shell:Creating package script '/home/user/ros2_ws2/install/tut_interface/share/tut_interface/package.sh'
[7.087s] INFO:colcon.colcon_core.shell:Creating package script '/home/user/ros2_ws2/install/tut_interface/share/tut_interface/package.bash'
[7.087s] INFO:colcon.colcon_core.shell:Creating package script '/home/user/ros2_ws2/install/tut_interface/share/tut_interface/package.zsh'
[7.088s] Level 1:colcon.colcon_core.environment:create_file_with_runtime_dependencies(/home/user/ros2_ws2/install/tut_interface/share/colcon-core/packages/tut_interface)
[7.192s] Level 1:colcon.colcon_core.environment:create_environment_scripts_only(tut_interface)
[7.217s] Level 1:colcon.colcon_core.environment:checking '/home/user/ros2_ws2/install/tut_interface' for CMake module files
[7.218s] Level 1:colcon.colcon_core.environment:checking '/home/user/ros2_ws2/install/tut_interface' for CMake config files
[7.218s] Level 1:colcon.colcon_core.shell:create_environment_hook('tut_interface', 'cmake_prefix_path')
[7.242s] INFO:colcon.colcon_core.shell:Creating environment hook '/home/user/ros2_ws2/install/tut_interface/share/tut_interface/hook/cmake_prefix_path.ps1'
[7.243s] INFO:colcon.colcon_core.shell:Creating environment descriptor '/home/user/ros2_ws2/install/tut_interface/share/tut_interface/hook/cmake_prefix_path.dsv'
[7.243s] INFO:colcon.colcon_core.shell:Creating environment hook '/home/user/ros2_ws2/install/tut_interface/share/tut_interface/hook/cmake_prefix_path.sh'
[7.243s] Level 1:colcon.colcon_core.environment:checking '/home/user/ros2_ws2/install/tut_interface/lib'
[7.244s] Level 1:colcon.colcon_core.shell:create_environment_hook('tut_interface', 'ld_library_path_lib')
[7.268s] INFO:colcon.colcon_core.shell:Creating environment hook '/home/user/ros2_ws2/install/tut_interface/share/tut_interface/hook/ld_library_path_lib.ps1'
[7.268s] INFO:colcon.colcon_core.shell:Creating environment descriptor '/home/user/ros2_ws2/install/tut_interface/share/tut_interface/hook/ld_library_path_lib.dsv'
[7.269s] INFO:colcon.colcon_core.shell:Creating environment hook '/home/user/ros2_ws2/install/tut_interface/share/tut_interface/hook/ld_library_path_lib.sh'
[7.269s] Level 1:colcon.colcon_core.environment:checking '/home/user/ros2_ws2/install/tut_interface/bin'
[7.269s] Level 1:colcon.colcon_core.environment:checking '/home/user/ros2_ws2/install/tut_interface/lib/pkgconfig/tut_interface.pc'
[7.269s] Level 1:colcon.colcon_core.environment:checking '/home/user/ros2_ws2/install/tut_interface/lib/python3.8/site-packages'
[7.269s] Level 1:colcon.colcon_core.shell:create_environment_hook('tut_interface', 'pythonpath')
[7.294s] INFO:colcon.colcon_core.shell:Creating environment hook '/home/user/ros2_ws2/install/tut_interface/share/tut_interface/hook/pythonpath.ps1'
[7.294s] INFO:colcon.colcon_core.shell:Creating environment descriptor '/home/user/ros2_ws2/install/tut_interface/share/tut_interface/hook/pythonpath.dsv'
[7.294s] INFO:colcon.colcon_core.shell:Creating environment hook '/home/user/ros2_ws2/install/tut_interface/share/tut_interface/hook/pythonpath.sh'
[7.294s] Level 1:colcon.colcon_core.environment:checking '/home/user/ros2_ws2/install/tut_interface/bin'
[7.319s] INFO:colcon.colcon_core.shell:Creating package script '/home/user/ros2_ws2/install/tut_interface/share/tut_interface/package.ps1'
[7.320s] INFO:colcon.colcon_core.shell:Creating package descriptor '/home/user/ros2_ws2/install/tut_interface/share/tut_interface/package.dsv'
[7.320s] INFO:colcon.colcon_core.shell:Creating package script '/home/user/ros2_ws2/install/tut_interface/share/tut_interface/package.sh'
[7.321s] INFO:colcon.colcon_core.shell:Creating package script '/home/user/ros2_ws2/install/tut_interface/share/tut_interface/package.bash'
[7.321s] INFO:colcon.colcon_core.shell:Creating package script '/home/user/ros2_ws2/install/tut_interface/share/tut_interface/package.zsh'
[7.321s] Level 1:colcon.colcon_core.environment:create_file_with_runtime_dependencies(/home/user/ros2_ws2/install/tut_interface/share/colcon-core/packages/tut_interface)
[7.321s] DEBUG:colcon.colcon_parallel_executor.executor.parallel:closing loop
[7.321s] DEBUG:colcon.colcon_parallel_executor.executor.parallel:loop closed
[7.322s] DEBUG:colcon.colcon_parallel_executor.executor.parallel:run_until_complete finished with '0'
[7.322s] DEBUG:colcon.colcon_core.event_reactor:joining thread
[7.360s] INFO:colcon.colcon_core.plugin_system:Skipping extension 'colcon_notification.desktop_notification.terminal_notifier': Not used on non-Darwin systems
[7.360s] INFO:colcon.colcon_core.plugin_system:Skipping extension 'colcon_notification.desktop_notification.win32': Not used on non-Windows systems
[7.360s] INFO:colcon.colcon_notification.desktop_notification:Sending desktop notification using 'notify2'
[7.382s] DEBUG:colcon.colcon_core.event_reactor:joined thread
[7.413s] INFO:colcon.colcon_core.shell:Creating prefix script '/home/user/ros2_ws2/install/local_setup.ps1'
[7.413s] INFO:colcon.colcon_core.shell:Creating prefix util module '/home/user/ros2_ws2/install/_local_setup_util_ps1.py'
[7.414s] INFO:colcon.colcon_core.shell:Creating prefix chain script '/home/user/ros2_ws2/install/setup.ps1'
[7.439s] INFO:colcon.colcon_core.shell:Creating prefix script '/home/user/ros2_ws2/install/local_setup.sh'
[7.440s] INFO:colcon.colcon_core.shell:Creating prefix util module '/home/user/ros2_ws2/install/_local_setup_util_sh.py'
[7.440s] INFO:colcon.colcon_core.shell:Creating prefix chain script '/home/user/ros2_ws2/install/setup.sh'
[7.465s] INFO:colcon.colcon_core.shell:Creating prefix script '/home/user/ros2_ws2/install/local_setup.bash'
[7.465s] INFO:colcon.colcon_core.shell:Creating prefix chain script '/home/user/ros2_ws2/install/setup.bash'
[7.491s] INFO:colcon.colcon_core.shell:Creating prefix script '/home/user/ros2_ws2/install/local_setup.zsh'
[7.491s] INFO:colcon.colcon_core.shell:Creating prefix chain script '/home/user/ros2_ws2/install/setup.zsh'
