[0.345s] Invoking command in '/home/user/ros2_ws2/build/tut_interface': CMAKE_PREFIX_PATH=/opt/ros/foxy /usr/bin/cmake /home/user/ros2_ws2/src/tut_interface -DCMAKE_INSTALL_PREFIX=/home/user/ros2_ws2/install/tut_interface
[0.405s] -- The C compiler identification is GNU 9.4.0
[0.467s] -- The CXX compiler identification is GNU 9.4.0
[0.474s] -- Check for working C compiler: /usr/bin/cc
[0.559s] -- Check for working C compiler: /usr/bin/cc -- works
[0.561s] -- Detecting C compiler ABI info
[0.646s] -- Detecting C compiler ABI info - done
[0.662s] -- Detecting C compile features
[0.662s] -- Detecting C compile features - done
[0.664s] -- Check for working CXX compiler: /usr/bin/c++
[0.761s] -- Check for working CXX compiler: /usr/bin/c++ -- works
[0.762s] -- Detecting CXX compiler ABI info
[0.848s] -- Detecting CXX compiler ABI info - done
[0.864s] -- Detecting CXX compile features
[0.865s] -- Detecting CXX compile features - done
[0.866s] -- Found ament_cmake: 0.9.12 (/opt/ros/foxy/share/ament_cmake/cmake)
[0.890s] -- Found PythonInterp: /usr/bin/python3 (found suitable version "3.8.10", minimum required is "3") 
[0.890s] -- Using PYTHON_EXECUTABLE: /usr/bin/python3
[1.052s] -- Found geometry_msgs: 2.0.5 (/opt/ros/foxy/share/geometry_msgs/cmake)
[1.075s] -- Using all available rosidl_typesupport_c: rosidl_typesupport_fastrtps_c;rosidl_typesupport_introspection_c
[1.085s] -- Found rosidl_adapter: 1.3.1 (/opt/ros/foxy/share/rosidl_adapter/cmake)
[1.201s] -- Found OpenSSL: /usr/lib/x86_64-linux-gnu/libcrypto.so (found version "1.1.1f")  
[1.234s] -- Found FastRTPS: /opt/ros/foxy/include  
[1.307s] -- Using all available rosidl_typesupport_cpp: rosidl_typesupport_fastrtps_cpp;rosidl_typesupport_introspection_cpp
[1.375s] -- Found rosidl_default_generators: 1.0.1 (/opt/ros/foxy/share/rosidl_default_generators/cmake)
[1.408s] -- Found PythonInterp: /usr/bin/python3 (found version "3.8.10") 
[1.571s] -- Found ament_cmake_ros: 0.9.2 (/opt/ros/foxy/share/ament_cmake_ros/cmake)
[1.791s] -- Using all available rosidl_typesupport_c: rosidl_typesupport_fastrtps_c;rosidl_typesupport_introspection_c
[1.881s] -- Using all available rosidl_typesupport_cpp: rosidl_typesupport_fastrtps_cpp;rosidl_typesupport_introspection_cpp
[1.904s] -- Found PythonInterp: /usr/bin/python3 (found suitable version "3.8.10", minimum required is "3.5") 
[1.906s] -- Found python_cmake_module: 0.8.1 (/opt/ros/foxy/share/python_cmake_module/cmake)
[1.942s] -- Found PythonLibs: /usr/lib/x86_64-linux-gnu/libpython3.8.so (found suitable version "3.8.10", minimum required is "3.5") 
[1.942s] -- Using PYTHON_EXECUTABLE: /usr/bin/python3
[1.942s] -- Using PYTHON_INCLUDE_DIRS: /usr/include/python3.8
[1.942s] -- Using PYTHON_LIBRARIES: /usr/lib/x86_64-linux-gnu/libpython3.8.so
[1.966s] -- Found PythonExtra: .so  
[2.047s] -- Found ament_lint_auto: 0.9.8 (/opt/ros/foxy/share/ament_lint_auto/cmake)
[2.060s] -- Added test 'copyright' to check source files copyright and LICENSE
[2.061s] -- Added test 'lint_cmake' to check CMake code style
[2.062s] -- Added test 'xmllint' to check XML markup files
[2.065s] -- Configuring done
[2.123s] -- Generating done
[2.125s] -- Build files have been written to: /home/user/ros2_ws2/build/tut_interface
[2.133s] Invoked command in '/home/user/ros2_ws2/build/tut_interface' returned '0': CMAKE_PREFIX_PATH=/opt/ros/foxy /usr/bin/cmake /home/user/ros2_ws2/src/tut_interface -DCMAKE_INSTALL_PREFIX=/home/user/ros2_ws2/install/tut_interface
[2.136s] Invoking command in '/home/user/ros2_ws2/build/tut_interface': CMAKE_PREFIX_PATH=/opt/ros/foxy /usr/bin/cmake --build /home/user/ros2_ws2/build/tut_interface -- -j16 -l16
[2.188s] [35m[1mScanning dependencies of target tut_interface__cpp[0m
[2.188s] [  2%] [34m[1mGenerating C code for ROS interfaces[0m
[2.205s] [  4%] [34m[1mGenerating C++ code for ROS interfaces[0m
[2.457s] [35m[1mScanning dependencies of target tut_interface__rosidl_generator_c[0m
[2.461s] [  4%] Built target tut_interface__cpp
[2.470s] [ 10%] [34m[1mGenerating C++ introspection for ROS interfaces[0m
[2.470s] [ 10%] [32mBuilding C object CMakeFiles/tut_interface__rosidl_generator_c.dir/rosidl_generator_c/tut_interface/msg/detail/num__functions.c.o[0m
[2.470s] [ 10%] [34m[1mGenerating C++ type support dispatch for ROS interfaces[0m
[2.472s] [ 14%] [32mBuilding C object CMakeFiles/tut_interface__rosidl_generator_c.dir/rosidl_generator_c/tut_interface/srv/detail/add_three_ints__functions.c.o[0m
[2.472s] [ 14%] [32mBuilding C object CMakeFiles/tut_interface__rosidl_generator_c.dir/rosidl_generator_c/tut_interface/msg/detail/sphere__functions.c.o[0m
[2.475s] [ 17%] [34m[1mGenerating C++ type support for eProsima Fast-RTPS[0m
[2.527s] [ 19%] [32m[1mLinking C shared library libtut_interface__rosidl_generator_c.so[0m
[2.566s] [ 19%] Built target tut_interface__rosidl_generator_c
[2.579s] [ 21%] [34m[1mGenerating C introspection for ROS interfaces[0m
[2.580s] [ 23%] [34m[1mGenerating C type support dispatch for ROS interfaces[0m
[2.688s] [35m[1mScanning dependencies of target tut_interface__rosidl_typesupport_cpp[0m
[2.701s] [ 25%] [32mBuilding CXX object CMakeFiles/tut_interface__rosidl_typesupport_cpp.dir/rosidl_typesupport_cpp/tut_interface/srv/add_three_ints__type_support.cpp.o[0m
[2.703s] [35m[1mScanning dependencies of target tut_interface__rosidl_typesupport_introspection_cpp[0m
[2.703s] [ 27%] [32mBuilding CXX object CMakeFiles/tut_interface__rosidl_typesupport_cpp.dir/rosidl_typesupport_cpp/tut_interface/msg/num__type_support.cpp.o[0m
[2.705s] [ 29%] [32mBuilding CXX object CMakeFiles/tut_interface__rosidl_typesupport_cpp.dir/rosidl_typesupport_cpp/tut_interface/msg/sphere__type_support.cpp.o[0m
[2.718s] [ 31%] [32mBuilding CXX object CMakeFiles/tut_interface__rosidl_typesupport_introspection_cpp.dir/rosidl_typesupport_introspection_cpp/tut_interface/srv/detail/add_three_ints__type_support.cpp.o[0m
[2.718s] [ 34%] [32mBuilding CXX object CMakeFiles/tut_interface__rosidl_typesupport_introspection_cpp.dir/rosidl_typesupport_introspection_cpp/tut_interface/msg/detail/sphere__type_support.cpp.o[0m
[2.719s] [ 36%] [32mBuilding CXX object CMakeFiles/tut_interface__rosidl_typesupport_introspection_cpp.dir/rosidl_typesupport_introspection_cpp/tut_interface/msg/detail/num__type_support.cpp.o[0m
[2.726s] [35m[1mScanning dependencies of target tut_interface__rosidl_typesupport_fastrtps_cpp[0m
[2.744s] [ 40%] [32mBuilding CXX object CMakeFiles/tut_interface__rosidl_typesupport_fastrtps_cpp.dir/rosidl_typesupport_fastrtps_cpp/tut_interface/msg/detail/dds_fastrtps/num__type_support.cpp.o[0m
[2.744s] [ 40%] [32mBuilding CXX object CMakeFiles/tut_interface__rosidl_typesupport_fastrtps_cpp.dir/rosidl_typesupport_fastrtps_cpp/tut_interface/msg/detail/dds_fastrtps/sphere__type_support.cpp.o[0m
[2.747s] [ 42%] [32mBuilding CXX object CMakeFiles/tut_interface__rosidl_typesupport_fastrtps_cpp.dir/rosidl_typesupport_fastrtps_cpp/tut_interface/srv/detail/dds_fastrtps/add_three_ints__type_support.cpp.o[0m
[2.847s] [35m[1mScanning dependencies of target tut_interface__rosidl_typesupport_introspection_c[0m
[2.849s] [35m[1mScanning dependencies of target tut_interface__rosidl_typesupport_c[0m
[2.867s] [ 51%] [32mBuilding C object CMakeFiles/tut_interface__rosidl_typesupport_introspection_c.dir/rosidl_typesupport_introspection_c/tut_interface/srv/detail/add_three_ints__type_support.c.o[0m
[2.867s] [ 51%] [32mBuilding C object CMakeFiles/tut_interface__rosidl_typesupport_introspection_c.dir/rosidl_typesupport_introspection_c/tut_interface/msg/detail/sphere__type_support.c.o[0m
[2.867s] [ 51%] [32mBuilding C object CMakeFiles/tut_interface__rosidl_typesupport_introspection_c.dir/rosidl_typesupport_introspection_c/tut_interface/msg/detail/num__type_support.c.o[0m
[2.867s] [ 51%] [32mBuilding CXX object CMakeFiles/tut_interface__rosidl_typesupport_c.dir/rosidl_typesupport_c/tut_interface/msg/num__type_support.cpp.o[0m
[2.869s] [ 53%] [32mBuilding CXX object CMakeFiles/tut_interface__rosidl_typesupport_c.dir/rosidl_typesupport_c/tut_interface/msg/sphere__type_support.cpp.o[0m
[2.873s] [ 55%] [32mBuilding CXX object CMakeFiles/tut_interface__rosidl_typesupport_c.dir/rosidl_typesupport_c/tut_interface/srv/add_three_ints__type_support.cpp.o[0m
[2.920s] [ 57%] [32m[1mLinking CXX shared library libtut_interface__rosidl_typesupport_c.so[0m
[2.922s] [ 59%] [32m[1mLinking C shared library libtut_interface__rosidl_typesupport_introspection_c.so[0m
[2.966s] [ 59%] Built target tut_interface__rosidl_typesupport_introspection_c
[2.972s] [ 59%] Built target tut_interface__rosidl_typesupport_c
[3.001s] [ 61%] [32m[1mLinking CXX shared library libtut_interface__rosidl_typesupport_cpp.so[0m
[3.051s] [ 61%] Built target tut_interface__rosidl_typesupport_cpp
[3.096s] [ 63%] [32m[1mLinking CXX shared library libtut_interface__rosidl_typesupport_introspection_cpp.so[0m
[3.181s] [ 63%] Built target tut_interface__rosidl_typesupport_introspection_cpp
[3.205s] [ 65%] [32m[1mLinking CXX shared library libtut_interface__rosidl_typesupport_fastrtps_cpp.so[0m
[3.313s] [ 65%] Built target tut_interface__rosidl_typesupport_fastrtps_cpp
[3.328s] [ 68%] [34m[1mGenerating C type support for eProsima Fast-RTPS[0m
[3.562s] [35m[1mScanning dependencies of target tut_interface__rosidl_typesupport_fastrtps_c[0m
[3.583s] [ 70%] [32mBuilding CXX object CMakeFiles/tut_interface__rosidl_typesupport_fastrtps_c.dir/rosidl_typesupport_fastrtps_c/tut_interface/msg/detail/sphere__type_support_c.cpp.o[0m
[3.584s] [ 72%] [32mBuilding CXX object CMakeFiles/tut_interface__rosidl_typesupport_fastrtps_c.dir/rosidl_typesupport_fastrtps_c/tut_interface/msg/detail/num__type_support_c.cpp.o[0m
[3.585s] [ 74%] [32mBuilding CXX object CMakeFiles/tut_interface__rosidl_typesupport_fastrtps_c.dir/rosidl_typesupport_fastrtps_c/tut_interface/srv/detail/add_three_ints__type_support_c.cpp.o[0m
[3.852s] [ 76%] [32m[1mLinking CXX shared library libtut_interface__rosidl_typesupport_fastrtps_c.so[0m
[3.958s] [ 76%] Built target tut_interface__rosidl_typesupport_fastrtps_c
[3.972s] [35m[1mScanning dependencies of target tut_interface[0m
[3.987s] [ 76%] Built target tut_interface
[3.998s] [35m[1mScanning dependencies of target tut_interface__py[0m
[4.007s] [ 78%] [34m[1mGenerating Python code for ROS interfaces[0m
[4.436s] [ 78%] Built target tut_interface__py
[4.448s] [35m[1mScanning dependencies of target tut_interface__python[0m
[4.464s] [ 80%] [32mBuilding C object CMakeFiles/tut_interface__python.dir/rosidl_generator_py/tut_interface/msg/_num_s.c.o[0m
[4.470s] [ 82%] [32mBuilding C object CMakeFiles/tut_interface__python.dir/rosidl_generator_py/tut_interface/msg/_sphere_s.c.o[0m
[4.470s] [ 85%] [32mBuilding C object CMakeFiles/tut_interface__python.dir/rosidl_generator_py/tut_interface/srv/_add_three_ints_s.c.o[0m
[4.556s] [ 87%] [32m[1mLinking C shared library rosidl_generator_py/tut_interface/libtut_interface__python.so[0m
[4.606s] [ 87%] Built target tut_interface__python
[4.615s] [35m[1mScanning dependencies of target tut_interface__rosidl_typesupport_c__pyext[0m
[4.619s] [35m[1mScanning dependencies of target tut_interface__rosidl_typesupport_introspection_c__pyext[0m
[4.621s] [35m[1mScanning dependencies of target tut_interface__rosidl_typesupport_fastrtps_c__pyext[0m
[4.634s] [ 89%] [32mBuilding C object CMakeFiles/tut_interface__rosidl_typesupport_c__pyext.dir/rosidl_generator_py/tut_interface/_tut_interface_s.ep.rosidl_typesupport_c.c.o[0m
[4.637s] [ 91%] [32mBuilding C object CMakeFiles/tut_interface__rosidl_typesupport_introspection_c__pyext.dir/rosidl_generator_py/tut_interface/_tut_interface_s.ep.rosidl_typesupport_introspection_c.c.o[0m
[4.645s] [ 93%] [32mBuilding C object CMakeFiles/tut_interface__rosidl_typesupport_fastrtps_c__pyext.dir/rosidl_generator_py/tut_interface/_tut_interface_s.ep.rosidl_typesupport_fastrtps_c.c.o[0m
[4.708s] [ 95%] [32m[1mLinking C shared library rosidl_generator_py/tut_interface/tut_interface_s__rosidl_typesupport_introspection_c.cpython-38-x86_64-linux-gnu.so[0m
[4.718s] [ 97%] [32m[1mLinking C shared library rosidl_generator_py/tut_interface/tut_interface_s__rosidl_typesupport_c.cpython-38-x86_64-linux-gnu.so[0m
[4.727s] [100%] [32m[1mLinking CXX shared library rosidl_generator_py/tut_interface/tut_interface_s__rosidl_typesupport_fastrtps_c.cpython-38-x86_64-linux-gnu.so[0m
[4.758s] [100%] Built target tut_interface__rosidl_typesupport_introspection_c__pyext
[4.767s] [100%] Built target tut_interface__rosidl_typesupport_c__pyext
[4.797s] [100%] Built target tut_interface__rosidl_typesupport_fastrtps_c__pyext
[4.814s] Invoked command in '/home/user/ros2_ws2/build/tut_interface' returned '0': CMAKE_PREFIX_PATH=/opt/ros/foxy /usr/bin/cmake --build /home/user/ros2_ws2/build/tut_interface -- -j16 -l16
[4.883s] Invoking command in '/home/user/ros2_ws2/build/tut_interface': CMAKE_PREFIX_PATH=/opt/ros/foxy /usr/bin/cmake --install /home/user/ros2_ws2/build/tut_interface
[4.890s] -- Install configuration: ""
[4.891s] -- Installing: /home/user/ros2_ws2/install/tut_interface/share/ament_index/resource_index/rosidl_interfaces/tut_interface
[4.891s] -- Installing: /home/user/ros2_ws2/install/tut_interface/include/tut_interface
[4.891s] -- Installing: /home/user/ros2_ws2/install/tut_interface/include/tut_interface/srv
[4.891s] -- Installing: /home/user/ros2_ws2/install/tut_interface/include/tut_interface/srv/detail
[4.891s] -- Installing: /home/user/ros2_ws2/install/tut_interface/include/tut_interface/srv/detail/add_three_ints__functions.c
[4.891s] -- Installing: /home/user/ros2_ws2/install/tut_interface/include/tut_interface/srv/detail/add_three_ints__struct.h
[4.891s] -- Installing: /home/user/ros2_ws2/install/tut_interface/include/tut_interface/srv/detail/add_three_ints__functions.h
[4.892s] -- Installing: /home/user/ros2_ws2/install/tut_interface/include/tut_interface/srv/detail/add_three_ints__type_support.h
[4.892s] -- Installing: /home/user/ros2_ws2/install/tut_interface/include/tut_interface/srv/add_three_ints.h
[4.892s] -- Installing: /home/user/ros2_ws2/install/tut_interface/include/tut_interface/msg
[4.892s] -- Installing: /home/user/ros2_ws2/install/tut_interface/include/tut_interface/msg/detail
[4.892s] -- Installing: /home/user/ros2_ws2/install/tut_interface/include/tut_interface/msg/detail/sphere__functions.h
[4.892s] -- Installing: /home/user/ros2_ws2/install/tut_interface/include/tut_interface/msg/detail/sphere__struct.h
[4.892s] -- Installing: /home/user/ros2_ws2/install/tut_interface/include/tut_interface/msg/detail/num__functions.c
[4.892s] -- Installing: /home/user/ros2_ws2/install/tut_interface/include/tut_interface/msg/detail/num__struct.h
[4.893s] -- Installing: /home/user/ros2_ws2/install/tut_interface/include/tut_interface/msg/detail/sphere__type_support.h
[4.893s] -- Installing: /home/user/ros2_ws2/install/tut_interface/include/tut_interface/msg/detail/sphere__functions.c
[4.893s] -- Installing: /home/user/ros2_ws2/install/tut_interface/include/tut_interface/msg/detail/num__functions.h
[4.893s] -- Installing: /home/user/ros2_ws2/install/tut_interface/include/tut_interface/msg/detail/num__type_support.h
[4.893s] -- Installing: /home/user/ros2_ws2/install/tut_interface/include/tut_interface/msg/num.h
[4.893s] -- Installing: /home/user/ros2_ws2/install/tut_interface/include/tut_interface/msg/sphere.h
[4.893s] -- Installing: /home/user/ros2_ws2/install/tut_interface/include/tut_interface/msg/rosidl_generator_c__visibility_control.h
[4.893s] -- Installing: /home/user/ros2_ws2/install/tut_interface/share/tut_interface/environment/library_path.sh
[4.893s] -- Installing: /home/user/ros2_ws2/install/tut_interface/share/tut_interface/environment/library_path.dsv
[4.894s] -- Installing: /home/user/ros2_ws2/install/tut_interface/lib/libtut_interface__rosidl_generator_c.so
[4.894s] -- Set runtime path of "/home/user/ros2_ws2/install/tut_interface/lib/libtut_interface__rosidl_generator_c.so" to ""
[4.894s] -- Up-to-date: /home/user/ros2_ws2/install/tut_interface/include/tut_interface
[4.894s] -- Up-to-date: /home/user/ros2_ws2/install/tut_interface/include/tut_interface/srv
[4.894s] -- Up-to-date: /home/user/ros2_ws2/install/tut_interface/include/tut_interface/srv/detail
[4.894s] -- Installing: /home/user/ros2_ws2/install/tut_interface/include/tut_interface/srv/detail/add_three_ints__rosidl_typesupport_fastrtps_c.h
[4.894s] -- Up-to-date: /home/user/ros2_ws2/install/tut_interface/include/tut_interface/msg
[4.894s] -- Up-to-date: /home/user/ros2_ws2/install/tut_interface/include/tut_interface/msg/detail
[4.895s] -- Installing: /home/user/ros2_ws2/install/tut_interface/include/tut_interface/msg/detail/num__rosidl_typesupport_fastrtps_c.h
[4.895s] -- Installing: /home/user/ros2_ws2/install/tut_interface/include/tut_interface/msg/detail/sphere__rosidl_typesupport_fastrtps_c.h
[4.895s] -- Installing: /home/user/ros2_ws2/install/tut_interface/include/tut_interface/msg/rosidl_typesupport_fastrtps_c__visibility_control.h
[4.895s] -- Installing: /home/user/ros2_ws2/install/tut_interface/lib/libtut_interface__rosidl_typesupport_fastrtps_c.so
[4.895s] -- Set runtime path of "/home/user/ros2_ws2/install/tut_interface/lib/libtut_interface__rosidl_typesupport_fastrtps_c.so" to ""
[4.895s] -- Up-to-date: /home/user/ros2_ws2/install/tut_interface/include/tut_interface
[4.896s] -- Up-to-date: /home/user/ros2_ws2/install/tut_interface/include/tut_interface/srv
[4.896s] -- Up-to-date: /home/user/ros2_ws2/install/tut_interface/include/tut_interface/srv/detail
[4.896s] -- Installing: /home/user/ros2_ws2/install/tut_interface/include/tut_interface/srv/detail/dds_fastrtps
[4.896s] -- Installing: /home/user/ros2_ws2/install/tut_interface/include/tut_interface/srv/detail/add_three_ints__rosidl_typesupport_fastrtps_cpp.hpp
[4.896s] -- Up-to-date: /home/user/ros2_ws2/install/tut_interface/include/tut_interface/msg
[4.896s] -- Up-to-date: /home/user/ros2_ws2/install/tut_interface/include/tut_interface/msg/detail
[4.896s] -- Installing: /home/user/ros2_ws2/install/tut_interface/include/tut_interface/msg/detail/num__rosidl_typesupport_fastrtps_cpp.hpp
[4.896s] -- Installing: /home/user/ros2_ws2/install/tut_interface/include/tut_interface/msg/detail/dds_fastrtps
[4.896s] -- Installing: /home/user/ros2_ws2/install/tut_interface/include/tut_interface/msg/detail/sphere__rosidl_typesupport_fastrtps_cpp.hpp
[4.897s] -- Installing: /home/user/ros2_ws2/install/tut_interface/include/tut_interface/msg/rosidl_typesupport_fastrtps_cpp__visibility_control.h
[4.897s] -- Installing: /home/user/ros2_ws2/install/tut_interface/lib/libtut_interface__rosidl_typesupport_fastrtps_cpp.so
[4.897s] -- Set runtime path of "/home/user/ros2_ws2/install/tut_interface/lib/libtut_interface__rosidl_typesupport_fastrtps_cpp.so" to ""
[4.897s] -- Up-to-date: /home/user/ros2_ws2/install/tut_interface/include/tut_interface
[4.897s] -- Up-to-date: /home/user/ros2_ws2/install/tut_interface/include/tut_interface/srv
[4.897s] -- Up-to-date: /home/user/ros2_ws2/install/tut_interface/include/tut_interface/srv/detail
[4.897s] -- Installing: /home/user/ros2_ws2/install/tut_interface/include/tut_interface/srv/detail/add_three_ints__type_support.c
[4.898s] -- Installing: /home/user/ros2_ws2/install/tut_interface/include/tut_interface/srv/detail/add_three_ints__rosidl_typesupport_introspection_c.h
[4.898s] -- Up-to-date: /home/user/ros2_ws2/install/tut_interface/include/tut_interface/msg
[4.898s] -- Up-to-date: /home/user/ros2_ws2/install/tut_interface/include/tut_interface/msg/detail
[4.898s] -- Installing: /home/user/ros2_ws2/install/tut_interface/include/tut_interface/msg/detail/sphere__type_support.c
[4.898s] -- Installing: /home/user/ros2_ws2/install/tut_interface/include/tut_interface/msg/detail/sphere__rosidl_typesupport_introspection_c.h
[4.898s] -- Installing: /home/user/ros2_ws2/install/tut_interface/include/tut_interface/msg/detail/num__type_support.c
[4.898s] -- Installing: /home/user/ros2_ws2/install/tut_interface/include/tut_interface/msg/detail/num__rosidl_typesupport_introspection_c.h
[4.898s] -- Installing: /home/user/ros2_ws2/install/tut_interface/include/tut_interface/msg/rosidl_typesupport_introspection_c__visibility_control.h
[4.898s] -- Installing: /home/user/ros2_ws2/install/tut_interface/lib/libtut_interface__rosidl_typesupport_introspection_c.so
[4.898s] -- Set runtime path of "/home/user/ros2_ws2/install/tut_interface/lib/libtut_interface__rosidl_typesupport_introspection_c.so" to ""
[4.899s] -- Installing: /home/user/ros2_ws2/install/tut_interface/lib/libtut_interface__rosidl_typesupport_c.so
[4.899s] -- Set runtime path of "/home/user/ros2_ws2/install/tut_interface/lib/libtut_interface__rosidl_typesupport_c.so" to ""
[4.899s] -- Up-to-date: /home/user/ros2_ws2/install/tut_interface/include/tut_interface
[4.899s] -- Up-to-date: /home/user/ros2_ws2/install/tut_interface/include/tut_interface/srv
[4.899s] -- Up-to-date: /home/user/ros2_ws2/install/tut_interface/include/tut_interface/srv/detail
[4.899s] -- Installing: /home/user/ros2_ws2/install/tut_interface/include/tut_interface/srv/detail/add_three_ints__struct.hpp
[4.899s] -- Installing: /home/user/ros2_ws2/install/tut_interface/include/tut_interface/srv/detail/add_three_ints__builder.hpp
[4.899s] -- Installing: /home/user/ros2_ws2/install/tut_interface/include/tut_interface/srv/detail/add_three_ints__type_support.hpp
[4.899s] -- Installing: /home/user/ros2_ws2/install/tut_interface/include/tut_interface/srv/detail/add_three_ints__traits.hpp
[4.900s] -- Installing: /home/user/ros2_ws2/install/tut_interface/include/tut_interface/srv/add_three_ints.hpp
[4.900s] -- Up-to-date: /home/user/ros2_ws2/install/tut_interface/include/tut_interface/msg
[4.900s] -- Up-to-date: /home/user/ros2_ws2/install/tut_interface/include/tut_interface/msg/detail
[4.900s] -- Installing: /home/user/ros2_ws2/install/tut_interface/include/tut_interface/msg/detail/sphere__traits.hpp
[4.900s] -- Installing: /home/user/ros2_ws2/install/tut_interface/include/tut_interface/msg/detail/num__type_support.hpp
[4.900s] -- Installing: /home/user/ros2_ws2/install/tut_interface/include/tut_interface/msg/detail/sphere__builder.hpp
[4.900s] -- Installing: /home/user/ros2_ws2/install/tut_interface/include/tut_interface/msg/detail/sphere__type_support.hpp
[4.900s] -- Installing: /home/user/ros2_ws2/install/tut_interface/include/tut_interface/msg/detail/num__traits.hpp
[4.900s] -- Installing: /home/user/ros2_ws2/install/tut_interface/include/tut_interface/msg/detail/num__struct.hpp
[4.900s] -- Installing: /home/user/ros2_ws2/install/tut_interface/include/tut_interface/msg/detail/sphere__struct.hpp
[4.900s] -- Installing: /home/user/ros2_ws2/install/tut_interface/include/tut_interface/msg/detail/num__builder.hpp
[4.900s] -- Installing: /home/user/ros2_ws2/install/tut_interface/include/tut_interface/msg/rosidl_generator_cpp__visibility_control.hpp
[4.901s] -- Installing: /home/user/ros2_ws2/install/tut_interface/include/tut_interface/msg/num.hpp
[4.901s] -- Installing: /home/user/ros2_ws2/install/tut_interface/include/tut_interface/msg/sphere.hpp
[4.901s] -- Up-to-date: /home/user/ros2_ws2/install/tut_interface/include/tut_interface
[4.901s] -- Up-to-date: /home/user/ros2_ws2/install/tut_interface/include/tut_interface/srv
[4.901s] -- Up-to-date: /home/user/ros2_ws2/install/tut_interface/include/tut_interface/srv/detail
[4.901s] -- Installing: /home/user/ros2_ws2/install/tut_interface/include/tut_interface/srv/detail/add_three_ints__type_support.cpp
[4.901s] -- Installing: /home/user/ros2_ws2/install/tut_interface/include/tut_interface/srv/detail/add_three_ints__rosidl_typesupport_introspection_cpp.hpp
[4.901s] -- Up-to-date: /home/user/ros2_ws2/install/tut_interface/include/tut_interface/msg
[4.901s] -- Up-to-date: /home/user/ros2_ws2/install/tut_interface/include/tut_interface/msg/detail
[4.901s] -- Installing: /home/user/ros2_ws2/install/tut_interface/include/tut_interface/msg/detail/num__rosidl_typesupport_introspection_cpp.hpp
[4.901s] -- Installing: /home/user/ros2_ws2/install/tut_interface/include/tut_interface/msg/detail/num__type_support.cpp
[4.901s] -- Installing: /home/user/ros2_ws2/install/tut_interface/include/tut_interface/msg/detail/sphere__rosidl_typesupport_introspection_cpp.hpp
[4.901s] -- Installing: /home/user/ros2_ws2/install/tut_interface/include/tut_interface/msg/detail/sphere__type_support.cpp
[4.901s] -- Installing: /home/user/ros2_ws2/install/tut_interface/lib/libtut_interface__rosidl_typesupport_introspection_cpp.so
[4.901s] -- Set runtime path of "/home/user/ros2_ws2/install/tut_interface/lib/libtut_interface__rosidl_typesupport_introspection_cpp.so" to ""
[4.901s] -- Installing: /home/user/ros2_ws2/install/tut_interface/lib/libtut_interface__rosidl_typesupport_cpp.so
[4.901s] -- Set runtime path of "/home/user/ros2_ws2/install/tut_interface/lib/libtut_interface__rosidl_typesupport_cpp.so" to ""
[4.901s] -- Installing: /home/user/ros2_ws2/install/tut_interface/share/tut_interface/environment/pythonpath.sh
[4.901s] -- Installing: /home/user/ros2_ws2/install/tut_interface/share/tut_interface/environment/pythonpath.dsv
[4.901s] -- Installing: /home/user/ros2_ws2/install/tut_interface/lib/python3.8/site-packages/tut_interface/__init__.py
[4.926s] Compiling '/home/user/ros2_ws2/install/tut_interface/lib/python3.8/site-packages/tut_interface/__init__.py'...
[4.929s] -- Installing: /home/user/ros2_ws2/install/tut_interface/lib/python3.8/site-packages/tut_interface/msg
[4.930s] -- Installing: /home/user/ros2_ws2/install/tut_interface/lib/python3.8/site-packages/tut_interface/msg/_num_s.c
[4.930s] -- Installing: /home/user/ros2_ws2/install/tut_interface/lib/python3.8/site-packages/tut_interface/msg/__init__.py
[4.930s] -- Installing: /home/user/ros2_ws2/install/tut_interface/lib/python3.8/site-packages/tut_interface/msg/_num.py
[4.930s] -- Installing: /home/user/ros2_ws2/install/tut_interface/lib/python3.8/site-packages/tut_interface/msg/_sphere_s.c
[4.930s] -- Installing: /home/user/ros2_ws2/install/tut_interface/lib/python3.8/site-packages/tut_interface/msg/_sphere.py
[4.930s] -- Installing: /home/user/ros2_ws2/install/tut_interface/lib/python3.8/site-packages/tut_interface/srv
[4.930s] -- Installing: /home/user/ros2_ws2/install/tut_interface/lib/python3.8/site-packages/tut_interface/srv/__init__.py
[4.931s] -- Installing: /home/user/ros2_ws2/install/tut_interface/lib/python3.8/site-packages/tut_interface/srv/_add_three_ints.py
[4.931s] -- Installing: /home/user/ros2_ws2/install/tut_interface/lib/python3.8/site-packages/tut_interface/srv/_add_three_ints_s.c
[4.931s] -- Installing: /home/user/ros2_ws2/install/tut_interface/lib/python3.8/site-packages/tut_interface/tut_interface_s__rosidl_typesupport_fastrtps_c.cpython-38-x86_64-linux-gnu.so
[4.932s] -- Set runtime path of "/home/user/ros2_ws2/install/tut_interface/lib/python3.8/site-packages/tut_interface/tut_interface_s__rosidl_typesupport_fastrtps_c.cpython-38-x86_64-linux-gnu.so" to ""
[4.933s] -- Installing: /home/user/ros2_ws2/install/tut_interface/lib/python3.8/site-packages/tut_interface/tut_interface_s__rosidl_typesupport_introspection_c.cpython-38-x86_64-linux-gnu.so
[4.934s] -- Set runtime path of "/home/user/ros2_ws2/install/tut_interface/lib/python3.8/site-packages/tut_interface/tut_interface_s__rosidl_typesupport_introspection_c.cpython-38-x86_64-linux-gnu.so" to ""
[4.934s] -- Installing: /home/user/ros2_ws2/install/tut_interface/lib/python3.8/site-packages/tut_interface/tut_interface_s__rosidl_typesupport_c.cpython-38-x86_64-linux-gnu.so
[4.935s] -- Set runtime path of "/home/user/ros2_ws2/install/tut_interface/lib/python3.8/site-packages/tut_interface/tut_interface_s__rosidl_typesupport_c.cpython-38-x86_64-linux-gnu.so" to ""
[4.935s] -- Installing: /home/user/ros2_ws2/install/tut_interface/lib/libtut_interface__python.so
[4.936s] -- Set runtime path of "/home/user/ros2_ws2/install/tut_interface/lib/libtut_interface__python.so" to ""
[4.936s] -- Installing: /home/user/ros2_ws2/install/tut_interface/share/tut_interface/msg/Num.idl
[4.936s] -- Installing: /home/user/ros2_ws2/install/tut_interface/share/tut_interface/msg/Sphere.idl
[4.937s] -- Installing: /home/user/ros2_ws2/install/tut_interface/share/tut_interface/srv/AddThreeInts.idl
[4.937s] -- Installing: /home/user/ros2_ws2/install/tut_interface/share/tut_interface/msg/Num.msg
[4.937s] -- Installing: /home/user/ros2_ws2/install/tut_interface/share/tut_interface/msg/Sphere.msg
[4.937s] -- Installing: /home/user/ros2_ws2/install/tut_interface/share/tut_interface/srv/AddThreeInts.srv
[4.937s] -- Installing: /home/user/ros2_ws2/install/tut_interface/share/tut_interface/srv/AddThreeInts_Request.msg
[4.938s] -- Installing: /home/user/ros2_ws2/install/tut_interface/share/tut_interface/srv/AddThreeInts_Response.msg
[4.938s] -- Installing: /home/user/ros2_ws2/install/tut_interface/share/ament_index/resource_index/package_run_dependencies/tut_interface
[4.938s] -- Installing: /home/user/ros2_ws2/install/tut_interface/share/ament_index/resource_index/parent_prefix_path/tut_interface
[4.939s] -- Installing: /home/user/ros2_ws2/install/tut_interface/share/tut_interface/environment/ament_prefix_path.sh
[4.939s] -- Installing: /home/user/ros2_ws2/install/tut_interface/share/tut_interface/environment/ament_prefix_path.dsv
[4.939s] -- Installing: /home/user/ros2_ws2/install/tut_interface/share/tut_interface/environment/path.sh
[4.939s] -- Installing: /home/user/ros2_ws2/install/tut_interface/share/tut_interface/environment/path.dsv
[4.940s] -- Installing: /home/user/ros2_ws2/install/tut_interface/share/tut_interface/local_setup.bash
[4.940s] -- Installing: /home/user/ros2_ws2/install/tut_interface/share/tut_interface/local_setup.sh
[4.940s] -- Installing: /home/user/ros2_ws2/install/tut_interface/share/tut_interface/local_setup.zsh
[4.940s] -- Installing: /home/user/ros2_ws2/install/tut_interface/share/tut_interface/local_setup.dsv
[4.940s] -- Installing: /home/user/ros2_ws2/install/tut_interface/share/tut_interface/package.dsv
[4.941s] -- Installing: /home/user/ros2_ws2/install/tut_interface/share/ament_index/resource_index/packages/tut_interface
[4.941s] -- Installing: /home/user/ros2_ws2/install/tut_interface/share/tut_interface/cmake/tut_interface__rosidl_generator_cExport.cmake
[4.941s] -- Installing: /home/user/ros2_ws2/install/tut_interface/share/tut_interface/cmake/tut_interface__rosidl_generator_cExport-noconfig.cmake
[4.941s] -- Installing: /home/user/ros2_ws2/install/tut_interface/share/tut_interface/cmake/tut_interface__rosidl_typesupport_introspection_cExport.cmake
[4.941s] -- Installing: /home/user/ros2_ws2/install/tut_interface/share/tut_interface/cmake/tut_interface__rosidl_typesupport_introspection_cExport-noconfig.cmake
[4.941s] -- Installing: /home/user/ros2_ws2/install/tut_interface/share/tut_interface/cmake/tut_interface__rosidl_typesupport_cExport.cmake
[4.941s] -- Installing: /home/user/ros2_ws2/install/tut_interface/share/tut_interface/cmake/tut_interface__rosidl_typesupport_cExport-noconfig.cmake
[4.942s] -- Installing: /home/user/ros2_ws2/install/tut_interface/share/tut_interface/cmake/tut_interface__rosidl_generator_cppExport.cmake
[4.942s] -- Installing: /home/user/ros2_ws2/install/tut_interface/share/tut_interface/cmake/tut_interface__rosidl_typesupport_introspection_cppExport.cmake
[4.942s] -- Installing: /home/user/ros2_ws2/install/tut_interface/share/tut_interface/cmake/tut_interface__rosidl_typesupport_introspection_cppExport-noconfig.cmake
[4.942s] -- Installing: /home/user/ros2_ws2/install/tut_interface/share/tut_interface/cmake/tut_interface__rosidl_typesupport_cppExport.cmake
[4.942s] -- Installing: /home/user/ros2_ws2/install/tut_interface/share/tut_interface/cmake/tut_interface__rosidl_typesupport_cppExport-noconfig.cmake
[4.942s] -- Installing: /home/user/ros2_ws2/install/tut_interface/share/tut_interface/cmake/rosidl_cmake-extras.cmake
[4.942s] -- Installing: /home/user/ros2_ws2/install/tut_interface/share/tut_interface/cmake/ament_cmake_export_dependencies-extras.cmake
[4.943s] -- Installing: /home/user/ros2_ws2/install/tut_interface/share/tut_interface/cmake/ament_cmake_export_libraries-extras.cmake
[4.943s] -- Installing: /home/user/ros2_ws2/install/tut_interface/share/tut_interface/cmake/ament_cmake_export_targets-extras.cmake
[4.943s] -- Installing: /home/user/ros2_ws2/install/tut_interface/share/tut_interface/cmake/ament_cmake_export_include_directories-extras.cmake
[4.943s] -- Installing: /home/user/ros2_ws2/install/tut_interface/share/tut_interface/cmake/rosidl_cmake_export_typesupport_libraries-extras.cmake
[4.943s] -- Installing: /home/user/ros2_ws2/install/tut_interface/share/tut_interface/cmake/rosidl_cmake_export_typesupport_targets-extras.cmake
[4.943s] -- Installing: /home/user/ros2_ws2/install/tut_interface/share/tut_interface/cmake/tut_interfaceConfig.cmake
[4.943s] -- Installing: /home/user/ros2_ws2/install/tut_interface/share/tut_interface/cmake/tut_interfaceConfig-version.cmake
[4.944s] -- Installing: /home/user/ros2_ws2/install/tut_interface/share/tut_interface/package.xml
[4.945s] Invoked command in '/home/user/ros2_ws2/build/tut_interface' returned '0': CMAKE_PREFIX_PATH=/opt/ros/foxy /usr/bin/cmake --install /home/user/ros2_ws2/build/tut_interface
