running egg_info
creating ../../build/ser_cli/ser_cli.egg-info
writing ../../build/ser_cli/ser_cli.egg-info/PKG-INFO
writing dependency_links to ../../build/ser_cli/ser_cli.egg-info/dependency_links.txt
writing entry points to ../../build/ser_cli/ser_cli.egg-info/entry_points.txt
writing requirements to ../../build/ser_cli/ser_cli.egg-info/requires.txt
writing top-level names to ../../build/ser_cli/ser_cli.egg-info/top_level.txt
writing manifest file '../../build/ser_cli/ser_cli.egg-info/SOURCES.txt'
reading manifest file '../../build/ser_cli/ser_cli.egg-info/SOURCES.txt'
writing manifest file '../../build/ser_cli/ser_cli.egg-info/SOURCES.txt'
running build
running build_py
creating /home/user/ros2_ws2/build/ser_cli/build
creating /home/user/ros2_ws2/build/ser_cli/build/lib
creating /home/user/ros2_ws2/build/ser_cli/build/lib/ser_cli
copying ser_cli/client.py -> /home/user/ros2_ws2/build/ser_cli/build/lib/ser_cli
copying ser_cli/__init__.py -> /home/user/ros2_ws2/build/ser_cli/build/lib/ser_cli
copying ser_cli/service.py -> /home/user/ros2_ws2/build/ser_cli/build/lib/ser_cli
running install
running install_lib
creating /home/user/ros2_ws2/install/ser_cli/lib/python3.8/site-packages/ser_cli
copying /home/user/ros2_ws2/build/ser_cli/build/lib/ser_cli/client.py -> /home/user/ros2_ws2/install/ser_cli/lib/python3.8/site-packages/ser_cli
copying /home/user/ros2_ws2/build/ser_cli/build/lib/ser_cli/__init__.py -> /home/user/ros2_ws2/install/ser_cli/lib/python3.8/site-packages/ser_cli
copying /home/user/ros2_ws2/build/ser_cli/build/lib/ser_cli/service.py -> /home/user/ros2_ws2/install/ser_cli/lib/python3.8/site-packages/ser_cli
byte-compiling /home/user/ros2_ws2/install/ser_cli/lib/python3.8/site-packages/ser_cli/client.py to client.cpython-38.pyc
byte-compiling /home/user/ros2_ws2/install/ser_cli/lib/python3.8/site-packages/ser_cli/__init__.py to __init__.cpython-38.pyc
byte-compiling /home/user/ros2_ws2/install/ser_cli/lib/python3.8/site-packages/ser_cli/service.py to service.cpython-38.pyc
running install_data
creating /home/user/ros2_ws2/install/ser_cli/share/ament_index
creating /home/user/ros2_ws2/install/ser_cli/share/ament_index/resource_index
creating /home/user/ros2_ws2/install/ser_cli/share/ament_index/resource_index/packages
copying resource/ser_cli -> /home/user/ros2_ws2/install/ser_cli/share/ament_index/resource_index/packages
copying package.xml -> /home/user/ros2_ws2/install/ser_cli/share/ser_cli
running install_egg_info
Copying ../../build/ser_cli/ser_cli.egg-info to /home/user/ros2_ws2/install/ser_cli/lib/python3.8/site-packages/ser_cli-0.0.0-py3.8.egg-info
running install_scripts
Installing client script to /home/user/ros2_ws2/install/ser_cli/lib/ser_cli
Installing service script to /home/user/ros2_ws2/install/ser_cli/lib/ser_cli
writing list of installed files to '/home/user/ros2_ws2/build/ser_cli/install.log'
