[0.736s] Invoking command in '/home/user/ros2_ws2/src/ser_cli': AMENT_PREFIX_PATH=/home/user/ros2_ws2/install/tut_interface CMAKE_PREFIX_PATH=/home/user/ros2_ws2/install/tut_interface LD_LIBRARY_PATH=/home/user/ros2_ws2/install/tut_interface/lib PYTHONPATH=/home/user/ros2_ws2/build/ser_cli/prefix_override:/home/user/ros2_ws2/install/ser_cli/lib/python3.8/site-packages:/home/user/ros2_ws2/install/tut_interface/lib/python3.8/site-packages /usr/bin/python3 setup.py egg_info --egg-base ../../build/ser_cli build --build-base /home/user/ros2_ws2/build/ser_cli/build install --record /home/user/ros2_ws2/build/ser_cli/install.log --install-scripts $base/lib/ser_cli --single-version-externally-managed
[0.868s] running egg_info
[0.868s] creating ../../build/ser_cli/ser_cli.egg-info
[0.869s] writing ../../build/ser_cli/ser_cli.egg-info/PKG-INFO
[0.869s] writing dependency_links to ../../build/ser_cli/ser_cli.egg-info/dependency_links.txt
[0.869s] writing entry points to ../../build/ser_cli/ser_cli.egg-info/entry_points.txt
[0.869s] writing requirements to ../../build/ser_cli/ser_cli.egg-info/requires.txt
[0.869s] writing top-level names to ../../build/ser_cli/ser_cli.egg-info/top_level.txt
[0.870s] writing manifest file '../../build/ser_cli/ser_cli.egg-info/SOURCES.txt'
[0.898s] reading manifest file '../../build/ser_cli/ser_cli.egg-info/SOURCES.txt'
[0.898s] writing manifest file '../../build/ser_cli/ser_cli.egg-info/SOURCES.txt'
[0.898s] running build
[0.898s] running build_py
[0.898s] creating /home/user/ros2_ws2/build/ser_cli/build
[0.898s] creating /home/user/ros2_ws2/build/ser_cli/build/lib
[0.899s] creating /home/user/ros2_ws2/build/ser_cli/build/lib/ser_cli
[0.899s] copying ser_cli/client.py -> /home/user/ros2_ws2/build/ser_cli/build/lib/ser_cli
[0.899s] copying ser_cli/__init__.py -> /home/user/ros2_ws2/build/ser_cli/build/lib/ser_cli
[0.899s] copying ser_cli/service.py -> /home/user/ros2_ws2/build/ser_cli/build/lib/ser_cli
[0.899s] running install
[0.899s] running install_lib
[0.899s] creating /home/user/ros2_ws2/install/ser_cli/lib/python3.8/site-packages/ser_cli
[0.900s] copying /home/user/ros2_ws2/build/ser_cli/build/lib/ser_cli/client.py -> /home/user/ros2_ws2/install/ser_cli/lib/python3.8/site-packages/ser_cli
[0.900s] copying /home/user/ros2_ws2/build/ser_cli/build/lib/ser_cli/__init__.py -> /home/user/ros2_ws2/install/ser_cli/lib/python3.8/site-packages/ser_cli
[0.900s] copying /home/user/ros2_ws2/build/ser_cli/build/lib/ser_cli/service.py -> /home/user/ros2_ws2/install/ser_cli/lib/python3.8/site-packages/ser_cli
[0.900s] byte-compiling /home/user/ros2_ws2/install/ser_cli/lib/python3.8/site-packages/ser_cli/client.py to client.cpython-38.pyc
[0.901s] byte-compiling /home/user/ros2_ws2/install/ser_cli/lib/python3.8/site-packages/ser_cli/__init__.py to __init__.cpython-38.pyc
[0.901s] byte-compiling /home/user/ros2_ws2/install/ser_cli/lib/python3.8/site-packages/ser_cli/service.py to service.cpython-38.pyc
[0.901s] running install_data
[0.902s] creating /home/user/ros2_ws2/install/ser_cli/share/ament_index
[0.902s] creating /home/user/ros2_ws2/install/ser_cli/share/ament_index/resource_index
[0.902s] creating /home/user/ros2_ws2/install/ser_cli/share/ament_index/resource_index/packages
[0.902s] copying resource/ser_cli -> /home/user/ros2_ws2/install/ser_cli/share/ament_index/resource_index/packages
[0.902s] copying package.xml -> /home/user/ros2_ws2/install/ser_cli/share/ser_cli
[0.902s] running install_egg_info
[0.903s] Copying ../../build/ser_cli/ser_cli.egg-info to /home/user/ros2_ws2/install/ser_cli/lib/python3.8/site-packages/ser_cli-0.0.0-py3.8.egg-info
[0.904s] running install_scripts
[0.917s] Installing client script to /home/user/ros2_ws2/install/ser_cli/lib/ser_cli
[0.917s] Installing service script to /home/user/ros2_ws2/install/ser_cli/lib/ser_cli
[0.917s] writing list of installed files to '/home/user/ros2_ws2/build/ser_cli/install.log'
[0.992s] Invoked command in '/home/user/ros2_ws2/src/ser_cli' returned '0': AMENT_PREFIX_PATH=/home/user/ros2_ws2/install/tut_interface CMAKE_PREFIX_PATH=/home/user/ros2_ws2/install/tut_interface LD_LIBRARY_PATH=/home/user/ros2_ws2/install/tut_interface/lib PYTHONPATH=/home/user/ros2_ws2/build/ser_cli/prefix_override:/home/user/ros2_ws2/install/ser_cli/lib/python3.8/site-packages:/home/user/ros2_ws2/install/tut_interface/lib/python3.8/site-packages /usr/bin/python3 setup.py egg_info --egg-base ../../build/ser_cli build --build-base /home/user/ros2_ws2/build/ser_cli/build install --record /home/user/ros2_ws2/build/ser_cli/install.log --install-scripts $base/lib/ser_cli --single-version-externally-managed
